0
1000000
1000000
2000000
0
-1000000
1000000
0
186549
680759
-337321
-62675
877319
-205238
312416
-98952
1008255
-330890
663276
-764653
1284029
74341
1199946
857385
544451
746822
372153
-631430
-226068
128220
924827
221982
1423956
646772
-323367
1431667
239595
514325
748624
437771
233362
-188082
1596949
-359275
302673
-401156
-546303
1465667
748538
-145120
1140161
1488003
280520
-541728
1480065
-128041
292390
715494
697910
271289
1075860
1713064
-172378
1110237
-74734
1363331
89351
623560
1001729
858774
1468508
755581
-144963
234646
1302608
-130020
1057084
356621
89226
905126
1658275
-128794
1410266
570288
861943
1031853
552204
757023
1366468
545888
1245159
287135
1813517
-134640
544566
-130356
1136784
461163
758805
1326548
