Case #1: 1264.9865910557628 1713.274122871835 0.293944048392354
Case #2: 9.106873312703101E-5 1.5704821989423475E8
Case #3: 1.1892252012987071E8 1.6924993844351187E8 5.762207977327814E8 1.7140189146613978E7
Case #4: 2.0122099857861474E7 1.1321133350516355E8
Case #5: 4.306509396194318E7 9010473.858284134 2.670163390891387E8 267323.64638847986
Case #6: 2.0396979537017787E8 2.6516487284997936E7
Case #7: 4.9265948233684814E8 1.1286495788732788E8 3.307494695529416E8 3.0554912615829813E8
Case #8: 4.009954576591675E7 2.3652812621528596E8 8.705695022423011E7 5.244660322303966E7 2.177451947594088E7
Case #9: 3.955662584757953E7 4.128912017926652E8 2.800495051181085E8 7524270.527648825 5.2130973354725015E8 4304829.434636891
Case #10: 1.354035340329914E8 4.5919811276322976E7 495950.9808850032
Case #11: 6.040738552330311E7 1660974.6997650454
Case #12: 5.372340246190244E7 1101613.239068068 8.778831535893634E7
Case #13: 2.276734738979137E8 6.064300648294775E7 1.426356867781418E8 5.26552873336102E7 1097125.5951231718 2.0454535915901884E7
Case #14: 2.0747327910835043E8 2.4471963987787923E8
Case #15: 7.350942262050402E7 1.3500043714458436E7 1.2371200729600659E7 2394225.0122616435 1.6244663358701661E7
Case #16: 1.6779689973684448E8 3.878016751341839E7 4400190.910271269 1.350075141402613E8 66155.29816734162 1.5993176776237684E8 5.303924711344196E7 2315555.346450247
Case #17: 4.598305265703261E7 7.224612513312287E8 5.913641818137674E8 2.641439428075302E7 3.3150050356979096E8 3.7708361552489184E7 8269559.466797815 1.7579382715527084E8 8.848600457515565E7
Case #18: 2.2741277271162456E8 1.1740885679772988E8 2.645925462973054E7
Case #19: 959289.469104912 41741.24940787768
Case #20: 3.319717995215772E8 5.242239904167813E7
Case #21: 1.6729960190918836E8 9.207423321485E8
Case #22: 5.330866944501917E7 3551.165732410387
Case #23: 1.899799555167613E8 3.016494114205991E8 4.8753245172908075E7 5.807290866326959E7 5.866917347604406E8 3.5276417904166114E8 2.760994949938254E8 1.1389651361924624E8
Case #24: 4.5592390158367366E8 1351018.9225740107 4.5089414074943864E8 4.019072039166354E8 5.411297022487695E8 2.3551790039764577E8 7625712.0451990925 3.287942432268219E7 6.21487196414885E8 4.1536554749410546E8
Case #25: 9091189.025919724 1.3458926294823843E8 4.619062131826498E7 1.433392139251895E7 1.3329870056841463E8 7.986996980897349E7
Case #26: 6.956062211972684E8 1.5238375293675417E8 4.6836791023042664E7 2.9484051378754884E8 1.4732624886026758E8 5.730003020576928E8
Case #27: 3.559759435867695E8 5177411.703119665 2.3038923188976288E8 5.35735184047994E8 6.840077552210877E8 3347801.7506738557 2.61093535230057E8
Case #28: 1.5145655569938603E8 5.4651190862489685E7
Case #29: 20221.08713532705 6061.63930964726
Case #30: 3.000693604015669E8 2.0281864038886882E7 4.989123167949377E8 6.570221808858969E8
Case #31: 4.2065834164585374E7 2.55317611350759E7 2.936925793979197E8 1.8118657727383533E8
Case #32: 4.222751081822248E7 1.787574972463993E7 1.280761133745789E7 4.434329395363044E7 3.938131476878392E7 1.3413789745172578E8 1.6968024925751093E8 2.2573292430861348E8 2.8450967059098385E7
Case #33: 7.501713639863572E7 4350384.429279644 408399.2561154654 2.7103498841949844E8 914640.9608477608 1.3146839506354075E7 6.866773704404207E7 6.3136633618770316E7
Case #34: 1.3983917247035307E8 7.103730803947823E8 1.6427621280499446E8 1.3536834637110507E8
Case #35: 5.009245849639492E8 5.664836482688046E8 1.877167151663346E8 1.0834499419859149E8 7.45767526148048E7 3.80594005425013E7 4.244786906540429E8 9.716173772648667E7 2.1110343963976118E8
Case #36: 3.739706080159855E7 4.4388213353890315E7
Case #37: 1.90743771443792E7 1.3006245826920775E8 567116.3871390721
Case #38: 3.911769052078824E7 3.3159993022517455E8 2.9924754257408522E7 9.350496216550656E7 7232174.919818874 766559.4435818424 1.359124249179935E8
Case #39: 3.720792310150604E7 5811356.05747804 1.9128329032547823E8 393275.92504066974 2307666.616851678
Case #40: 5.587470834575657E8 3.592479074153076E7
Case #41: 2.9531300222342856E7 1.5335644938974198E7 1.7062632274449937E7 9.49139044604528E7 3.909348805693337E7
Case #42: 1.9843440105933672E8 377681.514039224 9.479263486932054E7 558609.7156122131
Case #43: 2.5094636336760113E8 1.1336803298069006E7 1.6991290919269238E7 2.412430603382841E7 4.252140313346349E7 2.2508350038012895E8
Case #44: 5.3238040151678324E8 1.7414569795268717E8 3.0847790954175025E7 4.3168665956930363E8
Case #45: 2.599798982735685E8 2.6461063477057588E8 2.3063997851612338E8 8.479076010962762E7
Case #46: 1.1030699251212588E8 2.552113718804669E7 3.2763177440984633E7 7869483.246619904 3.46848234567291E7
Case #47: 3.354498912369815E8 9.491259958425122E7
Case #48: 3.661355217172921E8 2.2304518867632467E8 3.7399078928653014E8 2.087089402165323E7 3.4065118889715314E8 7000370.149302144 1.7752493464224678E8 1.1932968986490694E8 1.5260670806054318E8
Case #49: 1.9617679737569717E8 3.7095961753725797E8 2.2213402410874578E8 2.3987245813004565E8 4.994439679159416E8 1.6689839658477885E8
Case #50: 6.434115021235404E8 5.031545053145562E8 292605.1434957755
Case #51: 2.2928213186194718E8 2.5016787602393985E7 3.960646461603081E8 1.30333479797756E8 1.0695811050439432E8 5.588307904005331E7 2.5073900408638096E8 1.2344284868634644E8 9596532.40548158
Case #52: 1.8203826933787487E7 2.392677508397857E8 111836.10373397707 1.8701618514138347E8 2399606.952510673
Case #53: 1.5640011295516825E8 2.808046608671051E7 1.0553591259762564E8 1.1552167003146933E7 6.579144523570296E7 1.439119359803411E8 1.4037158902405098E8 8.559351153713238E7
Case #54: 4.363142893538043E7 2.8071176730401464E7 1.7126513134970158E8
Case #55: 1.3194221954354975E8 1.114054241210448E8 1484517.2861194583
Case #56: 1.3542120153490198E8 3.701632579621782E7 985159.6651018746
Case #57: 162082.9946466809 3.858113072611754E8
Case #58: 1.3065658865702322E8 4.427426458270276E8 7.059802008183892E7 7.129223530125396E7 1.7652289782860535E8 1.1473190747379753E8 2.689294459464743E8
Case #59: 1.4216410719562283E8 1.8235861635074332E8 7.673326216439413E7 1.0510522881837714E8 1.8949637655266517E8
Case #60: 5.963121131807387E7 1.0652291338944096E7
Case #61: 107772.20000513748 2.649542619751089E8 4.589047374699611E7 9.575204590999687E7
Case #62: 2.198607297791258E8 1.3593119740327096E8
Case #63: 9.325626964536592E7 2.1426581038971387E7 3.840453498747732E7 1.391556661282831E7 2833482.3308093767 3.712007159743917E7 2.9128442610019192E7
Case #64: 4.365452921047416E8 2.9408211942487884E8 1.223489380730128E7 1.6068019614127678E8 4.801174262059525E7 7150070.182599833 1.707302581836794E8
Case #65: 1.7601036776085562E8 3.390214702733491E8
Case #66: 230952.78000004217 0.09190094186124043 174253.65430644387 1.6103861319364434E8 5.185692334635399E7 1.8202572435498286E7 1.4296650807103155E7 2.0273598119879276E7
Case #67: 8244802.606619963 2.2451520023555186E8 6.860895980719504E7 2.2702377024333882E8 3.453418470910706E8 2.157690584847316E8 1.6317197962012044E8
Case #68: 9529740.098770343 1.0283440533792523E8 3.295408449995979E7 1.3372248312101336E8 5.101193917334608E8 4.259642136366223E8 5.462974418460236E8 5.752912192022817E7
Case #69: 1.3055679932325576E7 1.7997991712514234E8 1167814.8648337568 1.0689641998626989E8 7.427824342150721E7
Case #70: 350906.05501755513 9.30189431797125E7
Case #71: 1.7178947015980732E8 2.2026908907514015E8 2.3764345475075264E7 1.8811037705179986E8 1153957.102605246 3.8426423323592454E7 3.624447087009108E8 4.71165299665699E8 7.556523572138989E7
Case #72: 5.273996904982359E8 2.7131617270043004E8 3.8464766193847084E8 9.631205022276212E7 7.629412343203037E8 792880.9042604936 5.613061727978322E7 1.425805537994124E8 5.346814922855462E7 6.998409688903494E8
Case #73: 2.168520202557823E8 2.5850908805221964E7 5.900704865745519E7 2.5692302598935932E8 6350062.086029253 4.993534968306427E8 2054294.9007217446
Case #74: 6.249151758775297E8 1.1151514661838874E8
Case #75: 8.520550509835119E8 5.0293096800373554E8
Case #76: 2.629853209594026E8 3.538212729489491E8
Case #77: 4.48550369218122E7 2.9533009278347594E8 5.0427947299035645E8 1.6717614419862813E8 1.8174267259606534E8 2.829778318452285E8 2.755009462314909E8 1.6684482109846473E8
Case #78: 1.9334053179508112E7 3.3067424391377382E7 8.545068159084722E7 3.845699181822837E7 349751.4784935396 1.1668551561728851E8 2.2794257475033626E7 1.0067826715742797E8
Case #79: 3.874131606338556E7 1.4313818663637703E7 2.5128477333343163E7 1.5085613144571256E7 1.5318174649826902E8 1.898677241046769E7 7.805788236936751E7
Case #80: 2.2689915882887974E7 9.934542130447638E7 6.882217374901646E7 1.0337923271058795E8 2.781921588509526E7 3.7650920997493915E7
Case #81: 212572.7602391513 2.952292264490274E8 2545809.948849446
Case #82: 374.9432756443275 7.152648226471864E7 3.792874969381517E7 4.510563180292955E7 1.5569317919922661E7 2.931661095750137E7 1.3510500591316226E8
Case #83: 7.460027382563178E7 4.056329838329925E7 1.1077676205343097E8 1.3377240416939884E7 5.045562705481226E7 3.7761736713577735E8
Case #84: 1.3270061757516141E8 1.6437501613450417E8 1.1403473201241383E8 1.1150709906803036E8 2.5398673777752563E8 2.820011678206596E8 3.980619350131495E7
Case #85: 3073.7370856544003 2.5151206526495057E8 2.9415904373463616E7 1062784.8057450987 2.0687543680838823E8 5304638.5192856155 8.787439961776309E7 2.5424928480496877E8 2.281064728811302E7
Case #86: 247057.35866729007 1.2218476049275807E8 1.5612453046455178E7 7.524965878065455E7 1.2859810499632576E7 4.5103527123557866E7 7.769124647921823E7 2857328.6300243377 6794.816565372632
Case #87: 4.3467461859395966E7 9.180506378772105E7
Case #88: 1.815569848118961E7 2.103648553333099E8
Case #89: 1691892.497493269 4.9515140983062424E7
Case #90: 5.083281568632722E7 1.9144840104811024E7
Case #91: 2.1115999002519336E7 4.5762510245290184E8
Case #92: 1.925693868381376E8 1.0575637574108586E8 7.488780043637216E7 3.466139967472196E8 7.153120061975226E8 1.2330695674163252E7
Case #93: 2.835208023460725E7 1.3907534392823032E8 4.061044914769046E7 3.882267939729002E8 222016.65143433306
Case #94: 1.9310972053777122E8 7.550739508556096E7 5413702.056222089 1.9544211911700565E8 1417025.8053145092
Case #95: 6.3492121219357416E7 6.777733415010324E7 4.4336289454326296E8 3.191819117345588E8 3.609943838834392E8 2.684467001053276E8 1.6328611152924672E7 3462766.6901946007
Case #96: 2.4772621525685906E8 2.934870236990514E8
Case #97: 4.2535509178226423E8 4.187277488422372E8
Case #98: 2.5772023859789348E8 1.2094316350326215E8
Case #99: 5357649.305701976 1.529721044254683E8 2.8683151838669844E7 1.9012667510545206E8 5.542951413344614E7 5.300135922604426E7 1.2835045313647118E8 1.1131132489318486E8 4.818393297196927E8
Case #100: 643047.3106749849 1.270601110511799E7 55412.11803196813 5.433580330985956E8 2.7900168544362474E7 2.576136419220217E8 3.767507566735178E8 2.7505324761588454E8
