Case #1: 1264.98659106 1713.27412287 0.29394405
Case #2: 0.00009107 157048219.89423475
Case #3: 162363464.99744890 54569970.18966310 23659074.00174591 15779294.15501891 159936977.21904760 157370317.33048448 66088292.86441103
Case #4: 57604506.27981806 107433888.78553048
Case #5: 316210690.97972910 308637091.10815924 185708721.15693060 404548280.97084990 273547499.60643890 51297601.75370409 124445124.71461718 200341273.32006896
Case #6: 255791852.20448503 61410745.97760363 548695462.19641590 172041333.95270762 157235713.63247600 163283666.11396200 288505712.81868285
Case #7: 279865032.48858680 636498708.50839830 89286193.36543632
Case #8: 927411.42486380 120115556.83274454 225610363.59697956 66625482.00833977 117733515.30615012 114571625.47857374 121131802.12806025 155683.38322638
Case #9: 51665338.47132419 392960449.46432400 227555031.47702056 65235547.57006321 267549643.38959694 26537554.05773424
Case #10: 167420172.01476645 242062021.38827336 12108464.05447353 105870411.31570539 52597.81317336 183232561.71503955 124925873.80504745
Case #11: 4822939.15276781 180357044.72080147 19906767.59006990 31523169.23815258 80968488.58676693 255144364.11156553 7075700.07012953 77322863.49185613
Case #12: 133678448.97509894 38651286.76447960
Case #13: 12858586.75174259 439830917.63999380
Case #14: 262931929.15447450 260383956.12310165
Case #15: 74432261.37104769 95878183.73199236 104933314.04246426 175220359.01917680
Case #16: 28415208.66987376 85707861.59659107 445281760.69689380
Case #17: 169172.06154364 48235431.77014016 357272792.98763794
Case #18: 93776592.66918080 300585141.73304284 624186164.79753760 45797114.94482761 340824739.65917236 32330857.50011519 290647692.75894237
Case #19: 433189367.86092570 155204777.21944898 38375525.03221826 889774945.51316900 385087581.99379520
Case #20: 376345099.55372050 414819685.96594390 268478735.48442380 61287121.02257164 28758584.77249808 228235550.89247477 617866695.72414780 35607096.94729078 243462651.51617253
Case #21: 310219011.84031045 551360932.32853890 81577145.91964330 97198454.04678687 382910744.96706200 51702283.43751696
Case #22: 228297756.05067664 44361949.88786931
Case #23: 19720339.00256466 58023067.47325751 214330.42454182 168138377.70442040 2066262.89944235 150501701.13628545
Case #24: 48600396.56854335 204907.49881563 134990789.89769018 197694224.40688420 38112701.13853712
Case #25: 11455004.02271809 35532936.05094451 224355542.21955967 122995141.01953250 114255221.32612027
Case #26: 266328608.51599586 168270907.23186487 207382308.26824033 380731884.43306607
Case #27: 83079706.65854847 11610149.44925638
Case #28: 31629653.28197794 26847333.98031488
Case #29: 377424903.87284863 127456259.52663160 28039840.03349468
Case #30: 199633499.23541197 145722616.41206455 50030781.36698066 81921099.16630408 5540391.93647155 16262565.02261526 220635334.44501910 4783876.80923985 44078319.61087316
Case #31: 272302031.24913470 45696346.00482243 6090016.95984708 369798967.98686770 20471701.07532384
Case #32: 216901944.39965996 429062519.44166595
Case #33: 1488545.00659578 5283187.04282225 227763103.17254883 156437.29570989 76333348.64391485
Case #34: 85104360.86907810 417677540.15283070 126130801.90174098 9346722.44187306 234944.48134726 133073164.57714078 12567104.01144183 440341332.04792570 30237792.23869750 25606786.54169109
Case #35: 50863502.46631306 50233194.26586141 166774447.25343245 255524.05504891 177469098.01515400 71614924.47111250
Case #36: 638535598.13355610 603652797.80839560
Case #37: 206777014.71775490 67722529.65798603 33019003.20977665 16847707.18975884 26812845.12086972 75271872.23299420
Case #38: 296203418.79769910 350954147.66470295
Case #39: 141587424.58439603 10027559.17777817 141233783.22733790 570992330.96389030 196014826.35912997 19120061.73962492
Case #40: 1335834.62042044 16241322.20471273
Case #41: 18981658.77159429 164722054.05394750 2519512.01302213 3859.17897930
Case #42: 216981641.06368068 46514243.09257500 136972672.04998165 3712871.24718615 28356485.79253841 397044.62675706 546930832.66669950 185191939.97143626
Case #43: 33184606.80867975 132818558.23413406
Case #44: 970442621.11983060 985382699.92245100 252187844.14505777 142638083.45451918 448129834.54440450 361427679.90622926
Case #45: 67782127.10423903 93147136.78307948 43590387.02737512 87392649.90059918 54819602.84705278 57743.89801652 206251135.09954518
Case #46: 123171031.48676153 36032920.54335850 212068893.97981560 22547451.07756687 71743793.10068700
Case #47: 367351.90502639 77396089.52071830 502757.91129743 37259879.08512638
Case #48: 204388615.72740117 189475048.83869490
Case #49: 87009007.94523245 342607878.33625580 398435807.31858990 19249661.40055910 71395123.04675163 131147132.43741128 3182233.22726702 238312701.98608813
Case #50: 34006786.87906256 85950631.01660590 77387300.97258620 236845620.13146827 823168.10944648 5479580.34898054 155991351.57274090 152548401.69952816 39443773.18766463
Case #51: 27052750.63687633 182449.13598153 298996370.18535330
Case #52: 187116217.47930450 342730006.31566924 695926048.73791430 336747083.58731120 260757154.87324667 139401803.89130150 135748771.18778140
Case #53: 87957704.64832559 16777097.65413350 255914.78042543 144076163.96574730 327699465.13114560 379206602.63736100 402737919.62873244 52124367.18586107
Case #54: 810210213.78252270 222902423.95273522 525774081.13343360 173119709.62665450 372996629.61892560 568511429.82452080 12019642.34788375
Case #55: 32225498.73229390 155022874.27315240 88355488.59098539 25094461.54970423 123392790.12707198 168127468.23935091 72933837.88170263 299630642.20591086
Case #56: 214331683.85133356 633066626.51547430 136808190.74966690 701504253.39627610 205382767.12978616 104238192.81143820 424920122.16529550 106128731.87459795 5739623.85333780
Case #57: 33104305.56364233 24975494.34351879 1302182.27994212 253792066.92471778
Case #58: 27303505.98190412 11610876.64830495 2636608.86284754
Case #59: 38961439.03426424 104835101.54600123
Case #60: 645132898.68873250 446634121.61925364 219818639.21657180 333992529.86306990 398032824.68287160 406699571.54735076 55908252.92372148 26763661.20007811
Case #61: 21060652.90262267 1598632.11850689 70822699.04199076 5494652.88338895 153308949.27858320
Case #62: 5008114.64196493 72924650.66938734 2528490.56203176 140032851.02932224
Case #63: 37274000.72869530 27499357.75825075 219011580.27976832
Case #64: 2042580.88969365 483611.57204245 4495765.94037505 40823547.79799431 12638216.89528746 122446915.27608594 1134427.72511628
Case #65: 321789749.01070666 118050364.82875642 189257081.26001200 257106116.23152940 315783254.70927860 44733482.14093587 13972524.99214960 24740228.59534540 89561575.28308426
Case #66: 201162498.77994560 198517817.25363663
Case #67: 157979562.75850028 22810674.05742316
Case #68: 38398594.36421414 652384637.86276210
Case #69: 306081413.62729156 672660.70795037 168144911.19926500 180453223.83730817
Case #70: 75741391.80883582 74741774.25309664 185830845.51340264
Case #71: 30307049.88994914 12522.65209651
Case #72: 262830237.21107940 55954775.76360159 46574205.31518649 48450725.12360558 19643642.80720707
Case #73: 320298.40893671 13102349.21587839 143698546.91734630 213248277.72932050 291135917.51552580 74661468.28869903 33009521.31008192 3543094.09253852 137262825.55379227
Case #74: 70972422.58871715 13124865.81007371 11208142.96169912 18542696.40941450 43222193.39451197 174726677.05503058 881882466.38497220 294833525.73993740
Case #75: 432958294.64988697 222885823.04377130 233894194.65200740 35359635.05756978 320186069.61992430
Case #76: 323596475.81207335 1937791.38368190
Case #77: 51776894.57434391 48402847.41312598 164168929.96368712
Case #78: 34309421.36844976 308156006.21263570 9110100.72391808 37967540.82283883 371480353.50113610 62720758.67697717 181884969.54955370 438623871.80827343
Case #79: 363373280.61332000 706955419.77302580
Case #80: 469484779.45229894 239910864.41480517
Case #81: 12940901.40056920 42089182.95847139 72019312.68765579 29829192.54581128 78229064.00364262
Case #82: 55625467.09201090 321537291.02615330
Case #83: 554902393.09406720 693888466.13384930 477436318.77188265 932987806.11042380
Case #84: 11101792.46948978 86687173.38887020 12728815.84056057 107717287.54145184 96469520.54768594 67292518.34178847 14938179.26646851 109878480.37351291 40922392.97026002
Case #85: 665865499.69079160 1096401299.58179600
Case #86: 289509900.96841650 735309535.06766090 178716956.44851214 652247684.24875390
Case #87: 377212583.02367750 215235061.68270305
Case #88: 353937573.31711470 55775425.66848034 138832772.48039907 364588701.54329510 461170532.19733930 268002422.80907285 151893900.10328480 192039097.60580182 448021392.48055774
Case #89: 352502931.05943805 335497332.50691410 524127902.73703253 282569416.51433500 253756983.94904697 145364274.49189344
Case #90: 175241812.24717380 629181045.64443520 300853081.78285444 661830868.66450210 502380541.61554230 32024918.89305642 399473718.80540460
Case #91: 466684913.49911153 465299928.70897394 5033661.11124352 13846378.17282155 244369973.81045735 24429263.98160444 470233056.93456614 76913503.62414669 822910038.82953320
Case #92: 200967256.67148470 6954871.96403953 199587774.42881423 127372148.81080020 422127721.73370970 85111287.75792536
Case #93: 345999095.10642266 164101043.66004503
Case #94: 2600475.10839613 125036503.31108752
Case #95: 117879748.13307467 239427796.71653572 288817.89402160 576671306.34475740 351163878.20459753 149216239.13252693 395074392.33214340 283467457.46007836 314461501.88264570 63621446.07085199
Case #96: 141788672.14255370 75204975.58723359
Case #97: 189598016.03482020 259287856.90179014
Case #98: 72755.04400115 19662974.99134782
Case #99: 102311034.31474087 448916.86241707 30153018.33968716 80006446.88827507
Case #100: 1101587.83522682 718890.16667961 95167.98059017 1688911.47066670 67185555.17654026 62919070.58417195 45849463.75668301
