30400.00
5338.00
1440.00
3000.00
64.00
13938.00
3874.00
1800.00
3330.00
2826.00
9760.00
7844.00
7178.00
1440.00
16728.00
2640.00
1664.00
20496.00
400.00
12556.00
4500.00
5440.00
900.00
30240.00
1360.00
4440.00
918.00
16440.00
10800.00
2160.00
19840.00
12848.00
4420.00
984.00
2080.00
28054.00
18460.00
11152.00
4264.00
5044.00
2132.00
10504.00
850.00
3330.00
7592.00
20860.00
1240.00
11890.00
6660.00
8970.00
4452.00
636.00
21228.00
5368.00
1150.00
10440.00
8424.00
22040.00
39592.00
17400.00
4420.00
20.00
1976.00
1850.00
4176.00
5858.00
7650.00
16320.00
29700.00
5550.00
10296.00
9512.00
9048.00
12136.00
5600.00
17250.00
1924.00
12430.00
7888.00
3816.00
3474.00
3140.00
828.00
5904.00
21488.00
18180.00
18944.00
4896.00
22620.00
6154.00
8760.00
28280.00
9100.00
9000.00
23660.00
240.00
1904.00
10270.00
31652.00
9840.00
1150.00
16400.00
19266.00
31494.00
2650.00
3770.00
9374.00
120.00
3200.00
6908.00
23288.00
3560.00
620.00
31680.00
34920.00
738.00
9222.00
2496.00
18750.00
25208.00
5792.00
5698.00
12410.00
220.00
4350.00
3672.00
28560.00
14304.00
4536.00
1080.00
9152.00
6720.00
1488.00
17940.00
6344.00
2904.00
9360.00
18180.00
25920.00
9648.00
13420.00
17898.00
14152.00
20988.00
2340.00
16920.00
11248.00
20500.00
12636.00
4698.00
3474.00
4940.00
10336.00
23892.00
31050.00
540.00
1380.00
12416.00
17550.00
7776.00
2574.00
9568.00
19266.00
3280.00
6280.00
13708.00
6200.00
12740.00
13920.00
3116.00
33968.00
8700.00
976.00
132.00
5130.00
4160.00
20340.00
992.00
16564.00
900.00
26640.00
15696.00
12580.00
25230.00
28536.00
19200.00
13600.00
13024.00
25740.00
15680.00
250.00
5232.00
2028.00
3816.00
17738.00
520.00
22960.00
9760.00
9116.00
6262.00
24250.00
8326.00
16000.00
928.00
16000.00
6800.00
21830.00
27232.00
23850.00
34034.00
1360.00
11782.00
9328.00
10750.00
21608.00
3280.00
15130.00
16328.00
18094.00
11440.00
5032.00
32208.00
360.00
7526.00
2196.00
5662.00
12210.00
22192.00
8288.00
17384.00
10028.00
12296.00
12556.00
7700.00
1820.00
470.00
1560.00
5032.00
3380.00
16350.00
8970.00
16240.00
2294.00
1800.00
5198.00
14356.00
8428.00
1640.00
14480.00
37440.00
7194.00
9100.00
29280.00
3384.00
22304.00
18396.00
20492.00
5618.00
27232.00
13172.00
2512.00
14450.00
21060.00
12728.00
28598.00
37024.00
8000.00
38552.00
96.00
15130.00
11560.00
18870.00
9450.00
18358.00
4850.00
6832.00
730.00
1860.00
3904.00
3040.00
2200.00
6120.00
5100.00
10400.00
7774.00
1752.00
680.00
408.00
7656.00
7020.00
3328.00
2520.00
18544.00
2000.00
14652.00
9680.00
11016.00
15120.00
1900.00
2736.00
10296.00
2142.00
9464.00
3838.00
2840.00
9486.00
36784.00
29484.00
3750.00
11118.00
4624.00
3416.00
21080.00
5198.00
7216.00
9700.00
7808.00
6496.00
5940.00
12800.00
40664.00
22776.00
2790.00
24000.00
800.00
16102.00
1496.00
544.00
208.00
2480.00
4828.00
21888.00
19620.00
5820.00
23490.00
1088.00
5220.00
31450.00
4080.00
9152.00
18824.00
680.00
990.00
6290.00
15300.00
8268.00
4160.00
8480.00
4420.00
952.00
1856.00
4940.00
12870.00
18564.00
7420.00
636.00
23808.00
15300.00
15810.00
5220.00
630.00
11368.00
1460.00
3150.00
8066.00
28598.00
20196.00
6052.00
1170.00
7300.00
2860.00
32448.00
8100.00
102.00
11096.00
1924.00
20604.00
31096.00
20750.00
24750.00
7200.00
14384.00
5120.00
1060.00
3840.00
11560.00
3250.00
7560.00
1040.00
5440.00
2754.00
1276.00
5232.00
14884.00
14872.00
17136.00
4060.00
3710.00
7052.00
13328.00
4872.00
10270.00
12416.00
39592.00
3936.00
10736.00
29192.00
25280.00
4400.00
1144.00
3230.00
4588.00
1768.00
16960.00
4350.00
20060.00
10088.00
5452.00
3904.00
17920.00
25230.00
6364.00
17444.00
15340.00
1100.00
8320.00
440.00
16240.00
2204.00
16650.00
1794.00
1900.00
11712.00
2600.00
11310.00
2968.00
10092.00
22360.00
14640.00
14238.00
3760.00
5000.00
6120.00
12480.00
18056.00
5280.00
2120.00
17568.00
1220.00
20800.00
27200.00
1872.00
16328.00
5278.00
8112.00
31500.00
17784.00
18748.00
17536.00
16290.00
4118.00
15520.00
5824.00
8624.00
17940.00
7820.00
19392.00
28888.00
21470.00
7990.00
290.00
16830.00
29524.00
740.00
19796.00
8342.00
912.00
15370.00
7020.00
6750.00
15300.00
8320.00
18988.00
3096.00
7150.00
7602.00
4930.00
5652.00
45050.00
8268.00
13448.00
12264.00
23140.00
11580.00
1872.00
37350.00
6110.00
2928.00
10960.00
24960.00
992.00
4698.00
16750.00
4526.00
5088.00
24138.00
17000.00
16820.00
2054.00
8200.00
26240.00
39750.00
760.00
24544.00
3636.00
17014.00
6380.00
20160.00
12960.00
24650.00
33582.00
7254.00
25256.00
11440.00
5548.00
7820.00
6528.00
9016.00
33670.00
1820.00
4640.00
3660.00
2432.00
23256.00
8840.00
6760.00
4964.00
28860.00
4632.00
148.00
10512.00
3380.00
16092.00
2180.00
7650.00
14820.00
23288.00
17756.00
204.00
300.00
3870.00
33750.00
24480.00
6188.00
7630.00
5616.00
3366.00
2480.00
9760.00
11972.00
530.00
15714.00
16960.00
5440.00
40352.00
2424.00
13952.00
940.00
21294.00
14504.00
950.00
19680.00
24420.00
32400.00
1088.00
1168.00
3420.00
13356.00
1976.00
14640.00
28304.00
6400.00
2900.00
32190.00
9860.00
8162.00
2496.00
6400.00
1872.00
1750.00
12688.00
5754.00
5656.00
8432.00
5202.00
5978.00
600.00
6328.00
4428.00
13780.00
10000.00
18584.00
5088.00
3280.00
260.00
9860.00
2610.00
6516.00
2484.00
11480.00
12870.00
3250.00
4074.00
55872.00
26820.00
4100.00
1600.00
7192.00
12870.00
9646.00
2624.00
2784.00
31434.00
15886.00
8120.00
10240.00
21146.00
7820.00
28800.00
13024.00
17978.00
27000.00
1768.00
356.00
45050.00
18020.00
20424.00
3478.00
5600.00
16900.00
6392.00
29684.00
872.00
13780.00
2960.00
9568.00
7250.00
4360.00
12784.00
20458.00
700.00
26820.00
928.00
6000.00
1350.00
5680.00
720.00
12240.00
16128.00
33666.00
20272.00
736.00
11700.00
9860.00
3920.00
17316.00
8906.00
8080.00
6318.00
4352.00
13112.00
29068.00
2400.00
31080.00
6120.00
15142.00
400.00
1802.00
6480.00
7544.00
6840.00
12070.00
3454.00
16000.00
1394.00
18252.00
200.00
5440.00
12460.00
2552.00
11600.00
5184.00
3576.00
1500.00
37056.00
1136.00
130.00
26680.00
15606.00
13334.00
5270.00
7946.00
30832.00
10000.00
16900.00
7872.00
11310.00
19968.00
25560.00
10192.00
444.00
7760.00
7300.00
1952.00
7840.00
160.00
1184.00
13940.00
2584.00
42874.00
4860.00
1378.00
10476.00
14976.00
29322.00
9636.00
5800.00
6216.00
3380.00
13000.00
1740.00
17372.00
600.00
2600.00
3560.00
30008.00
7544.00
2440.00
850.00
10412.00
4800.00
23426.00
8816.00
9150.00
31360.00
5408.00
7540.00
1140.00
25160.00
1972.00
3944.00
15872.00
3060.00
13872.00
1582.00
990.00
23680.00
26640.00
3510.00
19352.00
13298.00
16250.00
16936.00
17888.00
19910.00
5338.00
35624.00
3196.00
9250.00
2240.00
4350.00
4940.00
10670.00
7400.00
11040.00
7440.00
1872.00
10098.00
7420.00
18056.00
20736.00
1360.00
9256.00
13338.00
28160.00
37056.00
3640.00
3692.00
21150.00
9840.00
5850.00
16900.00
13908.00
22338.00
14162.00
12240.00
12432.00
17384.00
650.00
12136.00
9180.00
1534.00
19208.00
3840.00
5684.00
15370.00
2034.00
27880.00
22360.00
8160.00
7250.00
4088.00
9250.00
480.00
34560.00
12240.00
14544.00
1880.00
5310.00
7076.00
33920.00
11880.00
2072.00
5800.00
10998.00
11250.00
4988.00
8500.00
10136.00
22936.00
902.00
2220.00
808.00
28860.00
2548.00
5100.00
1184.00
780.00
9696.00
21420.00
4992.00
4050.00
14800.00
15360.00
6100.00
178.00
4544.00
26656.00
1404.00
1260.00
5740.00
15352.00
13612.00
14382.00
928.00
4514.00
5110.00
19240.00
4656.00
11180.00
3916.00
1020.00
9360.00
7154.00
7334.00
2702.00
1798.00
960.00
14418.00
19344.00
4480.00
3744.00
1120.00
9628.00
18096.00
870.00
14432.00
21158.00
29202.00
35512.00
6806.00
144.00
1582.00
18788.00
15750.00
2544.00
4094.00
1344.00
5120.00
14976.00
3480.00
8200.00
3168.00
24436.00
1400.00
7696.00
196.00
52.00
14400.00
5600.00
1664.00
1980.00
10324.00
6400.00
11160.00
4392.00
1760.00
1344.00
28000.00
3060.00
16564.00
12322.00
9916.00
22448.00
1360.00
1680.00
4640.00
38720.00
986.00
24978.00
464.00
15886.00
160.00
4094.00
29520.00
3016.00
17020.00
31680.00
360.00
8296.00
33672.00
1122.00
4706.00
8932.00
3116.00
500.00
25194.00
4560.00
8410.00
3264.00
3328.00
21976.00
5096.00
9516.00
17250.00
17340.00
8320.00
1760.00
468.00
33304.00
7360.00
1160.00
2000.00
5760.00
7450.00
14416.00
9650.00
6666.00
2180.00
6300.00
25452.00
7120.00
13920.00
18988.00
20300.00
400.00
16224.00
4736.00
5760.00
680.00
3536.00
3456.00
4050.00
13260.00
6970.00
11424.00
406.00
3230.00
22790.00
15300.00
11696.00
1940.00
22040.00
21608.00
11966.00
20.00
6370.00
2000.00
17316.00
49820.00
5432.00
23652.00
5850.00
10858.00
26522.00
15840.00
15688.00
8320.00
42624.00
3640.00
