Case #1:
Impossible
Case #2:
.
Case #3:
./\..
.\//\
./\\/
.\/..
Case #4:
/\/\/\/\/\/\/\./\./\./\/\
\/\/\/\/\/\/\/.\/.\/.\/\/
/\/\/\/\./\/\/\/\/\/\/\..
\/\/\/\/.\/\/\/\/\/\/\/..
/\/\/\./\/\/\/\./\/\./\/\
\/\/\/.\/\/\/\/.\/\/.\/\/
/\/\../\/\/\/\/\/\/\./\..
\/\//\\/\/\/\/\/\/\/.\/..
/\/\\//\/\./\/\/\/\/\/\..
\/\//\\/\/.\/\/\/\/\/\/..
/\/\\//\../\/\/\./\/\/\/\
\/\//\\//\\/\/\/.\/\/\/\/
/\..\//\\/../\/\/\/\/\/\.
\//\..\/../\\/\/\/\/\/\/.
..\//\/\/\\//\/\./\/\/\/\
/\..\/\/\//\\/\/.\/\/\/\/
\//\../\..\//\/\/\/\./\/\
/\\//\\//\..\/\/\/\/.\/\/
\//\\//\\//\/\../\/\/\/\.
..\//\\//\\/\//\\/\/\/\/.
/\/\\//\\/../\\//\../\/\.
\/\/..\//\/\\//\\//\\/\/.
..../\/\\/\//\\/..\/../\.
/\/\\/\/../\\/../\../\\/.
\/\/../\/\\//\/\\//\\/...
/\/\/\\/\//\\/\//\\//\/\.
\/\/\//\..\//\/\\/..\/\/.
/\/\/\\//\..\/\//\/\../\.
\/\/\//\\//\../\\/\//\\/.
/\/\/\\//\\//\\//\/\\//\.
\/\/\//\\/..\//\\/\//\\/.
/\....\//\/\/\\/../\\/...
\//\/\/\\/\/\//\/\\//\/\.
/\\/\/\//\/\..\/\//\\/\/.
\//\/\/\\/\//\/\/\\//\...
/\\/\/\//\..\/\/\//\\//\.
\/......\/........\/..\/.
Case #5:
Impossible
Case #6:
Impossible
Case #7:
....../\..../\/\/\../\...../\....
./\./\\/./\.\/\/\//\\//\/\.\/./\.
.\/.\/...\/./\/\/\\//\\/\/./\.\/.
/\...../\/\.\/\/\//\\//\...\/....
\/./\/\\/\/./\./\.\//\\//\../\/\.
...\/\/./\/\\/.\/./\\/..\//\\/\/.
./\/\...\/\/..../\\//\./\.\//\/\.
.\/\/./\./\/\/\.\//\\/.\/...\/\/.
./\./\\/.\/\/\//\.\//\/\/\/\/\/\.
.\/.\//\...../\\//\.\/\/\/\/\/\/.
./\...\//\./\\/..\/./\/\./\/\/\/\
.\/./\..\/.\/./\/\..\/\/.\/\/\/\/
/\/\\/./\/\./\\/\/./\/\/\/\.../\.
\/\/./\\/\/.\//\/\.\/\/\/\//\.\/.
/\...\/.../\/\\/\//\/\./\/\\/....
\//\/\/\/\\/\//\/\\/\/.\/\/../\/\
/\\/\/\/\//\/\\/\//\/\/\/\/\.\/\/
\/../\/\/\\/\//\..\/\/\/\/\//\./\
./\.\/\/\/../\\//\/\/\.../\.\/.\/
.\/./\/\./\.\//\\/\/\//\.\//\/\/\
/\..\/\/.\/./\\//\....\/...\/\/\/
\/./\/\./\..\//\\//\/\.../\/\/\/\
...\/\/.\//\/\\//\\/\/./\\/\/\/\/
/\./\/\/\.\/\/..\/.....\//\/\/\/\
\/.\/\/\/./\/\/\/\/\/\/\.\/\/\/\/
.../\/\/\.\/\/\/\/\/\/\/./\.../\.
./\\/\/\/.../\.../\......\//\.\/.
.\/./\.../\.\/./\\//\/\./\.\//\..
....\/./\\//\/\\/..\/\/.\/./\\//\
./\./\.\//\\/\/./\/\.......\/..\/
.\/.\//\.\//\/\.\/\/./\/\/\./\./\
......\/...\/\/......\/\/\/.\/.\/
Case #8:
/\/\/\/\/\/\/\/\/\/\/\/\/\/\/\/\/\/\/\/\/\/\/\/\/\
\/\/\/\/\/\/\/\/\/\/\/\/\/\/\/\/\/\/\/\/\/\/\/\/\/
/\/\/\/\/\/\/\/\/\/\/\/\/\/\/\/\/\/\/\/\/\/\/\/\/\
\/\/\/\/\/\/\/\/\/\/\/\/\/\/\/\/\/\/\/\/\/\/\/\/\/
/\/\/\/\/\/\/\/\/\/\/\/\/\/\/\/\/\/\/\/\/\/\/\/\/\
\/\/\/\/\/\/\/\/\/\/\/\/\/\/\/\/\/\/\/\/\/\/\/\/\/
/\/\/\/\/\/\/\/\/\/\/\/\/\/\/\/\/\/\/\/\/\/\/\/\/\
\/\/\/\/\/\/\/\/\/\/\/\/\/\/\/\/\/\/\/\/\/\/\/\/\/
/\/\/\/\/\/\/\/\/\/\/\/\/\/\/\/\/\/\/\/\/\/\/\/\/\
\/\/\/\/\/\/\/\/\/\/\/\/\/\/\/\/\/\/\/\/\/\/\/\/\/
/\/\/\/\/\/\/\/\/\/\/\/\/\/\/\/\/\/\/\/\/\/\/\/\/\
\/\/\/\/\/\/\/\/\/\/\/\/\/\/\/\/\/\/\/\/\/\/\/\/\/
/\/\/\/\/\/\/\/\/\/\/\/\/\/\/\/\/\/\/\/\/\/\/\/\/\
\/\/\/\/\/\/\/\/\/\/\/\/\/\/\/\/\/\/\/\/\/\/\/\/\/
/\/\/\/\/\/\/\/\/\/\/\/\/\/\/\/\/\/\/\/\/\/\/\/\/\
\/\/\/\/\/\/\/\/\/\/\/\/\/\/\/\/\/\/\/\/\/\/\/\/\/
/\/\/\/\/\/\/\/\/\/\/\/\/\/\/\/\/\/\/\/\/\/\/\/\/\
\/\/\/\/\/\/\/\/\/\/\/\/\/\/\/\/\/\/\/\/\/\/\/\/\/
/\/\/\/\/\/\/\/\/\/\/\/\/\/\/\/\/\/\/\/\/\/\/\/\/\
\/\/\/\/\/\/\/\/\/\/\/\/\/\/\/\/\/\/\/\/\/\/\/\/\/
/\/\/\/\/\/\/\/\/\/\/\/\/\/\/\/\/\/\/\/\/\/\/\/\/\
\/\/\/\/\/\/\/\/\/\/\/\/\/\/\/\/\/\/\/\/\/\/\/\/\/
/\/\/\/\/\/\/\/\/\/\/\/\/\/\/\/\/\/\/\/\/\/\/\/\/\
\/\/\/\/\/\/\/\/\/\/\/\/\/\/\/\/\/\/\/\/\/\/\/\/\/
/\/\/\/\/\/\/\/\/\/\/\/\/\/\/\/\/\/\/\/\/\/\/\/\/\
\/\/\/\/\/\/\/\/\/\/\/\/\/\/\/\/\/\/\/\/\/\/\/\/\/
/\/\/\/\/\/\/\/\/\/\/\/\/\/\/\/\/\/\/\/\/\/\/\/\/\
\/\/\/\/\/\/\/\/\/\/\/\/\/\/\/\/\/\/\/\/\/\/\/\/\/
/\/\/\/\/\/\/\/\/\/\/\/\/\/\/\/\/\/\/\/\/\/\/\/\/\
\/\/\/\/\/\/\/\/\/\/\/\/\/\/\/\/\/\/\/\/\/\/\/\/\/
/\/\/\/\/\/\/\/\/\/\/\/\/\/\/\/\/\/\/\/\/\/\/\/\/\
\/\/\/\/\/\/\/\/\/\/\/\/\/\/\/\/\/\/\/\/\/\/\/\/\/
/\/\/\/\/\/\/\/\/\/\/\/\/\/\/\/\/\/\/\/\/\/\/\/\/\
\/\/\/\/\/\/\/\/\/\/\/\/\/\/\/\/\/\/\/\/\/\/\/\/\/
/\/\/\/\/\/\/\/\/\/\/\/\/\/\/\/\/\/\/\/\/\/\/\/\/\
\/\/\/\/\/\/\/\/\/\/\/\/\/\/\/\/\/\/\/\/\/\/\/\/\/
/\/\/\/\/\/\/\/\/\/\/\/\/\/\/\/\/\/\/\/\/\/\/\/\/\
\/\/\/\/\/\/\/\/\/\/\/\/\/\/\/\/\/\/\/\/\/\/\/\/\/
/\/\/\/\/\/\/\/\/\/\/\/\/\/\/\/\/\/\/\/\/\/\/\/\/\
\/\/\/\/\/\/\/\/\/\/\/\/\/\/\/\/\/\/\/\/\/\/\/\/\/
/\/\/\/\/\/\/\/\/\/\/\/\/\/\/\/\/\/\/\/\/\/\/\/\/\
\/\/\/\/\/\/\/\/\/\/\/\/\/\/\/\/\/\/\/\/\/\/\/\/\/
/\/\/\/\/\/\/\/\/\/\/\/\/\/\/\/\/\/\/\/\/\/\/\/\/\
\/\/\/\/\/\/\/\/\/\/\/\/\/\/\/\/\/\/\/\/\/\/\/\/\/
/\/\/\/\/\/\/\/\/\/\/\/\/\/\/\/\/\/\/\/\/\/\/\/\/\
\/\/\/\/\/\/\/\/\/\/\/\/\/\/\/\/\/\/\/\/\/\/\/\/\/
/\/\/\/\/\/\/\/\/\/\/\/\/\/\/\/\/\/\/\/\/\/\/\/\/\
\/\/\/\/\/\/\/\/\/\/\/\/\/\/\/\/\/\/\/\/\/\/\/\/\/
/\/\/\/\/\/\/\/\/\/\/\/\/\/\/\/\/\/\/\/\/\/\/\/\/\
\/\/\/\/\/\/\/\/\/\/\/\/\/\/\/\/\/\/\/\/\/\/\/\/\/
Case #9:
Impossible
Case #10:
...../\......./\./\../\./\/\
/\/\.\//\/\/\.\/.\//\\/.\/\/
\/\/...\/\/\/......\/../\/\.
/\../\/\/\.../\./\/\./\\/\/.
\//\\/\/\//\.\/.\/\/.\//\/\.
..\/..../\\//\/\/\.....\/\/.
/\/\./\.\/..\/\/\/./\/\/\./\
\/\/.\/.../\./\/\/\\/\/\/.\/
./\/\.../\\/.\/\/\//\./\../\
.\/\//\.\//\../\...\/.\//\\/
../\.\/./\\//\\//\./\/\.\/..
/\\/....\//\\/..\/.\/\//\/\.
\//\./\./\\/.../\.../\.\/\/.
..\/.\/.\/.../\\/./\\/./\./\
./\/\/\/\./\.\/...\/./\\/.\/
.\/\/\/\/.\/..../\./\\//\./\
./\./\./\/\/\/\.\/.\/..\/.\/
.\/.\/.\/\/\/\//\./\./\/\./\
/\/\./\/\/\../\\/.\/.\/\/.\/
\/\/.\/\/\//\\//\../\/\/\...
./\../\./\.\/..\//\\/\/\/./\
.\//\\/.\//\/\/\.\//\/\...\/
/\.\//\...\/\/\/...\/\/./\/\
\/...\//\/\./\/\/\../\..\/\/
/\/\/\.\/\/.\/\/\//\\/./\/\.
\/\/\//\/\.../\/\.\/./\\/\/.
./\/\.\/\//\.\/\//\..\/.....
.\/\/.....\/./\..\//\/\/\/\.
./\./\/\./\/\\//\/\\/\/\/\/.
.\/.\/\/.\/\//\\/\/.../\../\
/\/\/\./\../\\//\/\/\.\//\\/
\/\/\/.\//\\//\\/\/\/./\\//\
./\......\//\\/../\...\/..\/
.\/./\./\/\\/../\\//\./\/\/\
./\.\/.\/\/./\.\//\\/.\/\/\/
.\//\/\/\./\\/./\\/./\./\/\.
/\.\/\/\/.\/...\/...\/.\/\/.
\//\../\/\/\/\/\/\./\./\/\/\
/\\//\\/\/\/\/\/\/.\/.\/\/\/
\//\\//\/\/\./\/\../\/\/\./\
/\\/..\/\/\/.\/\//\\/\/\/.\/
\/./\../\/\/\../\\/./\/\/\/\
...\//\\/\/\//\\//\.\/\/\/\/
/\./\\/./\/\.\/..\//\/\/\/\.
\/.\//\.\/\/./\/\..\/\/\/\/.
/\/\.\//\./\.\/\/./\..../\/\
\/\/./\\/.\/./\./\\//\/\\/\/
.....\/......\/.\/..\/\/./\.
/\/\/\/\/\/\/\/\/\./\/\/\\/.
\/\/\/\/\/\/\/\/\/.\/\/\/...
Case #11:
Impossible
Case #12:
/\./\/\/\/\./\/\/\/\./\/\
\/.\/\/\/\/.\/\/\/\/.\/\/
/\/\/\/\/\/\/\/\/\/\/\./\
\/\/\/\/\/\/\/\/\/\/\/.\/
/\/\/\/\./\/\./\/\/\./\..
\/\/\/\/.\/\/.\/\/\/.\/..
/\..../\/\./\./\/\/\./\..
\//\/\\/\/.\/.\/\/\/.\/..
/\\/\//\/\./\/\/\/\/\/\/\
\/....\/\/.\/\/\/\/\/\/\/
/\/\/\/\/\/\/\/\./\/\/\/\
\/\/\/\/\/\/\/\/.\/\/\/\/
/\/\/\/\../\/\/\/\/\./\/\
\/\/\/\//\\/\/\/\/\/.\/\/
../\/\/\\//\/\/\/\/\/\/\.
/\\/\/\//\\/\/\/\/\/\/\/.
\/../\/\\/../\/\/\/\/\/\.
/\/\\/\//\/\\/\/\/\/\/\/.
\/\//\/\\/\//\/\/\/\/\/\.
/\..\/\/../\\/\/\/\/\/\/.
\//\/\/\/\\//\/\/\../\/\.
/\\/\/\/\//\\/\/\//\\/\/.
\//\/\....\/..../\\//\/\.
/\\/\//\/\/\/\/\\//\\/\/.
\//\/\\/\/\/\/\/..\/../\.
/\\/\//\/\/\/\../\/\/\\/.
\//\/\\/\/\/\//\\/\/\//\.
/\\/\//\/\/\/\\/../\/\\/.
\//\/\\/\/\/\//\/\\/\/...
/\\/\//\/\....\/\//\/\/\.
\/../\\/\//\/\../\\/\/\/.
../\\/../\\/\//\\//\/\/\.
/\\/../\\//\/\\//\\/\/\/.
\//\/\\//\\/\//\\//\/\/\.
/\\/\//\\//\/\\//\\/\/\/.
\/....\//\\/\//\\//\/\/\.
/\/\/\/\\//\/\\//\\/\/\/.
\/\/\/\//\\/\//\\/../\/\.
../\/\/\\/../\\//\/\\/\/.
/\\/\/\/../\\//\\/\//\/\.
\//\../\/\\//\\//\..\/\/.
..\//\\/\//\\/..\//\.....
/\/\\//\/\\/../\/\\//\/\.
\/\//\\/\//\/\\/\//\\/\/.
....\/....\/\/....\/.....
Case #13:
Impossible
Case #14:
/\/\./\/\/\./\/\/\./\/\/\/\/\./\/\./\/\/\.
\/\/.\/\/\/.\/\/\/.\/\/\/\/\/.\/\/.\/\/\/.
/\/\/\./\/\/\./\/\/\/\/\./\/\/\/\/\/\/\/\.
\/\/\/.\/\/\/.\/\/\/\/\/.\/\/\/\/\/\/\/\/.
/\/\/\/\/\/\./\/\/\/\/\/\./\/\./\/\/\./\..
\/\/\/\/\/\/.\/\/\/\/\/\/.\/\/.\/\/\/.\/..
/\/\/\/\/\/\./\/\/\/\./\./\/\/\/\/\./\/\/\
\/\/\/\/\/\/.\/\/\/\/.\/.\/\/\/\/\/.\/\/\/
/\/\..../\/\/\/\/\./\/\/\/\./\/\/\/\./\/\.
\/\//\/\\/\/\/\/\/.\/\/\/\/.\/\/\/\/.\/\/.
/\..\/\//\/\./\/\./\/\/\/\/\/\/\/\/\./\./\
\//\/\..\/\/.\/\/.\/\/\/\/\/\/\/\/\/.\/.\/
..\/\//\../\/\/\./\./\/\/\./\/\/\./\/\/\..
/\../\\//\\/\/\/.\/.\/\/\/.\/\/\/.\/\/\/..
\//\\//\\//\/\/\/\/\/\./\/\/\./\./\/\/\/\.
/\\/..\//\\/\/\/\/\/\/.\/\/\/.\/.\/\/\/\/.
\/../\..\/....../\./\/\./\/\./\/\/\./\./\.
/\/\\//\/\/\/\/\\/.\/\/.\/\/.\/\/\/.\/.\/.
\/\//\\/\/\/\/\/../\/\/\/\/\/\/\/\/\/\/\/\
../\\//\../\/\/\/\\/\/\/\/\/\/\/\/\/\/\/\/
/\\//\\//\\/\/\/\//\/\/\/\./\/\./\./\/\/\.
\//\\/..\//\../\/\\/\/\/\/.\/\/.\/.\/\/\/.
..\//\/\..\//\\/\//\../\./\./\/\/\/\/\/\..
/\..\/\//\/\\//\..\//\\/.\/.\/\/\/\/\/\/..
\/......\/\/..\/....\/....................
Case #15:
/\/\/\/\/\/\./\/\./\/\/\./\
\/\/\/\/\/\/.\/\/.\/\/\/.\/
/\/\/\./\/\/\/\/\/\/\/\./\.
\/\/\/.\/\/\/\/\/\/\/\/.\/.
../\/\./\/\/\/\/\./\/\/\/\.
/\\/\/.\/\/\/\/\/.\/\/\/\/.
\//\/\/\/\./\/\/\./\/\./\/\
/\\/\/\/\/.\/\/\/.\/\/.\/\/
\//\/\/\/\./\./\./\/\/\/\/\
/\\/\/\/\/.\/.\/.\/\/\/\/\/
\//\/\/\/\/\/\/\/\/\/\/\/\.
/\\/\/\/\/\/\/\/\/\/\/\/\/.
\/../\/\/\/\/\/\/\/\/\/\/\.
/\/\\/\/\/\/\/\/\/\/\/\/\/.
\/\/../\/\../\/\/\/\/\./\/\
/\/\/\\/\//\\/\/\/\/\/.\/\/
\/\/\/....\//\/\/\/\/\/\/\.
/\../\/\/\/\\/\/\/\/\/\/\/.
\//\\/\/\/\/../\/\/\/\/\/\.
/\\//\/\/\../\\/\/\/\/\/\/.
\//\\/\/\//\\//\..../\/\/\.
..\//\/\/\\/..\//\/\\/\/\/.
/\..\/\/\//\/\..\/\//\/\/\.
\//\/\/\/\\/\//\../\\/\/\/.
/\\/\/\/\//\/\\//\\//\/\/\.
\//\/\/\..\/\//\\/..\/\/\/.
..\/\/\//\/\/\\/../\../\...
/\/\....\/\/\//\/\\//\\//\.
\/\//\/\/\....\/\//\\//\\/.
../\\/\/\//\/\../\\//\\//\.
/\\//\/\..\/\//\\/..\/..\/.
\//\\/\//\/\/\\//\/\../\...
/\\//\/\\/\/\/..\/\//\\//\.
\//\\/\//\/\../\....\//\\/.
/\\//\/\\/\//\\//\/\..\//\.
\/..\/\//\/\\//\\/\//\..\/.
/\/\/\/\\/\/..\//\..\//\/\.
\/\/\/\//\../\..\//\/\\/\/.
..../\..\//\\//\/\\/\//\...
....\/....\/..\/\/....\/...
Case #16:
Impossible
Case #17:
/\./\./\/\.../\/\./\/\./\/\/\.../\./\./\/\/\/\/\/\
\/.\/.\/\/./\\/\/.\/\/.\/\/\/./\\/.\/.\/\/\/\/\/\/
/\/\/\./\..\//\.../\../\../\..\/...../\/\./\......
\/\/\/.\//\..\//\.\//\\//\\/./\./\/\.\/\/.\/./\/\.
/\./\....\/./\.\/...\/..\/...\/.\/\/./\/\./\.\/\/.
\/.\//\/\...\//\../\./\../\/\/\/\../\\/\/.\//\./\.
./\/\\/\//\/\.\//\\/.\//\\/\/\/\//\\//\/\./\\/.\/.
.\/\//\/\\/\//\.\/./\/\\/...../\.\//\\/\/.\//\./\.
./\..\/\//\..\//\/\\/\/./\./\.\//\.\/./\./\.\/.\/.
.\/./\/\.\//\/\\/\//\...\/.\//\.\/....\/.\/./\....
....\/\/...\/\//\..\//\.../\.\/..../\./\/\/\\/./\.
/\/\/\./\/\/\/\\/./\.\/./\\/../\./\\/.\/\/\/...\/.
\/\/\/.\/\/\/\//\.\/../\\/../\\/.\/...../\../\/\/\
./\./\/\/\/\./\\//\/\.\/./\.\//\.../\./\\//\\/\/\/
.\/.\/\/\/\/.\/..\/\/....\//\.\/./\\/.\/..\//\./\.
/\/\/\/\../\/\/\/\/\/\./\..\//\..\/./\/\/\..\/.\/.
\/\/\/\//\\/\/\/\/\/\/.\/./\.\/./\/\\/\/\//\/\./\.
/\/\../\\/../\/\./\./\....\//\/\\/\/......\/\/.\/.
\/\//\\//\/\\/\/.\/.\/./\...\/\/..../\/\/\/\/\....
/\..\//\\/\//\./\./\/\.\/./\/\./\./\\/\/\/\/\//\/\
\/./\.\//\..\/.\/.\/\/../\\/\/.\/.\//\/\./\...\/\/
./\\/...\//\./\/\/\/\./\\//\/\./\/\.\/\/.\//\./\..
.\/../\/\.\/.\/\/\/\/.\//\\/\/.\/\//\./\./\\/.\//\
.../\\/\//\/\/\/\.......\//\./\....\/.\/.\//\/\.\/
/\.\/./\.\/\/\/\/./\/\./\.\/.\//\/\........\/\/./\
\//\/\\/./\.../\/\\/\/.\/.../\.\/\//\/\./\/\../\\/
..\/\/./\\//\.\/\/../\../\/\\//\...\/\/.\/\//\\//\
/\../\.\/..\/./\/\/\\//\\/\/..\//\/\../\....\/..\/
\//\\//\/\/\/\\/\/\//\\/./\./\/\\/\//\\/./\/\/\/\.
..\/..\/\/\/\/......\/...\/.\/\/....\/...\/\/\/\/.
Case #18:
....../\./\./\./\./\./\....../\.../\/\./\
/\./\.\/.\/.\/.\/.\/.\//\./\.\/./\\/\/.\/
\/.\/../\../\/\/\......\/.\/../\\//\/\/\.
./\./\.\//\\/\/\//\./\.../\./\\/..\/\/\/.
.\/.\/./\\/./\./\\/.\/./\\/.\/./\/\../\/\
/\/\./\\/./\\/.\/./\/\.\/......\/\//\\/\/
\/\/.\//\.\//\/\/\\/\/./\./\/\.../\\/./\.
.../\/\\//\.\/\/\/./\/\\/.\/\/./\\/...\/.
./\\/\/..\/./\./\/\\/\/.../\/\.\/../\/\/\
.\/./\/\/\/\\/.\/\/./\/\/\\/\/./\/\\/\/\/
/\..\/\/\/\/./\/\./\\/\/\/.../\\/\/.../\.
\//\.../\./\.\/\/.\/../\./\/\\/.../\/\\/.
..\/./\\/.\/.../\.../\\/.\/\/./\/\\/\/...
./\/\\//\./\./\\/./\\/..../\/\\/\//\/\/\.
.\/\/..\/.\/.\/./\\//\./\.\/\/./\.\/\/\/.
./\/\/\/\/\/\./\\/..\/.\/../\/\\/./\/\./\
.\/\/\/\/\/\/.\/../\./\./\.\/\/...\/\/.\/
/\/\../\.../\/\./\\/.\/.\/./\/\/\/\/\/\..
\/\//\\/./\\/\/.\/./\/\./\.\/\/\/\/\/\//\
./\.\//\.\//\./\/\.\/\/.\/../\/\./\/\/\\/
.\/./\\/./\\/.\/\//\/\/\/\/\\/\/.\/\/\//\
../\\/...\/.../\/\\/\/\/\/\//\/\/\/\...\/
/\\//\/\/\/\/\\/\/./\/\../\.\/\/\/\/./\/\
\//\\/\/\/\/\//\...\/\//\\/./\/\/\...\/\/
..\/....../\..\//\./\..\/./\\/\/\//\./\..
./\./\/\/\\//\..\/.\/./\/\\/......\/.\//\
.\/.\/\/\//\\//\/\/\/\\/\//\/\./\/\./\.\/
..........\/..\/\/\/\/....\/\/.\/\/.\/...
Case #19:
Impossible
Case #20:
.../\/\.../\.../\/\....../\.../\/\/\./\/\./\..
/\.\/\//\.\/./\\/\//\./\.\//\.\/\/\/.\/\/.\//\
\/../\.\/./\.\//\/\\/.\/./\\//\/\../\/\/\/\.\/
./\.\//\..\//\.\/\/./\...\/..\/\//\\/\/\/\//\.
.\/./\\/./\.\//\../\\//\/\./\../\\/../\/\/\\/.
./\.\//\.\/...\//\\//\\/\/.\//\\//\/\\/\/\/...
.\/./\\/../\./\.\//\\//\.../\\//\\/\//\..../\.
/\/\\/./\.\/.\/...\/..\//\.\//\\/....\/./\.\/.
\/\/./\\/./\./\/\.../\..\/...\/./\./\...\/../\
/\/\.\//\.\/.\/\/./\\//\/\/\./\.\/.\//\../\.\/
\/\/...\//\../\/\.\/..\/\/\/.\//\/\/\\//\\/./\
/\./\/\/\\//\\/\/./\/\./\/\/\/\\/\/\//\\//\.\/
\/.\/\/\/..\//\./\\/\/.\/\/\/\//\./\.\/..\//\.
./\/\./\/\./\\/.\/./\/\/\/\/\..\/.\/.../\/\\/.
.\/\/.\/\/.\//\../\\/\/\/\/\//\../\/\/\\/\//\.
./\/\/\/\/\/\\//\\//\.../\./\\//\\/\/\/....\/.
.\/\/\/\/\/\/..\/..\//\.\/.\/..\/../\./\/\....
....../\/\/\/\..../\.\/./\/\/\/\/\.\/.\/\/./\.
/\/\/\\/\/\/\/./\.\//\/\\/\/\/\/\/..../\/\.\/.
\/\/\/../\./\..\//\.\/\//\/\/\/\/\/\/\\/\//\..
/\./\/\.\/.\//\/\\/../\.\/\/\/\/\/\/\//\/\\//\
\/.\/\/../\..\/\/./\.\/./\/\/\.../\/\.\/\//\\/
/\/\./\/\\/./\./\.\/../\\/\/\//\.\/\/../\.\//\
\/\/.\/\/./\\/.\//\/\.\//\/\..\/./\/\/\\/./\\/
/\./\../\.\//\/\.\/\/./\\/\/./\/\\/\/\/./\\/..
\/.\//\\//\.\/\//\/\..\//\...\/\/./\/\/\\//\/\
./\..\/..\/./\..\/\/./\.\//\..../\\/\/\//\\/\/
.\/./\/\/\..\/./\/\..\//\.\/./\.\/./\...\//\..
../\\/\/\//\./\\/\//\/\\//\/\\//\..\//\/\.\//\
/\\/.../\.\/.\//\/\\/\/..\/\//\\/./\.\/\//\.\/
\/../\.\/......\/\/.../\/\./\\/...\//\/\.\/./\
./\.\/../\./\./\./\./\\/\/.\/./\/\..\/\//\..\/
.\//\/\.\/.\/.\/.\/.\/./\.../\\/\//\./\.\/./\.
/\.\/\/.../\.../\/\/\/\\//\.\/./\.\/.\//\/\\/.
\//\../\/\\/./\\/\/\/\/..\/./\.\//\....\/\//\.
/\\//\\/\//\.\//\.../\/\/\..\/./\\//\./\/\.\/.
\/..\/./\.\//\.\//\.\/\/\//\./\\//\\/.\/\/....
/\/\...\//\.\/./\\/./\./\.\/.\//\\/.../\/\/\/\
\/\//\...\/../\\/...\/.\/..../\\/./\/\\/\/\/\/
/\/\\/./\/\/\\//\./\/\./\./\.\//\.\/\//\/\./\.
\/\/...\/\/\/..\/.\/\/.\/.\/...\/.....\/\/.\/.
Case #21:
/\../\/\/\/\........../\/\./\/\/\..
\//\\/\/\/\//\./\/\/\.\/\/.\/\/\//\
..\/../\/\/\\/.\/\/\//\....../\/\\/
/\./\.\/\/\/./\/\/\/\\/./\/\.\/\//\
\/.\/..../\..\/\/\/\/./\\/\//\/\.\/
/\/\../\.\//\/\/\./\..\//\/\\/\/...
\/\//\\/./\\/\/\/.\/./\.\/\/../\./\
....\//\.\/..........\//\/\./\\/.\/
/\/\/\\/./\/\/\/\/\/\/\\/\/.\//\./\
\/\/\/...\/\/\/\/\/\/\//\.....\/.\/
./\/\/\/\/\/\./\/\.....\//\./\../\.
.\/\/\/\/\/\/.\/\//\./\/\\/.\//\\/.
/\/\./\.../\/\....\/.\/\//\...\//\.
\/\/.\/./\\/\/./\.../\...\//\/\.\/.
/\/\./\.\//\/\.\//\.\//\/\.\/\//\..
\/\/.\//\.\/\//\.\/./\\/\//\./\\//\
./\/\/\\//\...\/./\.\/....\/.\//\\/
.\/\/\//\\/./\...\/./\/\/\/\./\\//\
./\../\\/...\/./\...\/\/\/\/.\//\\/
.\//\\/./\/\/\.\//\/\/\/\..../\\/..
./\\/./\\/\/\/./\\/\/\/\/./\.\/./\.
.\/...\/.../\/\\//\/\/\./\\/./\.\/.
/\/\/\/\./\\/\//\\/\/\/.\/...\//\/\
\/\/\/\/.\/../\\/../\.../\/\./\\/\/
/\./\./\/\/\.\//\/\\//\.\/\/.\/./\.
\/.\/.\/\/\/...\/\//\\//\..../\.\/.
....../\/\/\/\/\...\/..\//\/\\//\/\
./\./\\/\/\/\/\/./\/\/\/\\/\/..\/\/
.\/.\//\..../\/\.\/\/\/\/.../\.../\
/\/\/\\/./\.\/\//\/\./\/\./\\//\.\/
\/\/\//\.\/./\/\\/\/.\/\/.\/..\/./\
.../\.\/../\\/\/...../\/\.../\./\\/
/\.\/.../\\/...../\/\\/\//\.\/.\//\
\/.../\.\/../\/\.\/\//\..\/./\./\\/
.../\\/../\.\/\/.....\//\./\\/.\//\
/\.\//\/\\//\/\/\/\./\.\/.\//\/\.\/
\/...\/\/..\/\/\/\/.\/......\/\/...
Case #22:
Impossible
Case #23:
.../\......./\...../\./\.../\./\/\/\/\
./\\//\/\./\\//\./\\/.\//\.\/.\/\/\/\/
.\//\\/\/.\//\\/.\//\/\.\/......../\/\
./\\/./\./\.\/../\.\/\//\./\/\/\/\\/\/
.\/./\\/.\/./\/\\/./\/\\/.\/\/\/\//\/\
../\\/......\/\/./\\/\/../\/\../\.\/\/
/\\/../\/\/\/\...\/./\/\.\/\//\\//\/\.
\/../\\/\/\/\//\/\..\/\/.....\/..\/\/.
/\/\\//\./\/\.\/\/./\/\/\/\/\./\/\/\..
\/\//\\/.\/\//\./\.\/\/\/\/\/.\/\/\//\
./\.\//\.../\\/.\/../\.../\/\./\....\/
.\//\.\/./\\//\./\/\\/./\\/\/.\/./\...
...\/./\.\//\\/.\/\/./\\/./\/\/\.\//\.
/\/\..\/...\//\./\...\/./\\/\/\/./\\/.
\/\//\./\/\..\/.\/./\/\.\//\/\...\/./\
../\\/.\/\//\./\./\\/\/./\\/\//\....\/
/\\/.../\/\\/.\/.\/./\/\\/./\.\/./\./\
\//\./\\/\/./\/\/\/\\/\/...\/....\/.\/
/\\/.\/.....\/\/\/\/.../\/\/\/\./\./\.
\//\../\/\/\/\./\./\/\.\/\/\/\/.\/.\/.
..\//\\/\/\/\/.\/.\/\/./\/\/\.../\/\..
/\..\/./\./\/\/\../\./\\/\/\//\.\/\//\
\/./\/\\/.\/\/\//\\/.\/./\/\.\/.....\/
...\/\/./\/\/\/\\/./\./\\/\//\../\/\/\
/\.../\.\/\/\/\/./\\/.\/....\//\\/\/\/
\/./\\//\/\/\/\..\/../\./\/\..\//\/\/\
...\//\\/\/\/\//\../\\/.\/\//\/\\/\/\/
/\./\\/../\....\//\\/./\/\/\\/\//\/\..
\/.\/./\.\/./\...\/./\\/\/\//\..\/\//\
/\/\/\\//\/\\//\./\.\//\/\/\\//\./\.\/
\/\/\/..\/\/..\/.\/...\/\/\/..\/.\/...
Case #24:
/\/\./\/\./\/\/\/\./\/\/\./\/\.
\/\/.\/\/.\/\/\/\/.\/\/\/.\/\/.
/\/\./\/\/\/\./\./\/\/\./\/\/\.
\/\/.\/\/\/\/.\/.\/\/\/.\/\/\/.
/\/\/\./\./\/\/\/\./\/\/\/\./\.
\/\/\/.\/.\/\/\/\/.\/\/\/\/.\/.
/\../\/\./\./\/\./\/\/\/\/\/\..
\//\\/\/.\/.\/\/.\/\/\/\/\/\/..
/\\/../\/\/\/\/\/\/\/\./\/\./\.
\//\/\\/\/\/\/\/\/\/\/.\/\/.\/.
/\\/\//\/\/\/\/\./\./\/\./\./\.
\//\..\/\/\/\/\/.\/.\/\/.\/.\/.
..\//\../\/\/\/\/\/\/\./\./\/\.
/\..\//\\/\/\/\/\/\/\/.\/.\/\/.
\//\/\\//\/\../\/\./\/\/\./\/\.
/\\/\//\\/\//\\/\/.\/\/\/.\/\/.
\//\..\/../\\/../\./\./\/\/\./\
/\\//\/\/\\/../\\/.\/.\/\/\/.\/
\//\\/\/\/../\\//\/\./\/\/\/\/\
..\//\../\/\\//\\/\/.\/\/\/\/\/
/\..\//\\/\/..\/../\/\./\./\/\.
\//\/\\//\../\../\\/\/.\/.\/\/.
/\\/\//\\//\\//\\//\/\/\/\/\./\
\/../\\/..\//\\//\\/\/\/\/\/.\/
/\/\\/../\/\\//\\//\/\/\/\./\/\
\/\//\/\\/\//\\//\\/\/\/\/.\/\/
../\\/\//\..\//\\//\../\/\/\./\
/\\//\/\\//\/\\//\\//\\/\/\/.\/
\//\\/\/..\/\//\\//\\//\/\../\.
..\//\/\/\/\/\\//\\//\\/\//\\/.
/\/\\/\/\/\/\//\\//\\//\/\\//\.
\/\/..../\/\/\\//\\//\\/\//\\/.
/\/\/\/\\/\/\/..\/..\//\..\//\.
\/\/\/\/../\/\/\../\/\\//\..\/.
..........\/\/\/..\/\/..\/.....
Case #25:
Impossible
Case #26:
Impossible
Case #27:
....../\/\../\...../\../\.../\
./\/\.\/\//\\//\./\\//\\//\.\/
.\/\/./\..\//\\/.\/..\/..\/./\
/\../\\//\/\\//\/\/\./\./\..\/
\//\\/..\/\//\\/\/\/.\/.\//\..
..\/../\./\.\/...../\./\/\\//\
./\/\.\/.\/.../\./\\/.\/\/..\/
.\/\/./\./\./\\/.\/./\/\./\...
/\./\.\/.\/.\/../\..\/\/.\//\.
\/.\/..../\/\/\.\//\/\/\...\/.
....../\.\/\/\/./\\/\/\//\../\
./\/\.\/.../\./\\/./\./\\//\\/
.\/\/./\./\\/.\/./\\/.\//\\/..
/\/\..\/.\/......\//\./\\//\/\
\/\/./\/\/\/\./\...\/.\//\\/\/
../\.\/\/\/\/.\//\.../\.\/....
/\\//\..../\/\..\//\.\/..../\.
\/..\/./\.\/\//\/\\/.../\/\\/.
/\/\/\.\/./\/\\/\/../\.\/\/...
\/\/\//\/\\/\/../\/\\/./\/\/\.
.../\.\/\/../\/\\/\/...\/\/\/.
./\\/..../\.\/\//\.../\/\/\/\.
.\/../\/\\/../\.\/./\\/\/\/\/.
.../\\/\//\/\\//\..\/./\/\./\.
/\.\//\..\/\//\\//\./\\/\/.\/.
\//\.\/./\/\.\/..\/.\/./\.../\
/\\//\..\/\/..../\.../\\//\.\/
\//\\//\./\/\/\.\//\.\//\\/./\
/\\//\\/.\/\/\//\.\/...\/...\/
\/..\//\/\/\...\//\/\/\/\/\...
/\./\.\/\/\//\./\\/\/\/\/\/./\
\/.\/.......\/.\/...........\/
Case #28:
/\/\/\./\/\./\/\/\/\/\./\/\/\./\./\/\
\/\/\/.\/\/.\/\/\/\/\/.\/\/\/.\/.\/\/
/\/\./\/\/\/\/\/\/\/\/\/\/\/\/\/\/\/\
\/\/.\/\/\/\/\/\/\/\/\/\/\/\/\/\/\/\/
/\../\/\/\./\./\/\./\./\/\/\/\./\/\/\
\//\\/\/\/.\/.\/\/.\/.\/\/\/\/.\/\/\/
..\/../\/\./\./\/\./\./\/\/\/\/\/\/\.
/\/\/\\/\/.\/.\/\/.\/.\/\/\/\/\/\/\/.
\/\/\//\/\/\./\/\/\/\/\./\/\/\./\/\..
/\/\/\\/\/\/.\/\/\/\/\/.\/\/\/.\/\/..
\/\/\//\/\/\./\./\/\./\./\/\/\./\./\.
/\/\/\\/\/\/.\/.\/\/.\/.\/\/\/.\/.\/.
\/\/\//\/\/\/\/\./\/\./\./\/\/\./\./\
/\/\..\/\/\/\/\/.\/\/.\/.\/\/\/.\/.\/
\/\//\/\../\../\/\/\./\/\/\/\/\/\/\..
/\..\/\//\\//\\/\/\/.\/\/\/\/\/\/\/..
\//\/\/\\//\\/../\/\/\/\/\/\/\/\/\./\
..\/\/\/..\//\/\\/\/\/\/\/\/\/\/\/.\/
/\/\/\/\/\/\\/\//\/\/\/\/\./\/\./\/\.
\/\/\/\/\/\//\/\\/\/\/\/\/.\/\/.\/\/.
/\/\....../\\/\//\/\/\/\./\./\/\./\..
\/\//\/\/\\//\/\\/\/\/\/.\/.\/\/.\/..
/\..\/\/\//\\/\//\/\/\/\./\./\/\/\/\.
\//\/\../\\//\/\\/\/\/\/.\/.\/\/\/\/.
/\\/\//\\//\\/\//\/\/\../\/\/\./\/\/\
\//\..\/..\/../\\/\/\//\\/\/\/.\/\/\/
/\\//\/\/\/\/\\/../\..\//\/\./\./\/\.
\/..\/\/\/\/\/....\/....\/\/.\/.\/\/.
Case #29:
Impossible
Case #30:
/\/\/\/\./\/\/\./\./\./\/\/\/\.
\/\/\/\/.\/\/\/.\/.\/.\/\/\/\/.
/\/\./\./\./\/\./\/\/\/\/\./\..
\/\/.\/.\/.\/\/.\/\/\/\/\/.\/..
/\../\/\/\/\./\/\/\/\./\/\./\/\
\//\\/\/\/\/.\/\/\/\/.\/\/.\/\/
/\\/../\/\/\./\/\/\/\./\/\/\/\.
\//\/\\/\/\/.\/\/\/\/.\/\/\/\/.
..\/\/../\./\./\/\/\./\./\/\/\.
/\/\/\/\\/.\/.\/\/\/.\/.\/\/\/.
\/\/\/\/../\/\/\/\/\/\./\/\/\/\
../\/\/\/\\/\/\/\/\/\/.\/\/\/\/
/\\/\/\/\//\/\/\/\./\/\./\/\./\
\/..../\..\/\/\/\/.\/\/.\/\/.\/
/\/\/\\//\/\../\/\/\/\/\./\./\.
\/\/\//\\/\//\\/\/\/\/\/.\/.\/.
/\/\..\/../\\//\/\/\/\./\./\/\.
\/\//\/\/\\/..\/\/\/\/.\/.\/\/.
/\..\/\/\//\/\/\/\/\/\./\./\/\.
\//\../\/\\/\/\/\/\/\/.\/.\/\/.
/\\//\\/\//\/\/\/\../\/\/\/\/\.
\//\\//\/\\/\/\/\//\\/\/\/\/\/.
/\\//\\/\//\../\/\\//\/\./\/\..
\//\\//\/\\//\\/\/..\/\/.\/\/..
/\\//\\/\//\\//\/\/\/\/\/\/\./\
\//\\//\/\\//\\/\/\/\/\/\/\/.\/
/\\/..\/\//\\//\../\/\/\/\/\/\.
\/........\/..\/..\/\/\/\/\/\/.
Case #31:
../\.../\...../\./\/\....../\......../\../\
/\\//\.\//\/\.\/.\/\/./\/\.\//\/\/\/\\//\\/
\/..\//\.\/\//\../\/\.\/\/./\\/\/\/\//\\/..
./\/\.\//\...\//\\/\//\./\.\/........\/../\
.\/\//\.\//\...\/./\.\/.\/.../\/\/\/\/\/\\/
/\...\//\.\//\/\/\\//\/\./\/\\/\/\/\/\/\/..
\//\/\.\//\.\/\/\/..\/\/.\/\//\/\/\..../\/\
/\\/\//\.\//\../\./\/\/\/\/\.\/\/\/./\.\/\/
\/../\\/...\//\\/.\/\/\/\/\//\.../\.\//\/\.
./\.\//\/\...\/.../\./\/\/\.\//\.\/./\\/\/.
.\/...\/\/./\/\./\\/.\/\/\/./\\/./\.\/./\/\
./\./\.../\\/\/.\/...../\./\\/./\\/....\/\/
.\/.\//\.\/./\...../\/\\/.\/...\//\/\/\....
/\....\//\/\\//\/\.\/\/../\./\...\/\/\//\/\
\//\/\/\\/\//\\/\/...../\\/.\/./\.../\.\/\/
/\\/\/\//\..\/..../\/\.\/.../\.\//\.\//\/\.
\/./\/\.\//\./\./\\/\//\/\/\\/...\/...\/\/.
/\.\/\//\.\/.\/.\/....\/\/\/.../\/\./\/\./\
\/.....\/....../\../\/\.../\./\\/\/.\/\/.\/
./\./\.../\/\/\\//\\/\//\.\/.\/../\..../\/\
.\/.\/./\\/\/\//\\/./\.\//\/\../\\/./\.\/\/
.../\..\/./\...\//\.\/./\\/\//\\/...\//\./\
./\\/./\/\\//\/\.\//\/\\/./\.\//\/\/\.\/.\/
.\/./\\/\//\\/\//\.\/\/...\/...\/\/\/./\./\
/\/\\/../\\//\/\\//\/\/\./\/\/\./\/\/\\/.\/
\/\//\/\\/..\/\//\\/\/\/.\/\/\/.\/\/\/./\/\
./\.\/\//\/\/\/\\/..../\..../\/\/\/\./\\/\/
.\/./\..\/\/\/\//\/\/\\/./\.\/\/\/\/.\//\/\
/\/\\//\./\./\/\\/\/\/./\\/./\..../\...\/\/
\/\//\\/.\/.\/\/./\/\/\\//\.\/./\.\/./\/\/\
./\.\/../\./\/\/\\/\/\//\\/....\//\/\\/\/\/
.\//\/\.\/.\/\/\/./\/\.\/./\/\/\.\/\/./\/\.
...\/\/...........\/\/....\/\/\/......\/\/.
Case #32:
Impossible
Case #33:
/\/\./\/\./\/\/\/\./\./\/\/\./\/\/\/\/\./\/\.
\/\/.\/\/.\/\/\/\/.\/.\/\/\/.\/\/\/\/\/.\/\/.
/\/\./\./\/\./\./\/\./\./\./\/\/\/\/\/\/\./\.
\/\/.\/.\/\/.\/.\/\/.\/.\/.\/\/\/\/\/\/\/.\/.
..../\/\/\/\./\/\/\/\./\./\/\/\./\/\./\/\./\.
/\/\\/\/\/\/.\/\/\/\/.\/.\/\/\/.\/\/.\/\/.\/.
\/\//\/\/\/\/\/\/\/\./\/\/\/\/\/\./\/\/\/\/\.
/\/\\/\/\/\/\/\/\/\/.\/\/\/\/\/\/.\/\/\/\/\/.
\/\/../\/\/\./\/\./\/\/\/\/\./\./\/\/\/\./\/\
/\/\/\\/\/\/.\/\/.\/\/\/\/\/.\/.\/\/\/\/.\/\/
\/\/\//\../\/\./\./\/\/\./\/\/\/\/\./\/\/\/\.
/\/\/\\//\\/\/.\/.\/\/\/.\/\/\/\/\/.\/\/\/\/.
\/\/\//\\//\/\./\/\./\/\/\./\./\/\./\/\/\./\.
/\/\..\//\\/\/.\/\/.\/\/\/.\/.\/\/.\/\/\/.\/.
\/\//\/\\//\../\/\/\/\./\/\/\/\/\/\/\/\./\/\.
/\/\\/\//\\//\\/\/\/\/.\/\/\/\/\/\/\/\/.\/\/.
\/\/....\//\\//\/\/\/\/\./\/\/\/\./\/\/\/\./\
../\/\/\/\\//\\/\/\/\/\/.\/\/\/\/.\/\/\/\/.\/
/\\/\/\/\//\\/..../\/\/\/\./\./\/\/\/\/\/\/\.
\//\/\../\\//\/\/\\/\/\/\/.\/.\/\/\/\/\/\/\/.
/\\/\//\\/..\/\/\/../\/\/\/\/\./\/\/\./\./\/\
\/....\//\/\/\/\/\/\\/\/\/\/\/.\/\/\/.\/.\/\/
/\/\/\/\\/\/\/\/\/\//\/\./\/\./\./\/\/\./\/\.
\/\/\/\/..../\/\/\/\\/\/.\/\/.\/.\/\/\/.\/\/.
/\../\/\/\/\\/\/\/\/../\/\/\./\./\/\/\/\./\..
\//\\/\/\/\//\/\/\/\/\\/\/\/.\/.\/\/\/\/.\/..
..\//\../\..\/\/\/\/\/..../\/\/\/\/\./\/\/\/\
/\..\//\\//\../\/\/\/\/\/\\/\/\/\/\/.\/\/\/\/
\//\/\\//\\//\\/\/\/\/\/\//\/\./\/\./\./\/\/\
/\\/\/..\//\\//\/\/\/\/\/\\/\/.\/\/.\/.\/\/\/
\//\/\/\..\//\\/\/\/\/\/\//\../\/\/\/\/\/\/\.
..\/\/\//\/\\/../\/\/\/\/\\//\\/\/\/\/\/\/\/.
/\/\/\..\/\/../\\/\/\/\/\/..\//\/\/\./\/\/\/\
\/\/\//\/\/\/\\//\/\../\/\/\/\\/\/\/.\/\/\/\/
/\/\/\\/\/\/\//\\/\//\\/\/\/\//\../\/\/\./\/\
\/\/\/../\/\/\\/....\//\/\/\/\\//\\/\/\/.\/\/
../\../\\/\/\/../\/\/\\/\/\/\//\\//\/\./\/\/\
/\\//\\/../\/\/\\/\/\//\/\../\\//\\/\/.\/\/\/
\/..\//\/\\/\/\//\/\..\/\//\\//\\//\/\/\/\/\.
/\/\/\\/\//\/\/\\/\//\/\/\\/..\/..\/\/\/\/\/.
\/\/\/../\\/\/\//\/\\/\/\/../\/\/\/\/\/\/\/\.
/\/\/\/\\//\....\/\//\/\../\\/\/\/\/\/\/\/\/.
\/\/\/\//\\//\/\/\..\/\//\\//\/\/\/\..../\/\.
/\/\../\\//\\/\/\//\/\..\//\\/\/\/\//\/\\/\/.
\/\/..\/..\/......\/\/....\/........\/\/.....
Case #34:
/\/\/\/\....../\/\/\/\./\./\.../\.../\/\.
\/\/\/\//\/\/\\/\/\/\/.\/.\//\.\//\.\/\/.
/\/\./\.\/\/\//\./\../\/\...\//\.\/......
\/\/.\//\/\/\.\/.\//\\/\//\/\.\/.../\/\/\
../\./\\/\/\/......\//\/\\/\/./\./\\/\/\/
/\\/.\/..../\./\./\..\/\//\/\.\/.\//\/\/\
\//\/\./\/\\/.\/.\//\../\\/\//\./\.\/\/\/
..\/\/.\/\/../\/\/\\//\\/....\/.\/.../\..
./\./\/\/\./\\/\/\/..\/.../\../\.../\\//\
.\/.\/\/\/.\/....../\/\./\\//\\//\.\//\\/
./\..../\/\./\/\./\\/\/.\//\\/..\/...\//\
.\/./\.\/\/.\/\/.\//\.....\//\/\.../\..\/
/\..\/./\./\/\.....\//\/\...\/\//\.\//\/\
\/./\/\\/.\/\/./\/\..\/\//\./\/\\/...\/\/
./\\/\//\......\/\//\./\.\/.\/\/./\/\../\
.\/....\/./\/\.....\/.\/../\./\/\\/\//\\/
/\/\./\/\.\/\//\./\../\/\.\/.\/\//\..\/..
\/\/.\/\/./\..\/.\//\\/\/.../\/\.\//\./\.
./\/\.....\//\/\/\.\//\../\.\/\/./\\/.\/.
.\/\//\./\/\\/\/\/...\//\\/......\/..../\
./\/\\/.\/\/./\/\/\/\/\\//\/\./\./\/\/\\/
.\/\/./\/\/\.\/\/\/\/\//\\/\/.\/.\/\/\//\
/\....\/\/\//\/\/\./\..\/./\./\./\.../\\/
\//\/\/\....\/\/\/.\//\/\.\/.\/.\/./\\/..
..\/\/\//\./\....../\\/\/./\./\./\.\/./\.
/\.../\.\/.\//\/\/\\/../\.\/.\/.\/....\/.
\//\.\/../\/\\/\/\/./\.\/./\/\../\/\./\/\
/\\/../\.\/\/...../\\/../\\/\//\\/\/.\/\/
\/../\\//\.../\./\\/../\\//\..\/./\/\./\.
../\\//\\//\.\/.\//\/\\//\\//\./\\/\/.\/.
/\\/..\//\\//\....\/\//\\/..\/.\//\../\/\
\//\/\/\\/..\//\/\./\.\/./\/\/\..\//\\/\/
..\/\/\/./\/\.\/\/.\//\/\\/\/\//\..\/....
/\./\../\\/\//\./\/\.\/\/../\..\//\/\./\.
\/.\//\\//\/\\/.\/\//\./\/\\//\/\\/\/.\/.
/\/\.\//\\/\//\.....\/.\/\/..\/\/./\./\..
\/\/./\\/../\\/./\/\./\./\/\/\/\/\\/.\//\
/\...\/../\\/...\/\/.\/.\/\/\/\/\/.....\/
\/./\./\.\//\/\./\/\/\./\/\./\./\/\/\./\.
...\/.\//\.\/\/.\/\/\/.\/\/.\/.\/\/\/.\/.
/\......\//\/\../\./\/\../\./\/\./\./\./\
\/./\./\..\/\//\\/.\/\//\\/.\/\/.\/.\/.\/
/\.\/.\/./\...\/../\/\.\/../\../\/\/\/\/\
\/../\...\/./\/\/\\/\//\/\.\//\\/\/\/\/\/
/\/\\//\/\/\\/\/\/./\.\/\/...\//\...../\.
\/\//\\/\/\//\/\/\.\/../\../\/\\/./\/\\/.
/\/\\//\/\..\/\/\//\/\.\//\\/\/...\/\/./\
\/\//\\/\//\/\/\..\/\/...\/.../\/\/\/\.\/
./\.\//\/\\/\/\/./\/\/\/\/\/\.\/\/\/\//\.
.\/...\/\/.......\/\/\/\/\/\/.........\/.
Case #35:
./\/\./\./\...../\/\/\/\../\/\./\.../\../\/\/\....
.\/\/.\/.\//\./\\/\/\/\//\\/\/.\/./\\//\\/\/\/./\.
/\/\/\./\/\\/.\//\/\./\.\/........\//\\//\/\...\/.
\/\/\/.\/\//\./\\/\/.\/./\./\/\./\..\//\\/\/./\/\.
/\/\.../\/\\/.\//\/\/\..\/.\/\/.\//\/\\//\./\\/\/.
\/\//\.\/\/.....\/\/\//\.../\.../\\/\/..\/.\/.....
/\/\\/../\/\/\./\/\...\/./\\//\.\//\./\/\./\/\/\/\
\/\/./\.\/\/\/.\/\//\/\..\//\\/...\/.\/\/.\/\/\/\/
./\..\//\/\/\../\/\\/\/./\.\/.../\/\./\/\/\../\./\
.\//\..\/\/\//\\/\//\...\/../\/\\/\/.\/\/\//\\/.\/
/\.\/./\.../\\/./\.\//\./\/\\/\//\/\/\/\./\\//\./\
\//\..\//\.\/...\//\.\/.\/\//\..\/\/\/\/.\//\\/.\/
..\//\..\/..../\/\\/.../\/\.\//\..../\./\/\\/.....
/\/\\//\./\./\\/\/./\/\\/\/...\//\/\\/.\/\/./\/\/\
\/\//\\/.\/.\/./\/\\/\/./\./\...\/\/./\./\..\/\/\/
....\/.../\/\..\/\/../\.\/.\//\......\/.\//\/\....
/\/\/\./\\/\//\../\/\\/..../\\/./\/\./\...\/\/./\.
\/\/\/.\/../\\//\\/\/../\/\\/...\/\/.\/./\./\/\\/.
./\/\./\/\.\/..\//\/\/\\/\//\./\./\/\./\\/.\/\//\.
.\/\/.\/\//\./\/\\/\/\/../\\/.\/.\/\/.\/.......\/.
./\/\../\.\/.\/\/./\/\/\.\//\/\/\/\/\./\/\./\./\..
.\/\//\\/./\/\../\\/\/\/...\/\/\/\/\/.\/\/.\/.\//\
/\...\/./\\/\//\\//\./\/\/\./\/\./\/\/\...../\/\\/
\//\../\\//\..\/..\/.\/\/\/.\/\/.\/\/\/./\/\\/\/..
..\//\\/..\/./\/\/\.../\/\/\../\../\./\.\/\/./\/\.
./\.\/./\/\/\\/\/\//\.\/\/\//\\//\\/.\/./\...\/\/.
.\/../\\/\/\/./\./\\/../\/\.\/..\/.../\.\//\/\./\.
./\/\\//\/\/\.\/.\//\/\\/\//\/\./\/\.\/./\\/\/.\/.
.\/\/..\/\/\/..../\\/\/....\/\/.\/\//\..\/.../\./\
/\/\/\./\/\/\/\/\\//\/\./\......./\.\//\/\/\.\/.\/
\/\/\/.\/\/\/\/\//\\/\/.\//\/\./\\/./\\/\/\/..../\
./\./\/\/\/\/\./\\//\../\.\/\/.\/...\//\./\/\/\.\/
.\/.\/\/\/\/\/.\//\\//\\//\./\..../\/\\/.\/\/\//\.
/\/\/\/\/\/\/\/\.\//\\//\\/.\/./\.\/\//\/\./\..\/.
\/\/\/\/\/\/\/\/./\\//\\/./\/\.\/.../\\/\/.\/./\/\
./\./\/\./\/\../\\/..\/...\/\/../\/\\//\/\/\/\\/\/
.\/.\/\/.\/\//\\/./\/\../\/\/\/\\/\/..\/\/\/\/....
../\..../\./\\/...\/\//\\/\/\/\//\./\./\...../\./\
/\\//\/\\/.\//\/\/\/\.\/../\./\.\/.\/.\/./\/\\/.\/
\//\\/\/.../\\/\/\/\//\./\\/.\/../\.../\.\/\/./\/\
/\\//\/\/\.\/./\/\/\.\/.\//\./\/\\//\.\//\./\.\/\/
\/..\/\/\/../\\/\/\/./\/\.\/.\/\//\\/...\/.\/../\.
/\./\./\/\/\\/./\/\/\\/\//\/\/\/\\/../\/\/\/\/\\/.
\/.\/.\/\/\/./\\/\/\/....\/\/\/\//\/\\/\/\/\/\/...
......../\/\.\/./\/\../\....../\.\/\//\.../\../\/\
./\./\/\\/\//\/\\/\//\\//\./\.\/.....\//\.\//\\/\/
.\/.\/\/....\/\//\/\\/..\/.\//\/\/\/\..\//\.\//\/\
../\./\../\./\/\\/\/../\./\..\/\/\/\//\..\/...\/\/
/\\/.\//\\/.\/\//\/\/\\/.\//\/\/\/\/\\//\/\./\/\/\
\/.....\/.......\/\/\/.....\/\/\/\/\/..\/\/.\/\/\/
Case #36:
Impossible
Case #37:
Impossible
Case #38:
/\...../\.../\/\/\.........../\......./\./\
\/./\/\\/./\\/\/\/./\/\/\./\.\/./\./\.\/.\/
./\\/\//\.\/./\/\/\\/\/\/.\/....\/.\/./\/\.
.\/....\//\..\/\/\//\/\.../\./\/\../\.\/\/.
/\./\/\/\\//\/\./\.\/\//\.\/.\/\//\\/../\/\
\/.\/\/\/..\/\/.\/.../\\/...../\.\//\/\\/\/
/\/\./\/\/\/\./\./\/\\/.../\/\\//\.\/\/./\.
\/\/.\/\/\/\/.\/.\/\//\./\\/\//\\/..../\\/.
/\./\/\../\/\.../\./\\/.\/....\/./\./\\//\.
\/.\/\//\\/\//\.\/.\//\/\./\/\/\.\/.\//\\/.
...../\\//\/\\/./\...\/\/.\/\/\//\....\/...
./\/\\/..\/\//\.\//\/\/\./\/\...\//\./\./\.
.\/\/./\.....\/...\/\/\/.\/\//\./\\/.\/.\/.
/\/\..\/./\./\./\/\/\../\../\\/.\//\.......
\/\//\/\.\/.\/.\/\/\//\\//\\/../\.\//\./\/\
./\.\/\//\/\/\/\.....\/..\/./\.\//\.\/.\/\/
.\/.....\/\/\/\/./\/\/\/\...\//\.\//\./\...
/\/\./\/\/\../\..\/\/\/\//\...\/./\\/.\/./\
\/\/.\/\/\//\\//\./\./\..\/./\/\.\/..../\\/
/\./\..../\\/..\/.\/.\/./\/\\/\/.../\/\\/..
\/.\/./\.\/.../\/\./\./\\/\/../\/\.\/\/./\.
/\/\..\/.../\.\/\/.\/.\//\../\\/\//\/\..\/.
\/\//\../\.\/../\.../\..\//\\//\/\\/\/./\..
....\//\\/.../\\/./\\/./\.\//\\/\/./\..\//\
/\./\.\//\./\\/./\\//\.\/./\\//\/\.\//\/\\/
\/.\/...\/.\//\.\//\\//\/\\//\\/\/./\\/\//\
/\/\./\../\..\//\.\//\\/\//\\/./\/\\/../\\/
\/\/.\//\\//\..\/./\\/....\//\.\/\/../\\//\
./\/\/\\//\\//\/\.\/./\/\/\.\//\./\/\\/..\/
.\/\/\/..\/..\/\//\/\\/\/\//\.\/.\/\/../\/\
/\/\../\/\./\/\..\/\/......\//\.../\/\.\/\/
\/\//\\/\/.\/\/./\./\/\/\./\.\//\.\/\//\/\.
/\..\/..../\./\.\/.\/\/\/.\//\.\/.....\/\/.
\//\/\/\/\\/.\/./\/\/\/\/\/\\/./\/\/\../\/\
..\/\/\/\/......\/\/\/\/\/\//\.\/\/\//\\/\/
/\/\/\/\/\/\/\./\./\/\./\./\\//\./\/\\/./\.
\/\/\/\/\/\/\/.\/.\/\/.\/.\/..\/.\/\/...\/.
Case #39:
/\/\/\/\./\/\./\./\/\./\/\./\/\/\/\./\/\/\./\./\/\
\/\/\/\/.\/\/.\/.\/\/.\/\/.\/\/\/\/.\/\/\/.\/.\/\/
/\/\./\/\/\./\/\/\/\/\/\./\/\./\/\./\/\./\/\./\/\.
\/\/.\/\/\/.\/\/\/\/\/\/.\/\/.\/\/.\/\/.\/\/.\/\/.
/\/\/\/\/\/\/\./\/\/\./\/\./\/\/\/\./\./\/\./\/\/\
\/\/\/\/\/\/\/.\/\/\/.\/\/.\/\/\/\/.\/.\/\/.\/\/\/
/\/\/\/\/\./\/\/\/\/\/\/\./\/\/\/\/\/\/\./\/\/\/\.
\/\/\/\/\/.\/\/\/\/\/\/\/.\/\/\/\/\/\/\/.\/\/\/\/.
/\/\..../\/\/\./\/\./\./\/\./\/\/\/\/\/\./\/\/\/\.
\/\//\/\\/\/\/.\/\/.\/.\/\/.\/\/\/\/\/\/.\/\/\/\/.
/\/\\/\//\/\/\/\/\/\./\/\/\./\./\/\./\/\./\/\/\/\.
\/\/../\\/\/\/\/\/\/.\/\/\/.\/.\/\/.\/\/.\/\/\/\/.
/\/\/\\//\../\./\/\./\/\/\/\./\/\/\./\/\/\./\./\/\
\/\/\//\\//\\/.\/\/.\/\/\/\/.\/\/\/.\/\/\/.\/.\/\/
/\/\/\\//\\//\/\/\/\/\/\/\./\./\/\/\/\/\/\/\./\./\
\/\/\//\\//\\/\/\/\/\/\/\/.\/.\/\/\/\/\/\/\/.\/.\/
/\/\..\//\\/../\/\/\/\/\/\/\./\/\./\/\/\./\./\/\/\
\/\//\/\\/../\\/\/\/\/\/\/\/.\/\/.\/\/\/.\/.\/\/\/
....\/\/../\\/..../\./\/\/\/\/\./\./\./\/\/\./\./\
/\/\/\/\/\\//\/\/\\/.\/\/\/\/\/.\/.\/.\/\/\/.\/.\/
\/\/\/\/\//\\/\/\//\/\/\/\/\/\/\/\/\/\/\./\/\/\./\
/\/\../\/\\//\/\/\\/\/\/\/\/\/\/\/\/\/\/.\/\/\/.\/
\/\//\\/\/..\/\/\//\/\/\./\/\/\./\/\/\./\/\/\/\./\
../\\//\/\/\/\../\\/\/\/.\/\/\/.\/\/\/.\/\/\/\/.\/
/\\/..\/\/\/\//\\/....../\./\/\/\./\/\/\/\./\./\/\
\//\/\..../\/\\//\/\/\/\\/.\/\/\/.\/\/\/\/.\/.\/\/
/\\/\//\/\\/\//\\/\/\/\//\/\/\/\/\./\/\/\/\/\/\/\.
\//\/\\/\//\/\\/....../\\/\/\/\/\/.\/\/\/\/\/\/\/.
/\\/\//\/\\/\//\/\/\/\\//\/\/\/\/\./\/\/\/\./\/\/\
\/../\\/\//\/\\/\/\/\//\\/\/\/\/\/.\/\/\/\/.\/\/\/
../\\/....\/\//\/\/\/\\//\..../\/\/\./\/\/\./\/\..
/\\/../\/\/\/\\/\/\/\/..\//\/\\/\/\/.\/\/\/.\/\/..
\//\/\\/\/\/\/../\/\/\/\..\/\//\/\/\/\./\/\/\/\/\.
/\\/\//\/\/\/\/\\/\/\/\//\....\/\/\/\/.\/\/\/\/\/.
\//\/\\/\/\/\/\/../\/\/\\//\/\/\../\/\/\/\/\/\/\..
..\/\//\/\/\..../\\/\/\//\\/\/\//\\/\/\/\/\/\/\/..
/\/\/\\/\/\//\/\\/../\/\\/../\/\\//\/\/\/\/\/\/\/\
\/\/\/..../\\/\//\/\\/\//\/\\/\//\\/\/\/\/\/\/\/\/
..../\/\/\\/../\\/\/....\/\//\..\//\../\/\/\/\/\..
/\/\\/\/\//\/\\//\/\/\/\/\..\//\/\\//\\/\/\/\/\/..
\/\//\/\/\\/\//\\/\/\/\/\//\..\/\//\\//\/\/\/\./\.
....\/\/\//\/\\//\/\/\/\/\\//\/\..\//\\/\/\/\/.\/.
/\/\/\/\/\\/\//\\/\/\/\/\//\\/\//\..\//\/\/\./\/\.
\/\/\/\/\/....\//\/\../\..\//\/\\//\/\\/\/\/.\/\/.
../\/\/\/\/\/\/\\/\//\\//\..\/\/..\/\//\/\/\/\/\/\
/\\/\/\/\/\/\/\//\/\\//\\//\/\/\/\/\/\\/\/\/\/\/\/
\//\../\/\..../\\/\//\\//\\/\/\/\/\/\/../\/\/\/\/\
/\\//\\/\//\/\\//\..\//\\//\/\/\../\/\/\\/\/\/\/\/
\//\\//\/\\/\/..\//\/\\/..\/\/\//\\/\/\//\../\/\/\
..\/..\/\/........\/\/..........\/......\/..\/\/\/
Case #40:
/\/\/\/\/\/\/\/\/\./\/\./\.
\/\/\/\/\/\/\/\/\/.\/\/.\/.
../\/\./\/\/\/\./\/\./\./\.
/\\/\/.\/\/\/\/.\/\/.\/.\/.
\/../\/\./\/\/\/\/\/\/\./\.
/\/\\/\/.\/\/\/\/\/\/\/.\/.
\/\//\/\/\./\/\./\/\/\./\/\
../\\/\/\/.\/\/.\/\/\/.\/\/
/\\/..../\./\./\./\/\./\/\.
\//\/\/\\/.\/.\/.\/\/.\/\/.
/\\/\/\//\/\/\./\/\./\/\/\.
\/../\/\\/\/\/.\/\/.\/\/\/.
/\/\\/\//\/\/\/\./\/\./\./\
\/\/../\\/\/\/\/.\/\/.\/.\/
/\../\\//\/\/\/\/\./\./\/\.
\//\\//\\/\/\/\/\/.\/.\/\/.
/\\//\\//\/\/\../\/\/\/\/\.
\//\\//\\/\/\//\\/\/\/\/\/.
..\/..\//\../\\//\/\./\./\.
/\/\/\..\//\\/..\/\/.\/.\/.
\/\/\//\/\\/../\/\/\/\./\/\
../\/\\/\//\/\\/\/\/\/.\/\/
/\\/\//\..\/\//\/\/\/\/\/\.
\//\/\\//\../\\/\/\/\/\/\/.
/\\/\//\\//\\/......../\/\.
\/../\\//\\//\/\/\/\/\\/\/.
../\\//\\//\\/\/\/\/\//\/\.
/\\//\\//\\/../\/\../\\/\/.
\//\\//\\//\/\\/\//\\//\...
/\\//\\/..\/\//\..\/..\//\.
\//\\//\/\/\..\//\../\/\\/.
/\\/..\/\/\//\..\//\\/\/...
\/../\/\/\/\\//\/\\//\/\/\.
../\\/\/\/\/..\/\//\\/\/\/.
/\\//\/\/\../\....\//\/\...
\//\\/\/\//\\//\/\/\\/\//\.
/\\//\../\\//\\/\/\/../\\/.
\/..\//\\//\\//\../\/\\//\.
/\/\/\\/..\/..\//\\/\//\\/.
\/\/\//\/\../\/\\/....\/...
../\/\\/\//\\/\//\/\/\/\/\.
/\\/\/../\\//\/\\/\/\/\/\/.
\/......\/..\/\/...........
Case #41:
/\.........../\/\/\../\../\/\...../\/\...
\//\./\./\./\\/\/\//\\//\\/\/./\/\\/\/./\
..\/.\/.\/.\/./\./\\//\\//\/\.\/\/./\/\\/
/\../\/\./\./\\/.\//\\/..\/\/..../\\/\/..
\//\\/\/.\/.\/.../\\/./\.../\/\/\\/..../\
/\\/./\/\/\./\./\\//\.\/./\\/\/\//\./\.\/
\/...\/\/\/.\/.\//\\/./\.\/./\...\/.\/./\
/\/\/\/\./\./\/\.\/./\\/../\\/./\/\./\.\/
\/\/\/\/.\/.\/\//\/\\/../\\/./\\/\/.\/./\
/\../\...../\/\.\/\//\/\\//\.\/..../\..\/
\//\\//\./\\/\/.....\/\/..\//\/\/\.\//\/\
/\\//\\/.\/./\/\/\/\/\./\/\.\/\/\/./\\/\/
\/..\//\/\/\\/\/\/\/\/.\/\/../\/\/\\/./\.
/\/\..\/\/\//\./\..../\/\../\\/\/\/...\/.
\/\/./\/\/\.\/.\/./\.\/\//\\/../\./\/\./\
/\./\\/\/\/.......\//\./\\/./\.\/.\/\/.\/
\/.\/./\/\/\/\./\...\/.\/./\\//\.../\/\/\
.../\.\/\/\/\/.\//\.../\..\//\\//\.\/\/\/
./\\//\./\...../\\//\.\//\/\\/..\/...../\
.\//\\/.\//\/\.\/..\/...\/\/./\/\../\/\\/
./\\/./\/\\/\/./\/\./\/\.../\\/\//\\/\/..
.\/...\/\//\...\/\/.\/\//\.\//\/\\/.../\.
../\./\...\//\./\...../\\/...\/\//\./\\/.
/\\/.\//\./\\/.\//\./\\//\/\.../\\/.\/./\
\//\/\.\/.\/../\.\/.\/..\/\//\.\//\/\/\\/
/\\/\/.../\/\.\/./\/\/\.../\\/./\\/\/\//\
\/...../\\/\/./\.\/\/\/./\\/./\\/./\./\\/
./\/\/\\//\/\.\//\/\/\/\\//\.\/./\\/.\//\
.\/\/\/..\/\/...\/\/\/\/..\/....\/.....\/
Case #42:
./\/\./\/\/\./\/\./\/\/\/\./\/\/\./\.
.\/\/.\/\/\/.\/\/.\/\/\/\/.\/\/\/.\/.
..../\..../\/\/\/\/\/\../\/\/\/\./\..
/\/\\/./\.\/\/\/\/\/\//\\/\/\/\/.\//\
\/\//\.\/./\/\/\/\/\/\\//\./\/\/\/\\/
/\..\/....\/\/\/\/\/\//\\/.\/\/\/\//\
\/./\../\../\/\/\/\./\\/.../\/\/\/\\/
/\.\//\\//\\/\/\/\/.\/./\/\\/\/\/\/..
\/...\//\\/./\./\./\...\/\//\.../\/\.
/\/\/\.\/./\\/.\/.\//\./\/\\//\.\/\/.
\/\/\/....\/./\.....\/.\/\/..\/./\./\
/\/\/\/\/\...\//\/\/\/\/\/\/\/\.\/.\/
\/\/\/\/\//\./\\/\/\/\/\/\/\/\/../\/\
./\./\./\.\/.\/./\./\....../\./\.\/\/
.\/.\/.\//\/\./\\/.\//\/\/\\/.\//\/\.
/\...../\\/\/.\//\/\.\/\/\/./\..\/\/.
\//\./\\/../\./\\/\/./\/\/\.\/./\/\..
..\/.\/./\.\/.\//\/\.\/\/\/....\/\//\
/\/\....\/./\...\/\//\/\/\/\./\....\/
\/\//\/\./\\/./\/\/\\/\/\/\/.\/./\/\.
/\..\/\/.\//\.\/\/\/./\./\/\/\/\\/\/.
\//\.../\/\\//\/\....\/.\/\/\/\//\/\.
/\\//\.\/\//\\/\/./\/\../\/\../\\/\/.
\/..\/../\.\//\...\/\//\\/\//\\/.../\
.../\/\.\/...\//\/\...\//\..\/../\.\/
./\\/\//\./\/\.\/\//\/\.\//\/\/\\//\.
.\//\..\/.\/\/./\/\\/\/./\\/\/\/..\/.
/\.\/./\/\.../\\/\/../\.\/../\/\/\./\
\/....\/\/./\\//\../\\/./\/\\/\/\/.\/
/\/\./\/\/\\//\\//\\/./\\/\/./\/\/\/\
\/\/.\/\/\/..\/..\/...\/.....\/\/\/\/
Case #43:
/\.../\..../\../\./\.../\.
\//\.\/./\.\//\\/.\//\.\/.
..\//\..\//\.\/.../\\/....
/\/\\//\..\/../\/\\//\/\/\
\/\//\\//\../\\/\//\\/\/\/
./\.\/..\//\\/./\.\/./\...
.\/./\/\/\\/./\\//\/\\//\.
/\..\/\/\//\.\//\\/\/..\/.
\//\/\/\..\//\.\//\./\./\.
/\\/\/\//\..\//\.\/.\/.\/.
\/./\./\\//\..\//\.../\./\
/\.\/.\/..\/./\.\//\.\/.\/
\/./\/\/\....\/...\/......
...\/\/\//\/\/\/\/\./\./\.
/\/\./\..\/\/\/\/\/.\/.\/.
\/\/.\//\/\.../\/\/\./\...
.......\/\//\.\/\/\/.\//\.
/\/\/\./\/\\//\./\/\/\.\/.
\/\/\/.\/\/..\/.\/\/\/./\.
./\.../\/\/\/\/\/\.../\\/.
.\//\.\/\/\/\/\/\//\.\/./\
...\/..../\../\/\.\//\/\\/
/\/\/\/\.\//\\/\//\.\/\//\
\/\/\/\//\.\//\/\\//\/\.\/
/\/\./\.\//\.\/\//\\/\/./\
\/\/.\/...\/.....\/.....\/
Case #44:
/\/\/\/\/\/\/\./\/\./\./\/\/\/\/\/\./\.
\/\/\/\/\/\/\/.\/\/.\/.\/\/\/\/\/\/.\/.
/\/\/\./\/\/\/\/\/\/\/\./\/\./\/\/\/\..
\/\/\/.\/\/\/\/\/\/\/\/.\/\/.\/\/\/\/..
/\/\/\./\/\/\./\/\./\./\/\/\/\/\/\/\/\.
\/\/\/.\/\/\/.\/\/.\/.\/\/\/\/\/\/\/\/.
../\/\/\/\/\/\./\/\/\./\./\/\/\./\/\./\
/\\/\/\/\/\/\/.\/\/\/.\/.\/\/\/.\/\/.\/
\/..../\/\/\./\/\/\./\/\/\/\/\./\/\./\.
../\/\\/\/\/.\/\/\/.\/\/\/\/\/.\/\/.\/.
/\\/\//\/\/\/\/\/\/\/\./\./\/\/\/\/\/\.
\//\..\/\/\/\/\/\/\/\/.\/.\/\/\/\/\/\/.
/\\//\/\../\/\/\/\/\/\/\/\/\/\/\/\/\./\
\//\\/\//\\/\/\/\/\/\/\/\/\/\/\/\/\/.\/
..\//\/\\//\/\/\/\./\./\/\/\./\/\/\/\..
/\..\/\//\\/\/\/\/.\/.\/\/\/.\/\/\/\/..
\//\/\/\\/../\/\/\/\./\./\./\/\/\./\/\.
..\/\/\//\/\\/\/\/\/.\/.\/.\/\/\/.\/\/.
/\../\/\\/\//\/\../\/\./\/\/\/\./\/\/\.
\//\\/\/....\/\//\\/\/.\/\/\/\/.\/\/\/.
/\\//\../\/\/\/\\/../\/\/\./\/\/\/\/\..
\//\\//\\/\/\/\//\/\\/\/\/.\/\/\/\/\/..
/\\/..\/..../\/\\/\/../\./\/\./\/\/\/\.
\//\/\/\/\/\\/\//\/\/\\/.\/\/.\/\/\/\/.
..\/\/\/\/\/....\/\/\/.................
Case #45:
...../\../\....../\./\/\./\../\.../\./\/\./\/\/\..
/\/\.\//\\/./\/\.\/.\/\/.\//\\/./\\/.\/\/.\/\/\//\
\/\/./\\/...\/\/../\/\.../\\//\.\//\/\./\.../\/\\/
/\/\.\/./\/\/\/\/\\/\//\.\//\\/./\\/\/.\/./\\/\/..
\/\//\/\\/\/\/\/\/....\//\.\/...\//\/\/\/\\/.../\.
....\/\/./\/\/\.../\/\..\//\../\..\/\/\/\/../\.\/.
./\/\/\/\\/\/\//\.\/\/./\.\//\\//\/\/\/\/\/\\//\/\
.\/\/\/\/../\/\\//\/\/\\//\.\/..\/\/\/\/\/\//\\/\/
./\./\../\.\/\//\\/\/\/..\/..../\./\/\/\./\.\/./\.
.\/.\//\\/.....\//\./\/\/\/\/\.\/.\/\/\/.\//\..\/.
/\....\/./\/\/\/\\/.\/\/\/\/\//\./\/\/\....\//\./\
\/./\/\/\\/\/\/\/./\./\/\/\/\.\/.\/\/\/./\./\\/.\/
./\\/\/\/.../\/\/\\/.\/\/\/\/../\..../\.\/.\//\./\
.\/.../\/\/\\/\/\/...../\/\./\.\/./\.\//\/\..\/.\/
./\./\\/\/\//\./\/\/\/\\/\/.\/../\\//\.\/\//\/\...
.\/.\/./\...\/.\/\/\/\/.../\./\.\/..\/.....\/\//\.
./\/\/\\//\../\.../\.../\.\/.\//\../\./\./\....\/.
.\/\/\//\\//\\/./\\//\.\//\../\\//\\/.\/.\/./\/\..
./\./\.\//\\/./\\//\\/./\\//\\/..\/...../\/\\/\//\
.\/.\/./\\/...\/..\/./\\/..\/./\/\/\/\/\\/\/....\/
/\/\...\/./\/\./\/\/\\/./\/\/\\/\/\/\/\//\./\./\..
\/\//\/\/\\/\/.\/\/\/./\\/\/\/./\/\/\/\.\/.\/.\//\
/\..\/\/\/./\/\./\/\/\\/./\../\\/\/\/\/..../\/\.\/
\//\/\/\/\.\/\/.\/\/\//\.\//\\/./\/\/\/\/\.\/\//\.
..\/\/\/\/../\./\./\..\//\.\/./\\/\/\/\/\/./\..\/.
/\../\.../\.\/.\/.\//\..\/....\/...../\../\\//\...
\//\\/./\\//\/\./\/\\/./\/\./\/\./\/\\//\\//\\/./\
..\/...\/..\/\/.\/\/...\/\/.\/\/.\/\/..\/..\/...\/
Case #46:
/\....../\/\./\./\./\.../\/\/\....../\/\/\../\..
\//\./\.\/\/.\/.\/.\/./\\/\/\//\/\/\\/\/\//\\//\
/\\/.\//\./\/\../\./\.\/./\./\\/\/\/./\/\.\//\\/
\/./\..\/.\/\//\\/.\/....\/.\//\/\...\/\//\.\//\
/\.\/./\../\..\/./\./\/\/\./\.\/\/./\./\.\/./\\/
\/../\\//\\/./\/\\/.\/\/\/.\//\./\.\/.\//\/\\//\
./\.\/..\/...\/\/../\.../\/\.\/.\//\/\/\\/\/..\/
.\//\./\./\/\./\./\\//\.\/\//\./\.\/\/\/../\./\.
./\\/.\/.\/\/.\/.\//\\/./\/\\/.\//\../\./\\/.\/.
.\//\./\/\/\./\/\..\/./\\/\/./\..\//\\/.\/..../\
/\.\/.\/\/\/.\/\//\...\//\/\.\//\/\\/./\/\/\/\\/
\/.../\/\.../\/\.\//\...\/\/...\/\/./\\/\/\/\//\
/\/\.\/\/./\\/\//\.\//\../\/\/\./\/\\//\/\/\/\\/
\/\//\../\\//\/\\/./\\//\\/\/\/.\/\/..\/\/\/\//\
/\/\\//\\/..\/\//\.\/..\/....../\/\/\./\./\/\.\/
\/\//\\//\/\./\.\//\./\/\/\/\/\\/\/\/.\/.\/\/...
/\..\/..\/\/.\//\.\/.\/\/\/\/\//\.../\../\/\../\
\//\/\./\../\..\//\/\/\/\/\....\/./\\//\\/\//\\/
..\/\/.\//\\//\/\\/\/\/\/\//\/\/\.\/..\/./\.\/..
./\/\/\/\\//\\/\/./\../\...\/\/\/./\/\...\//\./\
.\/\/\/\/..\//\/\.\//\\/./\./\....\/\/./\..\/.\/
/\...../\/\..\/\//\.\/./\\/.\//\./\../\\//\./\..
\/./\/\\/\//\/\..\//\/\\//\...\/.\//\\/..\/.\//\
...\/\//\/\\/\//\/\\/\/..\//\/\....\//\./\....\/
/\.....\/\//\/\\/\/../\/\..\/\//\/\/\\/.\/./\...
\/./\/\....\/\/.../\.\/\//\./\.\/\/\/./\/\.\/./\
/\.\/\/./\/\./\/\.\/.....\/.\/..../\..\/\/../\\/
\/./\/\.\/\/.\/\/./\/\/\.../\/\/\.\//\/\../\\//\
/\.\/\/./\/\./\./\\/\/\//\.\/\/\//\.\/\//\\//\\/
\/..../\\/\/.\/.\/./\...\//\/\/\.\/.....\//\\//\
.../\.\/./\/\../\..\/./\/\\/\/\//\/\/\/\/\\/..\/
./\\//\..\/\//\\//\/\.\/\/../\/\\/\/\/\/\/./\./\
.\/..\//\./\.\/..\/\//\/\./\\/\/./\..../\/\\/.\/
/\./\/\\/.\/.../\/\/\\/\/.\//\...\/./\.\/\//\...
\/.\/\/....../\\/\/\/./\../\\//\/\/\\//\/\.\//\.
/\./\/\./\./\\/./\../\\//\\/..\/\/\/..\/\/...\/.
\/.\/\/.\/.\/...\//\\//\\/./\/\/\/\/\.../\/\....
.../\/\/\./\./\./\\//\\/./\\/\/\/\/\/./\\/\//\/\
./\\/\/\/.\/.\/.\//\\//\.\/../\/\/\/\.\//\/\\/\/
.\/./\/\/\../\....\/..\//\./\\/\/\/\/...\/\//\..
....\/\/\//\\/./\..../\.\/.\//\./\./\./\./\.\//\
./\/\/\/\.\//\.\/./\.\//\/\/\\/.\/.\/.\/.\/./\\/
.\/\/\/\/...\/./\.\/...\/\/\/./\......./\/\.\/..
/\/\/\/\./\/\/\\//\/\/\/\/\./\\//\/\/\.\/\//\/\.
\/\/\/\/.\/\/\/..\/\/\/\/\/.\/..\/\/\/.....\/\/.
Case #47:
/\./\./\/\/\./\/\./\./\./\/\/\./\./\/\/\.
\/.\/.\/\/\/.\/\/.\/.\/.\/\/\/.\/.\/\/\/.
/\/\/\/\./\/\./\./\/\./\/\/\./\/\./\/\./\
\/\/\/\/.\/\/.\/.\/\/.\/\/\/.\/\/.\/\/.\/
../\/\/\/\/\/\/\/\/\/\/\/\/\/\/\/\/\/\/\.
/\\/\/\/\/\/\/\/\/\/\/\/\/\/\/\/\/\/\/\/.
\/../\/\/\/\/\/\/\./\/\/\/\/\/\/\./\/\/\.
../\\/\/\/\/\/\/\/.\/\/\/\/\/\/\/.\/\/\/.
/\\//\/\/\/\./\./\./\/\/\/\/\./\/\/\/\/\.
\//\\/\/\/\/.\/.\/.\/\/\/\/\/.\/\/\/\/\/.
..\/..../\/\/\./\/\./\./\/\/\/\/\/\/\./\.
/\/\/\/\\/\/\/.\/\/.\/.\/\/\/\/\/\/\/.\/.
\/\/\/\/..../\./\/\./\/\/\/\./\/\/\/\/\/\
/\/\/\/\/\/\\/.\/\/.\/\/\/\/.\/\/\/\/\/\/
\/\/\/\/\/\//\/\/\/\./\/\/\/\/\/\./\/\/\.
/\/\..../\/\\/\/\/\/.\/\/\/\/\/\/.\/\/\/.
\/\//\/\\/\//\/\/\/\/\./\./\/\./\/\/\/\..
/\/\\/\/../\\/\/\/\/\/.\/.\/\/.\/\/\/\/..
\/\//\/\/\\//\/\../\/\./\/\/\/\/\/\/\/\..
../\\/\/\//\\/\//\\/\/.\/\/\/\/\/\/\/\/..
/\\//\/\..\//\/\\//\/\/\/\/\/\/\/\/\./\/\
\//\\/\//\/\\/\//\\/\/\/\/\/\/\/\/\/.\/\/
/\\//\/\\/\//\/\\/..../\./\/\/\/\/\/\./\.
\/..\/\/../\\/\//\/\/\\/.\/\/\/\/\/\/.\/.
../\/\/\/\\/../\\/\/\//\/\/\/\/\./\/\./\.
/\\/\/\/\//\/\\//\../\\/\/\/\/\/.\/\/.\/.
\/../\/\/\\/\//\\//\\//\/\/\./\/\/\/\/\/\
....\/\/\/....\/..\/..\/\/\/.\/\/\/\/\/\/
Case #48:
..../\./\/\/\...../\/\/\/\.../\../\/\.
/\/\\/.\/\/\/./\/\\/\/\/\//\.\//\\/\/.
\/\//\/\/\/\/\\/\/./\./\..\/...\/./\/\
../\\/\/\/\/\/./\/\\/.\/./\./\....\/\/
/\\/....../\/\.\/\//\....\/.\/./\.../\
\/.../\/\.\/\//\/\.\/./\./\/\..\/./\\/
/\./\\/\/./\/\\/\/....\/.\/\//\...\/..
\/.\/./\..\/\//\../\/\./\./\.\/./\./\.
/\./\.\//\....\//\\/\/.\/.\//\/\\/.\/.
\/.\/...\/./\./\\/.../\./\/\\/\/./\...
/\./\./\/\.\/.\//\./\\/.\/\//\...\/./\
\/.\/.\/\//\/\..\/.\//\/\./\\//\/\/\\/
.../\/\...\/\//\/\./\\/\/.\//\\/\/\/..
/\.\/\/./\./\.\/\/.\//\/\/\.\//\/\../\
\/./\/\.\/.\/.../\./\\/\/\//\.\/\//\\/
/\.\/\//\./\./\.\/.\/.../\.\//\...\//\
\/./\/\\/.\/.\//\./\/\/\\/...\/./\/\\/
./\\/\/./\/\...\/.\/\/\//\./\./\\/\//\
.\//\./\\/\/./\.../\/\..\/.\/.\/../\\/
...\/.\//\...\//\.\/\//\./\/\./\/\\/..
/\./\...\/./\/\\/./\/\\/.\/\/.\/\/../\
\/.\//\./\.\/\/...\/\/./\./\/\/\/\/\\/
./\/\\/.\/./\/\/\..../\\/.\/\/\/\/\//\
.\/\/./\./\\/\/\//\/\\/../\./\./\...\/
../\/\\/.\/../\..\/\/./\.\/.\/.\//\./\
/\\/\/.../\/\\//\./\..\/./\.../\.\/.\/
\/../\/\.\/\//\\/.\//\/\.\//\.\/......
./\.\/\/./\/\\//\...\/\//\.\/../\/\/\.
.\/./\...\/\//\\/./\/\/\\/./\/\\/\/\/.
./\.\//\./\..\/...\/\/\/./\\/\//\./\..
.\/./\\/.\/./\/\/\/\../\.\/./\.\/.\//\
../\\/../\..\/\/\/\//\\/./\.\/..../\\/
/\\/./\.\/./\/\./\..\//\.\/..../\.\//\
\/...\//\/\\/\/.\//\/\\//\/\/\.\//\.\/
.../\..\/\//\/\./\\/\/..\/\/\//\.\/./\
/\.\//\/\/\\/\/.\/./\/\/\.....\//\/\\/
\/...\/\/\/....../\\/\/\//\/\./\\/\/..
./\./\/\./\/\/\/\\/./\./\\/\/.\/./\/\.
.\/.\/\/.\/\/\/\/...\/.\/........\/\/.
Case #49:
/\/\..../\/\../\/\./\./\/\...
\/\//\/\\/\//\\/\/.\/.\/\/./\
/\/\\/\//\/\\/../\/\./\/\..\/
\/\/./\.\/\/./\.\/\/.\/\//\/\
/\/\.\/......\//\/\./\./\\/\/
\/\//\/\/\/\/\.\/\/.\/.\/../\
../\\/\/\/\/\//\./\../\../\\/
/\\/./\/\/\/\.\/.\//\\//\\/..
\//\.\/\/\/\/.../\.\/..\/./\.
..\/....../\/\/\\//\../\/\\/.
/\../\/\/\\/\/\//\\//\\/\/...
\//\\/\/\//\./\.\/..\//\.../\
/\\/./\...\/.\/./\/\..\//\.\/
\/./\\/./\.../\.\/\/./\.\/...
...\//\.\/./\\//\....\/./\/\.
/\/\.\/./\.\/..\/./\/\..\/\/.
\/\/....\//\/\....\/\//\.....
/\/\./\./\\/\//\/\/\/\\//\./\
\/\/.\/.\/./\.\/\/\/\/..\/.\/
./\/\/\./\.\/../\..../\/\....
.\/\/\/.\//\./\\/./\.\/\//\/\
./\.../\..\/.\/...\/../\.\/\/
.\//\.\/./\/\/\/\./\/\\/./\/\
...\/....\/\/\/\/.\/\/...\/\/
./\.../\./\......./\.../\../\
.\/./\\/.\//\/\/\.\//\.\//\\/
../\\//\...\/\/\/...\/...\/..
/\\//\\//\....../\./\./\/\/\.
\/..\/..\//\./\.\/.\/.\/\/\/.
./\../\/\.\/.\//\.../\/\.../\
.\//\\/\/./\...\/./\\/\/./\\/
/\.\/.....\//\....\//\...\/..
\/./\/\/\/\.\/./\/\.\//\/\/\.
./\\/\/\/\//\..\/\//\.\/\/\/.
.\/../\./\.\/./\/\.\/...../\.
/\/\.\/.\//\/\\/\//\./\/\.\/.
\/\/......\/\/....\/.\/\/....
Case #50:
/\.../\/\./\../\/\/\..../\/\
\//\.\/\/.\//\\/\/\//\/\\/\/
..\/..../\/\\/./\./\\/\/../\
./\../\.\/\//\.\/.\/.../\.\/
.\//\\//\/\.\/../\.../\\//\.
...\/..\/\/./\/\\/./\\/..\/.
/\/\./\/\./\\/\//\.\/.../\/\
\/\/.\/\/.\//\/\\/.../\.\/\/
/\/\./\/\/\.\/\/./\/\\/../\.
\/\/.\/\/\/./\/\.\/\//\/\\/.
./\..../\./\\/\//\/\.\/\/./\
.\//\/\\/.\/./\.\/\/../\/\\/
/\.\/\/./\/\.\/...../\\/\/..
\/./\...\/\/./\./\/\\//\/\/\
/\.\//\/\/\/\\/.\/\/..\/\/\/
\//\.\/\/\/\/.../\./\./\....
/\\/../\/\/\./\.\/.\/.\//\/\
\//\/\\/\/\/.\//\/\/\/\.\/\/
..\/\/../\./\/\\/\/\/\/./\/\
/\/\./\.\/.\/\//\../\/\.\/\/
\/\/.\/..../\/\\//\\/\/./\/\
/\./\.../\.\/\//\\//\./\\/\/
\/.\//\.\//\/\.\/..\/.\//\..
/\./\\//\.\/\/./\./\/\..\//\
\/.\/..\/./\...\/.\/\//\/\\/
./\./\....\/./\/\/\./\\/\//\
.\/.\/./\../\\/\/\/.\/....\/
.......\//\\/./\..../\/\./\.
./\./\/\.\/./\\//\/\\/\/.\/.
.\/.\/\/./\.\//\\/\//\/\./\.
/\../\...\/./\\//\/\\/\/.\/.
\//\\//\/\/\\/..\/\/.../\/\.
/\\//\\/\/\/./\.../\./\\/\/.
\/..\/./\../\\/./\\/.\//\/\.
../\./\\//\\/./\\//\./\\/\/.
/\\/.\/..\//\.\//\\/.\/./\/\
\//\/\./\/\\//\.\//\./\.\/\/
..\/\/.\/\/..\/...\/.\/.....
