Case #1: NO
2 100 : 1 105
Case #2: 10
8 16 : 1 20
Case #3: NO
791 1579 : 790 1580
Case #4: 15
2 50 : 1 75
Case #5: NO
787 6260 : 1 7339145773182330
Case #6: NO
1880 6018 : 1 321203081679480
Case #7: NO
7938 9950 : 1 112341396364565940
Case #8: NO
5738 8017 : 1 2470524117600
Case #9: 1
1 10000 : 1 9223372036854775807
Case #10: NO
2 10000 : 1 9223372036854775807
Case #11: NO
7854 8736 : 1 287409004400040768
Case #12: 1
1 10000 : 1 9223372036854775807
Case #13: NO
6812 8633 : 1 373646950857620
Case #14: NO
4588 9952 : 1 54278171294125590
Case #15: 9960
8301 9961 : 1 1660
Case #16: NO
61 119 : 2 115282440
Case #17: NO
6633 9823 : 1 57269980211676960
Case #18: 9996
2 10000 : 1 9996
Case #19: NO
3522 5915 : 1 55435147424346690
Case #20: 89
2 10000 : 1 8633
Case #21: NO
61 119 : 1 2358720
Case #22: NO
2375 5663 : 1 8041039566831180
Case #23: NO
5236 8626 : 1 1776094093200826580
Case #24: 6
5 10000 : 6 9223372036854775807
Case #25: NO
2278 5803 : 1 56540194088648340
Case #26: 24
17 48 : 48 9223372036854775807
Case #27: 59
2 10000 : 59 9223372036854775807
Case #28: NO
7040 8507 : 1 5124300274818000
Case #29: NO
4048 6038 : 1 60198160058183880
Case #30: NO
5630 8712 : 1 4761876555062640
Case #31: NO
3963 7536 : 1 425051387148528
Case #32: 10000
5001 10000 : 2500 5000
Case #33: 2310
2 10000 : 1 2310
Case #34: NO
6865 8190 : 1 675160145013750
Case #35: NO
2856 2995 : 1 152191069156584
Case #36: 588
491 980 : 98 2940
Case #37: NO
8682 9741 : 1 1132084342010153280
Case #38: 2310
2 10000 : 1 2310
Case #39: 5040
2 10000 : 1 5040
Case #40: NO
9221 9819 : 1 71962388441580
