Case #1: [E, A]
Case #2: [R, I, R]
Case #3: [F, D, T]
Case #4: [Z, E, R, A]
Case #5: []
Case #6: [E, D]
Case #7: [Q, S, X, E]
Case #8: [Q, A, E, R, J, E, E, S, Q]
Case #9: [A, Q, A, V, F, A, D, F, S]
Case #10: []
Case #11: [R, R, T, W, R, W, F, S, R]
Case #12: [Y]
Case #13: [X, F, Q, S, Q, W, X, W]
Case #14: [D, R]
Case #15: [D, R, P, P, S]
Case #16: []
Case #17: [M, R, S]
Case #18: [D, R, W, I, I, A, E, R]
Case #19: [S, Q, F, D, A, Q, Q, A, M]
Case #20: [R, D, S, N, F, D, Q, W, Q]
Case #21: [O, W, F, E, W]
Case #22: [Q, Q, W, E, R, G, D, F, S]
Case #23: [R, F]
Case #24: []
Case #25: [Z, Z, Z, Z, Z]
Case #26: [E, A, S, J, F, F, Q, E, Q]
Case #27: [D, E, A, F, D, E, A, R, S]
Case #28: [A, Q, Y]
Case #29: [D, R, S, P, W, Q, R, E, A]
Case #30: [E, L, L, E, D, S, D, D]
Case #31: [A, W, A, R, E, N, E, S, S]
Case #32: [A, T, D, R, E, Q, R, E, R]
Case #33: [A, R, A, F, F, W, R, S, N]
Case #34: [A, A, A, A, A, A, A, A, A, A]
Case #35: [R, E, K, D, S, Q, R, Q, E]
Case #36: [E, D]
Case #37: [A, D, S, B, W, W, A, A, F]
Case #38: [W, H, Q, R, D, D, Q, W, A]
Case #39: [F, E, D, R, Q, R, E, H, W]
Case #40: [A, S, F, F, D]
Case #41: [F, F, E, F, Q, R, T, Q, R]
Case #42: [L, F, E, F]
Case #43: [E, A, S, R, F, E, E, O, R]
Case #44: [F, S]
Case #45: [E, D]
Case #46: []
Case #47: [O, R, A, D]
Case #48: [S, M, D]
Case #49: []
Case #50: [U, W, E, R, W, U, D, R]
Case #51: [A, F, A, S, Y, E, Q, S, Q]
Case #52: [E, W, P, A, W, E, A, E, W]
Case #53: [E]
Case #54: []
Case #55: [R, E, K, Q, D, W, D, Q, F]
Case #56: [E, W, P, W, F, W, S, S, W]
Case #57: [F, E, A, O, E, E, R, O]
Case #58: [R, W, H, W, E, S, E, H]
Case #59: [S, O, Q, W, R, Q, R, F, E]
Case #60: [Q, D, H, F, W, R, S, F, R]
Case #61: [D]
Case #62: [E, D, S, S, W, A, S, E, V]
Case #63: [Q, Q, A, T, R, R, R, D, E]
Case #64: [B, F, A, W, R, S, W, F, R]
Case #65: [D, Q, D]
Case #66: [V, F, F, E, V, F, E, S]
Case #67: [Q, N, Q]
Case #68: [Q, E, E, M, D, A, E, S, S]
Case #69: [S, N, D, R, R, W, D, W, A]
Case #70: [R, W, F, W]
Case #71: [R, R, F, E, E, Q, R, B, S]
Case #72: [F]
Case #73: [R, A, R, O, Q, R, E, E, S]
Case #74: [V, V, A, A, E, R, F, E]
Case #75: []
Case #76: []
Case #77: [S, Q, Z, F, D, F, R, D, W]
Case #78: [C]
Case #79: [F, W, W, E, P]
Case #80: [D, J]
Case #81: [F, D, R, M, F, W, R, F, D]
Case #82: [D, Z, F, E, S, Q, A, F, D]
Case #83: [A, J, Q, Q, Q, F, F, Q, W]
Case #84: [A, W, A, J, W, D, E, F, W]
Case #85: [E, S, S, E]
Case #86: [D, Q]
Case #87: [Q, F, I, R]
Case #88: [G, G, S, S, R, F, D, R]
Case #89: []
Case #90: [A, F, D, O, R, D, D, Q, E]
Case #91: [S, L, A, D, A, S, A, A, W]
Case #92: [B, W, A, Q, S, S, S, Q, Q]
Case #93: [R, M, W, R, S, A, E, A, F]
Case #94: [L, Q]
Case #95: [Q]
Case #96: [D, Q, Q]
Case #97: [R, A, E, Q, S, O, S, Q, Q]
Case #98: [F, W, E, Z, D, R, F, S, R]
Case #99: [F]
Case #100: [E, R, E, W, D, Z, R, A, R]
