1
9
121
1
1073741824
1073741824
2
134217728
268435456
104007575738473238
126242066076664522
467333091493217456
75708317754019807
103740850028646572
58900637800043095
551959841738291674
3477995704075206
165538820287367397
185178183889721
117626677468687948
78846895639302412
2497915436114224
421761185144494
5614407424139514
186314887327204140
34583676013949364
342755883488002725
161722984240202286
1940720847674553
13639328322110522
656266960405955483
42919026645798792
301619232154151119
419952514822049852
175460308849118432
308542421734097412
8915655749033315
1278750649131766
934012187030518
111791132639786710
53165731247632238
2569819585998164
1331305426982730
189760143157609408
10705878183522684
536980496989426195
5594267924280876
10002552709526328
264898315878699259
245747804611767450
43525740403898010
459329986334563242
117001997321356
9669072835666776
55897575314498299
1942236861583157
34172194320946
845491238479699266
144851807490815396
159923044567289542
186369312857701672
97319233988113747
9364651936485510
152390835416432893
362280562045516275
82137815028816108
721135508576883297
661967802318076535
91574780158929152
357770674603561221
37408652323507607
33857166668525640
547774023707733890
23799488738012372
326514834601136289
30743002364593653
63717461290508950
149180382615968606
5208936667755672
530772507069673708
2285434657499245
134217158438280577
123850010386855610
172448597116857637
701097415032324070
176892639270850525
69142753955803092
1161554813701084
49426847003658740
121550022492732630
144067501563916401
330392133674252258
121430039655027842
83704770189143856
1064286462288459895
349906415332890470
8085830518793393
95046529472062884
37337592467204891
275693159206127685
96696948751271005
197526069194247070
266470846967619778
264345049030679809
12476277442013903
5516574198307967
703302253124063160
347251567846847150
8103471388255843
16443523442108674
490441608311966325
79069256605271132
509460266919851
280329146569725407
8818930179143364
39860491614164022
158744777380406770
10674417215056354
120264509581237265
472297279069243264
298874575407754453
135644352129954413
224371178843938518
128207338348662120
26748068012227170
174834688782018840
8804306771386560
336984175466069208
22959252169803330
200689334930096380
13007365757555188
7658670334367472
210592012873800095
683068378240778553
84635572708902475
353786360744380
90327139478434914
27164584292543021
65376123731070
161787011314638014
17872046473463585
2876802028703942
28717556532390866
72299254193197796
20298094605183828
354311121617439118
81105867998596749
659424894965247
372352931433533077
51237074399274764
641786871685850549
5276953762647429
1323187018956205
183627956830859200
1775618794850190
134515860870686702
88688644940065369
9398247448664712
49750745278912494
4405931661727057
136029225212262990
74517588082998165
55727440008802142
2487864489438099
4282885990418
179733265232168098
156628086363020883
132431226873712590
17151771303712374
631047494068049357
19634073362249118
11555229775204335
360709177970588292
472439297442922340
5194797650998900
31846127798790620
24185327580051360
39041450576308103
434521306235452462
7960909580315050
26616981960921605
224514258829521
422008514405589876
302059800377036224
43634721690631565
1020183240053202042
202223923616986238
14170355745927540
150926756996644011
344503350330782748
993090463709559913
11187886399529400
66936721351375073
1116595485583060
1035777547724010
29945102052556603
31978969506193881
22271007258508704
9459763336677
7105770009775910
305543831727307656
8863827015095520
100643004050958061
26058485821046520
51653599520514490
9857747770184245
12062867233620371
23850771889746463
85636501307901313
36327566739436653
241119342240078984
144631183053996952
330553551251458936
54659662023275329
56053991230721211
530827526090113460
365220650284353214
437374254331964968
401409387497712990
638652603587363178
6601994936526770
47431460013446099
26343050028331827
160880796305428965
4112394800385228
224261742683561073
208266340475507286
61200258433593216
176163397433913090
366359579744366340
71937583697205604
110671617687938035
259306796698537440
17782012986835104
66038543002600350
281392094500167579
1021444148029545736
310085003204400964
504560063319161820
21157575837146420
16986815343486405
1384020128672008
380426878299466665
53375079755877
80261963857772151
154160999553348040
981488031345680714
483803745364902270
20068631206500590
5621023944227830
23502226903449084
111386414245865010
207379409635450624
60299925179798500
248203724529446590
134957354159358710
54203296204345572
172303631193624042
90165173079182754
48615981617986300
299867811439873380
730635684808143009
21005559688060808
17261541504478446
459597287529939719
12168726002866522
75644604099475867
110397092312675324
387418181585789721
31637286189057713
264606929310321242
5423848246001190
377706706338404297
51093384017955860
53498225662726158
1825555981888131
627580489445151550
49951124009383800
50032612986737997
60226993602749875
72706355948683569
7603619829565626
8883247618403742
641983473638044
191167403715455
479988535088686578
720503296645309240
24087449419455640
17249277455930325
184352907650975202
364544232851038422
248206362729333753
774916924261705071
105808358922063793
828914723679939550
227907313336444560
7502826826218430
40178494772819733
454429192715497636
81972858374473479
453624121195861
3669471753638504
48000749482270620
478036257432298642
3049703845667170
452199788832372633
1211559695269844
414493617589071850
8218581332132548
140984196734556837
12144856058942915
581578462921808220
2318441134007726
284272809718226700
19563516500811694
171638231569969
9332110198214454
271360766231568230
81202877274603539
371322602382
61529499652843320
1585518606269070
245079294142565414
619577124590907330
75266358317201626
13334444250622150
75484307929938582
274178334973669015
343863029635720334
53910677563560570
332759344006597976
12272376292449452
382903931788306089
512542054098475356
82058736921860568
50553128348189653
653003295464954
16432089886378272
40803971158970150
2842105879544694
125166869254041315
131492438409919005
22525898494499835
96507013284006689
998997845411772
682957698651601984
6845812844922155
564020995732562562
518618422608089934
589283882328830378
35608981726460648
15648172782772390
63459572094286228
468450841467795994
145620222451837575
211254110577100560
1944126797753065
543688670773993903
109928976602270263
95860172299678745
80701781195471256
65050724803938225
542841124435649279
18852533235606336
113150438187884255
88074063111077334
21850337787550888
31511770735218438
345658054894192531
64958033322127116
152459279097362484
998207098189116310
156948370816852
17116845386624044
466710410406655344
610792939080236
828349718504881215
370150028421214314
1588118412527424
176152485470482828
8550662202357930
253281234241353015
53169751142837895
256670600511486625
450593734583724965
116398220702350851
15424909239068433
6718558107736475
19124617085924225
112619959207210605
131230405178823990
25848946289403958
40914608377923940
70216323764470662
172411250051094814
57477393958159604
249339525135574020
87836745971235620
574734205101303454
3613885987518401
273196278801830976
71643472311462185
185517987242808224
35242159102058051
362707391652742773
15137089428172863
1652545497463146
3825328909795751
46914233677953929
160227931734452280
59616439443204826
157505830111047545
1452242380481360
62301181481417625
204382009093700940
213436154540462334
283133544712958730
12035996137713060
44388750369285980
100802114264981264
166684156793740576
515859758532121626
228264255023121483
106375413182170
69360827919871170
799428053181170160
396960480835399301
4175152403173620
1023611393449983892
67279634307509348
87331559172497560
457513840842408
631813049329646894
454546490850512210
48845744558180757
29164332266667620
180127874830539294
210508824326066570
205217140101771381
5372796560214587
142317351816546570
132579188659460799
287691907321678174
185191371040196
227279738129195550
145508504950627476
77431391415637344
152410431588540624
21035545650830424
40823673706159323
538040497056032010
347046778232287160
354796863406171218
250331212752148023
120387412351704215
503561176384611630
50688039548416203
375727037486391772
238033492179423916
31053913932095548
436182930864942820
186708004971257279
120650753140195673
620141449066888144
88321413102714903
51774038342180999
135496011228185498
18956281573614380
300763079411769643
977872114971218336
1007000572349534
1106918252725550445
67788418285466
2237819675063418
28388925036184521
1013160700410956826
744767221726948800
273463025199668640
49079289626781432
35101590126955506
876159851851894731
263120761031897140
42319028997594294
302453871138741252
228573685965995402
23123954400904982
335358073030524907
110748751647975363
196457003434539770
57858462354477156
5432820005419719
619106124475626
271061347786340034
79090779971750703
169320381717358715
7961678295863985
632511811504860432
141943395591941895
136491985949267918
147908042947709275
162023930407477320
231732313351226652
126778757725649675
92070668271637527
271040600717113682
28663793760057543
509943337513971087
17707953180949460
215385853798359872
317464291919165210
254114248412717924
9884940926909
151947364631349245
505379115086815600
232842689580390153
622557045381647724
551952624659534193
375235029876402325
60428201583109688
116423491916766534
396731348808293378
37398764101072724
5268463414607064
126520321360125
448298875153564024
3793136180467876
35343194768146982
135274813662816492
8861502146814130
393049644437265352
70004175493643556
16231351935349971
9868922663987470
80955291492766546
513345746385344310
1073551993523830
154432412980111795
54192384117979460
32699079127699377
311347500551414942
210346963121104733
46804543066970378
289134507180445957
13514234716890790
683319294220283040
298334157234608733
57400095392284515
486095073941009024
709130021126878590
443703107725574900
13437549030855763
477901059986263704
302559292431960720
46579753431191290
58581086088313910
339162699323165538
288208160449363175
282781471266182032
30528073104875258
131489459075215325
45731103140608536
417417986557323928
1530142721385897
28859704566485160
85892090682398
469673033600955306
1949551791826975
112428426416722168
28718511924130637
81406656857577111
872005053521514
53580117062652366
335418694740973740
2384863080172014
736967449795712985
723942488307578754
6869170487890875
307115496421004908
152479596202715922
2899399089538513
155115780982423
79893829056717432
262296392739057180
720301577132193
716379191213270184
650367656083464
58321020137008990
366377342738489563
344725428621639689
222434700953493750
102315184313663550
198719745642205242
253295850078035810
95343335134997820
303725163192899473
347436840088430780
30774108905536422
430156786377494018
19813397294959810
624220375906299068
37576416438098898
306545279105196256
708855677474149821
2174964512525507
361836869315636865
67384243390399792
255793283916778425
571426236376577533
11223340500567976
5672815671590015
335604410049628419
2995172894466558
8274490723888
298169736268883429
33775094737320180
1420000026600582
100712499278674449
1184228509874790
47006624837639145
160563209646082711
426210707775050988
138877447853937083
24808147675165692
288091601438318106
72696248377027779
178966214189577885
35757032222232034
189914200545278209
195222220590509530
82697202925562918
502182835424789751
53657554891142820
515385338557665
19304644356280201
228889457748501284
12560503350972483
14410838023736
783165913450313118
381138305069495947
193038925685891895
16223197029164505
76569960794322272
21079179995853348
4939705889580840
56294667727972530
128221010171889060
16428834703537762
391677491893738089
17251892749605852
19398707487766887
46768781164714196
7592189762615588
94781009906169042
183541732578686580
4672750070467766
77935205852020649
117362807642228148
70824720162206934
246437208439504079
248348900657810550
62218453620782560
43634523767482380
121194167042335710
325337130950948308
9607845615155
1283152027809894
5389986463997464
87748447239439335
8621991952643108
754693757102105436
117388800050280
53337469530621764
633001159043552997
242357098760687504
6167772201269427
257500748185983513
6642175864879206
33467757766961182
442850861459084520
81968102680845732
1003745742114045246
13636319536648239
998540639603246017
34998398431621246
869165958122019285
78267225685338942
9186532493035183
555892949164991125
501005056736338011
164836927455413296
138871624447418542
994322440529091271
219631601457859162
106205611152450030
349193708747040180
3941841191971326
416171854521301374
75278114435764449
112035617853047070
9830494515898914
60001249454573814
110949348958357200
19905951510526268
685528018582219335
160516458877526895
520399480374903190
290467075273837
13509024069557765
104304573660852013
4175163738597214
519767425204775814
6536861048024796
14397018404841931
466683575191303712
708149068419539003
70617706202019654
44592957490210710
16440244838310049
325920350242576287
843657991502201074
48659434002811944
24173919483201306
263251870716206688
6791710197831078
796352080191861
214424935662418130
926332563875408
2360405900970958
130816809430936730
465165874867057162
8898508181235407
332108750124460006
103426256021761230
150169455839857803
398658167751863145
80808204435662572
36288623469338
263711416869905424
109716228608518782
33986832792364752
856682116504261543
223170021976695050
112845242587766213
35075017949874091
222724751634084
89102312556191214
17301076145164084
7113832803933290
217079634927949527
64209893343716016
2017496837051895
44180711965116454
278016390225605954
61096007851901330
62644613443902346
199762830687860145
5649348638028469
499719307413924484
148385476040985485
10402072144362
229504546118504401
79150574443484688
7884173187366000
394891939157660
59164679292186324
191084955845916825
971741819561692828
766351677207051650
153067275961390500
218642834593369363
15747416321288950
11660845949991975
13995599306758670
131065890236445945
97650252810682134
1332441341193468
186658026827027634
235429898847541544
17234177680205516
970382910115047926
62885091296836160
290600808757066165
741241916559468701
62043257403158094
414043529904096120
7269215356221465
165444235999032279
335262011705896235
539935183099507629
10233514350316530
63011225189518116
2051526379422743
52381318232062
80759228920889010
2662435329466770
368299364287337994
789740203627538064
133681849586785302
440471691382772262
65072008573366
7142341654779
9038047975352410
86471601281004205
1124957982791070
177903494906148030
40809831637372716
148112183145920919
477794495356241414
395628378234686863
14289706490936655
147195899829707904
646960417730345850
6470946414632480
117052974563515110
75128596319300293
21874090523164
203289184959842235
52057039549865435
49606969372402276
2234126544667248
6135497516379672
151814493751872653
40868105966753018
10854504995217417
201768378878576874
289839091087234878
489361764754634528
593555447269858441
73972313244070008
42778509888862275
181845577012021568
966698257025483708
48873948724076565
178601214558174726
10698902370768778
867233284312675048
453492314660439941
329548923954984750
11192030896489782
96229332360361218
11443042255584
20052137767795834
146724512967370
427667345225724121
243717171914837572
20104838329655954
121882407084652
4813579560727222
171382950996866916
52947696304825
551627952038303937
657734576320105050
32547806133117107
8918851609305572
497871053641701660
324444521861007988
1021873655676
217726276918916414
234458005622353983
883439978525933820
623189122644972
16487094933169839
51646173517100870
3234960730527666
53201809844040825
245214118115836309
370978471266488940
21349869030868068
6095220169341349
442520988187855132
1501424617741692
635766497960409508
140410580260080459
71551907645977763
11277627434437985
14155393328577178
63308884712410782
27084555988570886
243474515291181196
184092893833525845
36330802739397330
674701266599061245
160620821485766675
291917158960410
124567186350568455
52712810540913055
88829770916865
4930626069712570
36914098426559891
1055758008788044815
1103857115560467831
10296955057475622
29633806470171245
2926851835500625
6480829701061123
4738183442431981
11605311937844622
127456774782554700
56021481183888247
37825662991565096
691312911237476237
16856341868602704
64827023515949380
289988618820249443
131010762771627388
95539809648750240
38833305910521960
8133387852387735
18581082699311488
563166176412646950
839777383038794592
306112736240408
14063828760898098
4146721529882834
8137799224304904
81130856265934706
908762378525065358
591579807043636014
44745252810531300
191318249227136830
375869168922645929
52200241246162970
84737499384975528
19080884987808424
12746941824938312
26581089600241604
830446173632646732
940202165556999582
294150376694290480
3303179352015950
427259724723269418
110763731442615328
624348916299108
41450221219800374
444906655622011746
4137231929403412
555032473135674450
264755656447414470
28426731880207484
36036169268458976
9917433941760455
627238712948809968
505045961835105913
257547165131036979
69701475448508940
276343273846274911
131216093679545114
478766521407169662
3739213849647083
238426672545241641
2328556104874978
40587821285813928
332573605374180
6360482949263326
43300836683933738
954580905078258640
78396648494226436
125601510193229385
385991409742792076
131414541000352780
63778635235771602
789547702000512314
302045835880353335
238816561119127310
727234951936417750
120275034699180130
217135562730946
531531130263151120
371026867471767516
787225734134165
437128747149900
59431945685845530
370928772912767
256761590540179971
61084626288881460
2819550986334024
55163700451261290
2414181591897746
405898037735983606
237902707134614774
1346403058426356
189631930558234362
387926038005614804
22027585793889944
95106952382551569
186856271853580640
647129777864184813
243922895400773565
65561934533618750
396660742911905074
162639582695623506
21661402551743833
626454441360845205
235680210104271786
95523278843767282
224065966469167100
717603234190570
6271368565892097
37497935295797924
237942013369849587
15585892931395930
48248492796512425
179644479130207282
141355746495023340
104530736012100251
29672847228856789
5143109072458506
214844609316469440
622242409721
