Case #1: 1264.9865910557623 1713.2741228718344 0.29394404839400956 
Case #2: 6.666666558885481E-5 1.5704821989452416E8 
Case #3: 1.1892252012987073E8 1.6924993844351184E8 5.762207977327813E8 1.714018914661399E7 
Case #4: 2.0122099857861467E7 1.1321133350516357E8 
Case #5: 4.3065093961943194E7 9010473.85828413 2.6701633908913875E8 267323.6463885469 
Case #6: 2.0396979537017787E8 2.6516487284997936E7 
Case #7: 4.926594823368481E8 1.1286495788732788E8 3.307494695529416E8 3.0554912615829813E8 
Case #8: 4.009954576591675E7 2.36528126215286E8 8.705695022423013E7 5.2446603223039664E7 2.1774519475940887E7 
Case #9: 3.955662584757958E7 4.1289120179266524E8 2.800495051181085E8 7524270.52764884 5.2130973354725015E8 4304829.434636883 
Case #10: 1.354035340329914E8 4.5919811276322976E7 495950.98088500137 
Case #11: 6.040738552330312E7 1660974.6997650363 
Case #12: 5.372340246190256E7 1101613.2390680385 8.778831535893635E7 
Case #13: 2.2767347389791372E8 6.064300648294758E7 1.4263568677814186E8 5.2655287333610214E7 1097125.5951231979 2.045453591604794E7 
Case #14: 2.074732791083504E8 2.447196398778792E8 
Case #15: 7.350942262050402E7 1.3500043714458413E7 1.2371200729600666E7 2394225.0122616733 1.6244663358701652E7 
Case #16: 1.677968997368445E8 3.878016751341836E7 4400190.910271273 1.3500751414026126E8 66155.29816740542 1.5993176776237693E8 5.303924711344197E7 2315555.3464502664 
Case #17: 4.598305265703262E7 7.224612513312287E8 5.913641818137674E8 2.641439428075301E7 3.315005035697909E8 3.770836155248919E7 8269559.466797815 1.757938271552708E8 8.848600457515565E7 
Case #18: 2.2741277271162456E8 1.1740885679772983E8 2.6459254629730523E7 
Case #19: 959289.4691048566 41741.24940781295 
Case #20: 3.3197179952157706E8 5.2422399041678146E7 
Case #21: 1.6729960190918833E8 9.207423321485001E8 
Case #22: 5.330866944501917E7 3551.165732407593 
Case #23: 1.8997995551676133E8 3.016494114205991E8 4.875324517290808E7 5.8072908663269475E7 5.866917347604406E8 3.5276417904166114E8 2.760994949938254E8 1.1389651361924626E8 
Case #24: 4.559239015836737E8 1351018.9225740088 4.5089414074943876E8 4.019072039166354E8 5.411297022487693E8 2.3551790039764574E8 7625712.045198876 3.287942432268221E7 6.214871964148849E8 4.153655474941055E8 
Case #25: 9091189.025919732 1.3458926294823843E8 4.6190621318265066E7 1.433392139251896E7 1.3329870056841466E8 7.98699698089735E7 
Case #26: 6.956062211972682E8 1.523837529367542E8 4.6836791023042664E7 2.9484051378754884E8 1.4732624886026758E8 5.730003020576928E8 
Case #27: 3.5597594358676946E8 5177411.703119617 2.3038923188976294E8 5.3573518404799396E8 6.840077552210877E8 3347801.7506738557 2.61093535230057E8 
Case #28: 1.51456555699386E8 5.465119086248968E7 
Case #29: 20221.087135354057 6061.639309620019 
Case #30: 3.000693604015669E8 2.0281864038886882E7 4.989123167949378E8 6.570221808858969E8 
Case #31: 4.206583416458668E7 2.55317611350759E7 2.9369257939791954E8 1.8118657727383533E8 
Case #32: 4.222751081822248E7 1.7875749724639922E7 1.2807611337457882E7 4.434329395363044E7 3.938131476878393E7 1.3413789745172578E8 1.696802492575109E8 2.2573292430861348E8 2.8450967059098624E7 
Case #33: 7.501713639863573E7 4350384.429279648 408399.2561154971 2.7103498841949844E8 914640.9608478409 1.3146839506354108E7 6.866773704404207E7 6.31366336187703E7 
Case #34: 1.3983917247035307E8 7.103730803947822E8 1.6427621280499452E8 1.3536834637110507E8 
Case #35: 5.0092458496394914E8 5.664836482688047E8 1.877167151663346E8 1.0834499419859153E8 7.45767526148048E7 3.8059400542501286E7 4.244786906540429E8 9.716173772648667E7 2.1110343963976115E8 
Case #36: 3.7397060801598415E7 4.438821335389033E7 
Case #37: 1.907437714437921E7 1.3006245826920776E8 567116.3871392816 
Case #38: 3.911769052078826E7 3.3159993022517467E8 2.9924754257408515E7 9.350496216550654E7 7232174.919818886 766559.4435818437 1.359124249179935E8 
Case #39: 3.720792310150604E7 5811356.05747802 1.9128329032547823E8 393275.92504065484 2307666.6168516744 
Case #40: 5.587470834575655E8 3.592479074153077E7 
Case #41: 2.9531300222342886E7 1.5335644938974202E7 1.7062632274449937E7 9.49139044604528E7 3.90934880569334E7 
Case #42: 1.9843440105933672E8 377681.5140392077 9.479263486932056E7 558609.7156122215 
Case #43: 2.5094636336760113E8 1.1336803298069015E7 1.6991290919269234E7 2.412430603382847E7 4.252140313346349E7 2.2508350038012892E8 
Case #44: 5.323804015167832E8 1.741456979526872E8 3.0847790954175018E7 4.316866595693036E8 
Case #45: 2.5997989827356845E8 2.6461063477057585E8 2.3063997851612335E8 8.479076010962762E7 
Case #46: 1.1030699251212588E8 2.552113718804669E7 3.276317744098484E7 7869483.246619904 3.468482345672908E7 
Case #47: 3.354498912369816E8 9.49125995842512E7 
Case #48: 3.66135521717292E8 2.2304518867632473E8 3.739907892865301E8 2.0870894021653246E7 3.4065118889715314E8 7000370.149302144 1.7752493464224684E8 1.1932968986490695E8 1.5260670806054318E8 
Case #49: 1.9617679737569717E8 3.7095961753725797E8 2.221340241087458E8 2.3987245813004565E8 4.9944396791594166E8 1.6689839658477888E8 
Case #50: 6.434115021235403E8 5.031545053145561E8 292605.1434957746 
Case #51: 2.2928213186194718E8 2.5016787602394E7 3.960646461603081E8 1.30333479797756E8 1.0695811050439432E8 5.588307904005331E7 2.5073900408638108E8 1.2344284868634646E8 9596532.405481596 
Case #52: 1.8203826933787473E7 2.392677508397857E8 111836.1037339681 1.8701618514138347E8 2399606.952510672 
Case #53: 1.5640011295516825E8 2.8080466086710528E7 1.0553591259762537E8 1.1552167003146822E7 6.579144523570295E7 1.4391193598034114E8 1.4037158902405095E8 8.559351153713235E7 
Case #54: 4.363142893538028E7 2.8071176730401404E7 1.7126513134970155E8 
Case #55: 1.3194221954354973E8 1.1140542412104481E8 1484517.2861194431 
Case #56: 1.3542120153490198E8 3.701632579621784E7 985159.6651018793 
Case #57: 162082.99464670883 3.858113072611753E8 
Case #58: 1.3065658865702325E8 4.4274264582702756E8 7.05980200818389E7 7.129223530125394E7 1.7652289782860535E8 1.1473190747379752E8 2.689294459464743E8 
Case #59: 1.4216410719562277E8 1.823586163507433E8 7.673326216439411E7 1.0510522881837714E8 1.8949637655266514E8 
Case #60: 5.963121131807388E7 1.0652291338944096E7 
Case #61: 107772.2000051121 2.6495426197510883E8 4.589047374699622E7 9.57520459099969E7 
Case #62: 2.198607297791258E8 1.3593119740327096E8 
Case #63: 9.325626964536592E7 2.142658103897139E7 3.840453498747732E7 1.3915566612828206E7 2833482.330809424 3.712007159743917E7 2.9128442610019185E7 
Case #64: 4.365452921047416E8 2.9408211942487884E8 1.2234893807301275E7 1.6068019614127678E8 4.801174262059525E7 7150070.18259985 1.7073025818367943E8 
Case #65: 1.7601036776085562E8 3.3902147027334905E8 
Case #66: 230952.78000005241 0.09189316257470637 174253.6543063824 1.6103861319364434E8 5.185692334635402E7 1.8202572435498264E7 1.4296650807103243E7 2.02735981198792E7 
Case #67: 8244802.606619978 2.245152002355519E8 6.860895980719504E7 2.2702377024333888E8 3.4534184709107065E8 2.157690584847316E8 1.6317197962012044E8 
Case #68: 9529740.098770324 1.0283440533792529E8 3.2954084499959797E7 1.3372248312101334E8 5.101193917334608E8 4.259642136366224E8 5.462974418460234E8 5.752912192022817E7 
Case #69: 1.305567993232556E7 1.799799171251424E8 1167814.8648337475 1.0689641998626989E8 7.427824342150724E7 
Case #70: 350906.0550175579 9.301894317971247E7 
Case #71: 1.7178947015980732E8 2.2026908907514018E8 2.376434547507526E7 1.8811037705180037E8 1153957.1026052393 3.842642332359246E7 3.624447087009108E8 4.71165299665699E8 7.556523572138989E7 
Case #72: 5.2739969049823594E8 2.7131617270043E8 3.846476619384709E8 9.631205022276212E7 7.629412343203038E8 792880.9042604938 5.613061727978323E7 1.4258055379941243E8 5.346814922855463E7 6.998409688903493E8 
Case #73: 2.1685202025578237E8 2.585090880522196E7 5.900704865745523E7 2.5692302598935926E8 6350062.086029213 4.993534968306427E8 2054294.9007217493 
Case #74: 6.249151758775299E8 1.1151514661838874E8 
Case #75: 8.520550509835119E8 5.0293096800373554E8 
Case #76: 2.629853209594026E8 3.538212729489491E8 
Case #77: 4.485503692181221E7 2.9533009278347594E8 5.042794729903564E8 1.6717614419862813E8 1.8174267259606537E8 2.829778318452285E8 2.755009462314909E8 1.6684482109846473E8 
Case #78: 1.9334053179508127E7 3.3067424391377404E7 8.54506815908472E7 3.845699181822838E7 349751.47849353217 1.166855156172885E8 2.279425747503361E7 1.0067826715742797E8 
Case #79: 3.8741316063385576E7 1.4313818663637659E7 2.512847733334315E7 1.5085613144571263E7 1.531817464982691E8 1.8986772410467707E7 7.80578823693676E7 
Case #80: 2.2689915882887967E7 9.934542130447638E7 6.882217374901646E7 1.0337923271058793E8 2.7819215885095175E7 3.765092099749395E7 
Case #81: 212572.7602391392 2.9522922644902736E8 2545809.9488493586 
Case #82: 374.94327568879817 7.152648226471865E7 3.792874969381517E7 4.5105631802929595E7 1.5569317919922661E7 2.93166109575014E7 1.3510500591316226E8 
Case #83: 7.46002738256318E7 4.056329838329927E7 1.1077676205343097E8 1.3377240416939888E7 5.0455627054812245E7 3.776173671357773E8 
Case #84: 1.3270061757516141E8 1.6437501613450414E8 1.1403473201241383E8 1.1150709906803039E8 2.5398673777752563E8 2.820011678206595E8 3.980619350131495E7 
Case #85: 3073.7370856349007 2.5151206526495042E8 2.9415904373463616E7 1062784.8057450699 2.068754368083881E8 5304638.519285563 8.787439961776309E7 2.542492848049689E8 2.2810647288113005E7 
Case #86: 247057.35866730264 1.2218476049275805E8 1.5612453046455175E7 7.524965878065452E7 1.2859810499632575E7 4.5103527123557866E7 7.769124647921826E7 2857328.6300243284 6794.816565406742 
Case #87: 4.346746185939596E7 9.180506378772104E7 
Case #88: 1.815569848118961E7 2.103648553333099E8 
Case #89: 1691892.4974932652 4.9515140983062424E7 
Case #90: 5.0832815686327234E7 1.9144840104811024E7 
Case #91: 2.1115999002519354E7 4.5762510245290184E8 
Case #92: 1.925693868381376E8 1.0575637574108583E8 7.488780043637218E7 3.466139967472196E8 7.153120061975225E8 1.2330695674163252E7 
Case #93: 2.835208023460725E7 1.390753439282303E8 4.061044914769046E7 3.882267939729002E8 222016.65143432934 
Case #94: 1.931097205377712E8 7.550739508556098E7 5413702.056222106 1.9544211911700565E8 1417025.805314511 
Case #95: 6.34921212193574E7 6.777733415010324E7 4.4336289454326296E8 3.191819117345588E8 3.609943838834393E8 2.684467001053276E8 1.6328611152924687E7 3462766.6901946603 
Case #96: 2.477262152568591E8 2.934870236990513E8 
Case #97: 4.253550917822641E8 4.187277488422373E8 
Case #98: 2.5772023859789348E8 1.2094316350326216E8 
Case #99: 5357649.305701975 1.529721044254684E8 2.868315183866983E7 1.901266751054532E8 5.542951413344616E7 5.300135922604426E7 1.2835045313647117E8 1.1131132489318486E8 4.8183932971969277E8 
Case #100: 643047.3106749458 1.2706011105118345E7 55412.11803191691 5.433580330985956E8 2.790016854436248E7 2.5761364192202172E8 3.7675075667351776E8 2.7505324761588454E8 
