Case #1: 1264.98659106 1713.27412287 0.29394405
Case #2: 0.00009107 157048219.89423475
Case #3: 118922520.12987071 169249938.44351187 576220797.73278140 17140189.14661398
Case #4: 20122099.85786147 113211333.50516355
Case #5: 43065093.96194318 9010473.85828413 267016339.08913870 267323.64638848
Case #6: 203969795.37017787 26516487.28499794
Case #7: 492659482.33684814 112864957.88732788 330749469.55294160 305549126.15829813
Case #8: 40099545.76591675 236528126.21528596 87056950.22423011 52446603.22303966 21774519.47594088
Case #9: 39556625.84757953 412891201.79266520 280049505.11810850 7524270.52764882 521309733.54725015 4304829.43463689
Case #10: 135403534.03299140 45919811.27632298 495950.98088500
Case #11: 60407385.52330311 1660974.69976505
Case #12: 53723402.46190244 1101613.23906807 87788315.35893634
Case #13: 227673473.89791370 60643006.48294775 142635686.77814180 52655287.33361020 1097125.59512317 20454535.91590188
Case #14: 207473279.10835043 244719639.87787923
Case #15: 73509422.62050402 13500043.71445844 12371200.72960066 2394225.01226164 16244663.35870166
Case #16: 167796899.73684448 38780167.51341839 4400190.91027127 135007514.14026130 66155.29816734 159931767.76237684 53039247.11344196 2315555.34645025
Case #17: 45983052.65703261 722461251.33122870 591364181.81376740 26414394.28075302 331500503.56979096 37708361.55248918 8269559.46679782 175793827.15527084 88486004.57515565
Case #18: 227412772.71162456 117408856.79772988 26459254.62973054
Case #19: 959289.46910491 41741.24940788
Case #20: 331971799.52157720 52422399.04167813
Case #21: 167299601.90918836 920742332.14850000
Case #22: 53308669.44501917 3551.16573241
Case #23: 189979955.51676130 301649411.42059910 48753245.17290808 58072908.66326959 586691734.76044060 352764179.04166114 276099494.99382540 113896513.61924624
Case #24: 455923901.58367366 1351018.92257401 450894140.74943864 401907203.91663540 541129702.24876950 235517900.39764577 7625712.04519909 32879424.32268219 621487196.41488500 415365547.49410546
Case #25: 9091189.02591972 134589262.94823843 46190621.31826498 14333921.39251895 133298700.56841463 79869969.80897349
Case #26: 695606221.19726840 152383752.93675417 46836791.02304266 294840513.78754884 147326248.86026758 573000302.05769280
Case #27: 355975943.58676950 5177411.70311966 230389231.88976288 535735184.04799400 684007755.22108770 3347801.75067386 261093535.23005700
Case #28: 151456555.69938603 54651190.86248968
Case #29: 20221.08713533 6061.63930965
Case #30: 300069360.40156690 20281864.03888688 498912316.79493770 657022180.88589690
Case #31: 42065834.16458537 25531761.13507590 293692579.39791970 181186577.27383533
Case #32: 42227510.81822248 17875749.72463993 12807611.33745789 44343293.95363044 39381314.76878392 134137897.45172578 169680249.25751093 225732924.30861348 28450967.05909838
Case #33: 75017136.39863572 4350384.42927964 408399.25611547 271034988.41949844 914640.96084776 13146839.50635408 68667737.04404207 63136633.61877032
Case #34: 139839172.47035307 710373080.39478230 164276212.80499446 135368346.37110507
Case #35: 500924584.96394920 566483648.26880460 187716715.16633460 108344994.19859149 74576752.61480480 38059400.54250130 424478690.65404290 97161737.72648667 211103439.63976118
Case #36: 37397060.80159855 44388213.35389032
Case #37: 19074377.14437920 130062458.26920775 567116.38713907
Case #38: 39117690.52078824 331599930.22517455 29924754.25740852 93504962.16550656 7232174.91981887 766559.44358184 135912424.91799350
Case #39: 37207923.10150604 5811356.05747804 191283290.32547823 393275.92504067 2307666.61685168
Case #40: 558747083.45756570 35924790.74153076
Case #41: 29531300.22234286 15335644.93897420 17062632.27444994 94913904.46045280 39093488.05693337
Case #42: 198434401.05933672 377681.51403922 94792634.86932054 558609.71561221
Case #43: 250946363.36760113 11336803.29806901 16991290.91926924 24124306.03382841 42521403.13346349 225083500.38012895
Case #44: 532380401.51678324 174145697.95268717 30847790.95417502 431686659.56930363
Case #45: 259979898.27356850 264610634.77057588 230639978.51612338 84790760.10962762
Case #46: 110306992.51212588 25521137.18804669 32763177.44098463 7869483.24661990 34684823.45672910
Case #47: 335449891.23698150 94912599.58425122
Case #48: 366135521.71729210 223045188.67632467 373990789.28653014 20870894.02165323 340651188.89715314 7000370.14930214 177524934.64224678 119329689.86490694 152606708.06054318
Case #49: 196176797.37569717 370959617.53725797 222134024.10874578 239872458.13004565 499443967.91594160 166898396.58477885
Case #50: 643411502.12354040 503154505.31455620 292605.14349578
Case #51: 229282131.86194718 25016787.60239398 396064646.16030810 130333479.79775600 106958110.50439432 55883079.04005331 250739004.08638096 123442848.68634644 9596532.40548158
Case #52: 18203826.93378749 239267750.83978570 111836.10373398 187016185.14138347 2399606.95251067
Case #53: 156400112.95516825 28080466.08671051 105535912.59762564 11552167.00314693 65791445.23570296 143911935.98034110 140371589.02405098 85593511.53713238
Case #54: 43631428.93538043 28071176.73040146 171265131.34970158
Case #55: 131942219.54354975 111405424.12104480 1484517.28611946
Case #56: 135421201.53490198 37016325.79621782 985159.66510187
Case #57: 162082.99464668 385811307.26117540
Case #58: 130656588.65702322 442742645.82702760 70598020.08183892 71292235.30125396 176522897.82860535 114731907.47379753 268929445.94647430
Case #59: 142164107.19562283 182358616.35074332 76733262.16439413 105105228.81837714 189496376.55266517
Case #60: 59631211.31807387 10652291.33894410
Case #61: 107772.20000514 264954261.97510890 45890473.74699611 95752045.90999687
Case #62: 219860729.77912580 135931197.40327096
Case #63: 93256269.64536592 21426581.03897139 38404534.98747732 13915566.61282831 2833482.33080938 37120071.59743917 29128442.61001919
Case #64: 436545292.10474160 294082119.42487884 12234893.80730128 160680196.14127678 48011742.62059525 7150070.18259983 170730258.18367940
Case #65: 176010367.76085562 339021470.27334910
Case #66: 230952.78000004 0.09190094 174253.65430644 161038613.19364434 51856923.34635399 18202572.43549829 14296650.80710316 20273598.11987928
Case #67: 8244802.60661996 224515200.23555186 68608959.80719504 227023770.24333882 345341847.09107060 215769058.48473160 163171979.62012044
Case #68: 9529740.09877034 102834405.33792523 32954084.49995979 133722483.12101336 510119391.73346080 425964213.63662230 546297441.84602360 57529121.92022817
Case #69: 13055679.93232558 179979917.12514234 1167814.86483376 106896419.98626989 74278243.42150721
Case #70: 350906.05501756 93018943.17971250
Case #71: 171789470.15980732 220269089.07514015 23764345.47507526 188110377.05179986 1153957.10260525 38426423.32359245 362444708.70091080 471165299.66569900 75565235.72138989
Case #72: 527399690.49823590 271316172.70043004 384647661.93847084 96312050.22276212 762941234.32030370 792880.90426049 56130617.27978322 142580553.79941240 53468149.22855462 699840968.89034940
Case #73: 216852020.25578230 25850908.80522196 59007048.65745519 256923025.98935932 6350062.08602925 499353496.83064270 2054294.90072174
Case #74: 624915175.87752970 111515146.61838874
Case #75: 852055050.98351190 502930968.00373554
Case #76: 262985320.95940260 353821272.94894910
Case #77: 44855036.92181220 295330092.78347594 504279472.99035645 167176144.19862813 181742672.59606534 282977831.84522850 275500946.23149090 166844821.09846473
Case #78: 19334053.17950811 33067424.39137738 85450681.59084722 38456991.81822837 349751.47849354 116685515.61728851 22794257.47503363 100678267.15742797
Case #79: 38741316.06338556 14313818.66363770 25128477.33334316 15085613.14457126 153181746.49826902 18986772.41046769 78057882.36936751
Case #80: 22689915.88288797 99345421.30447638 68822173.74901646 103379232.71058795 27819215.88509526 37650920.99749392
Case #81: 212572.76023915 295229226.44902740 2545809.94884945
Case #82: 374.94327564 71526482.26471864 37928749.69381517 45105631.80292955 15569317.91992266 29316610.95750137 135105005.91316226
Case #83: 74600273.82563178 40563298.38329925 110776762.05343097 13377240.41693988 50455627.05481226 377617367.13577735
Case #84: 132700617.57516141 164375016.13450417 114034732.01241383 111507099.06803036 253986737.77752563 282001167.82065960 39806193.50131495
Case #85: 3073.73708565 251512065.26495057 29415904.37346362 1062784.80574510 206875436.80838823 5304638.51928562 87874399.61776309 254249284.80496877 22810647.28811302
Case #86: 247057.35866729 122184760.49275807 15612453.04645518 75249658.78065455 12859810.49963258 45103527.12355787 77691246.47921823 2857328.63002434 6794.81656537
Case #87: 43467461.85939597 91805063.78772105
Case #88: 18155698.48118961 210364855.33330990
Case #89: 1691892.49749327 49515140.98306242
Case #90: 50832815.68632722 19144840.10481102
Case #91: 21115999.00251934 457625102.45290184
Case #92: 192569386.83813760 105756375.74108586 74887800.43637216 346613996.74721960 715312006.19752260 12330695.67416325
Case #93: 28352080.23460725 139075343.92823032 40610449.14769046 388226793.97290020 222016.65143433
Case #94: 193109720.53777122 75507395.08556096 5413702.05622209 195442119.11700565 1417025.80531451
Case #95: 63492121.21935742 67777334.15010324 443362894.54326296 319181911.73455880 360994383.88343920 268446700.10532760 16328611.15292467 3462766.69019460
Case #96: 247726215.25685906 293487023.69905140
Case #97: 425355091.78226423 418727748.84223720
Case #98: 257720238.59789348 120943163.50326215
Case #99: 5357649.30570198 152972104.42546830 28683151.83866984 190126675.10545206 55429514.13344614 53001359.22604426 128350453.13647118 111311324.89318486 481839329.71969270
Case #100: 643047.31067498 12706011.10511799 55412.11803197 543358033.09859560 27900168.54436247 257613641.92202170 376750756.67351780 275053247.61588454
