Case #1: our language is impossible to understand
Case #2: there are twenty six factorial possibilities
Case #3: so it is okay if you want to just give up
Case #4: xoggk d yl wxo vkkvgo ekso uyl wonw sywy
Case #5: xkf yto akj
Case #6: yabba dabba yabba dabba yabba dabba yabba dabba yabba dabba yabba dabba yabba dabba yabba dooooooooo
Case #7: a b c d e f g h i j k l m n o p q r s t u v y w x y z now i know my abcs
Case #8: next time wont you sing with me
Case #9: for those who speak in a tongue do not speak to other people
Case #10: nobody understands them since they are speaking mysteries in the spirit
Case #11: greetings cheese popsicle the number you have dialed is currently out of porkchops
Case #12: right i forgot here in the states you call it a sausage in the mouth
Case #13: buff tryndamere and amumu
Case #14: you know you want to
Case #15: swift as the wind quiet as the forest steady as the mountain
Case #16: by the pricking of my thumbs something wicked this way comes
Case #17: how are you holding up because im a potato
Case #18: now that you know googlerese please do not use it to hack into our systems
Case #19: oh nooooo goggalor is headed for the orphanage
Case #20: oh my god lets make out
Case #21: oh yeah alright were gonna shake it up with the party bear tonight
Case #22: i have bested fruit spike and moon now i shall best you the guy
Case #23: you pissed off the chicken lady
Case #24: pneumonoultramicroscopicsilicovolcanoconiosis
Case #25: translating text is not goros strength
Case #26: strength is goros strength
Case #27: dr zaius dr zaius dr zaius dr zaius ooooooooooooh dr zaius
Case #28: you better cut the pizza in four pieces because im not hungry enough to eat six
Case #29: friends dont let friends let scientific progress go boink
Case #30: all your base are belong to error the spoony bard
