Case #1: 33.333333333333336 66.66666666666667
Case #2: 0.0 100.0
Case #3: 25.0 25.0 25.0 25.0
Case #4: 34.666666666666664 26.666666666666668 38.666666666666664
Case #5: 20.000000000000004 0.0 20.000000000000004 20.000000000000004 20.000000000000004 20.000000000000004
Case #6: 25.09157509157509 0.0 0.0 24.725274725274726 0.0 25.09157509157509 25.09157509157509
Case #7: 14.285714285714286 14.285714285714286 14.285714285714286 14.285714285714286 14.285714285714286 14.285714285714286 14.285714285714286
Case #8: 12.5 12.5 12.5 12.5 12.5 12.5 12.5 12.5 0.0
Case #9: 38.63636363636363 61.36363636363637
Case #10: 33.333333333333336 66.66666666666667
Case #11: 0.0 33.78684807256236 33.10657596371882 33.10657596371882 0.0
Case #12: 0.0 100.0
Case #13: 26.466165413533837 23.45864661654136 2.406015037593987 25.71428571428572 21.954887218045116
Case #14: 14.466165413533837 16.99248120300752 11.939849624060152 17.413533834586467 18.045112781954888 8.781954887218047 12.3609022556391
Case #15: 10.0 10.0 10.0 10.0 10.0 10.0 10.0 10.0 10.0 10.0
Case #16: 11.953551912568308 10.724043715846996 10.724043715846996 11.338797814207652 0.0 12.363387978142077 11.133879781420767 11.953551912568308 9.699453551912569 10.10928961748634
Case #17: 54.8780487804878 45.1219512195122
Case #18: 17.303822937625757 0.40241448692152976 17.303822937625757 14.768611670020121 16.458752515090545 17.585513078470825 16.177062374245473
Case #19: 50.0 50.0
Case #20: 5.288640595903167 18.324022346368714 15.716945996275605 16.461824953445067 5.288640595903167 8.454376163873372 9.757914338919926 10.502793296089386 3.9851024208566117 6.2197392923649915
