Case #1: 805 941 908 841 755 226
Case #2: 384 50 128 675
Case #3: Impossible
Case #4: 49 53 636 957
Case #5: 785 357 149 126 503 654 435
Case #6: 896 606 760 832 608 598 421
Case #7: 259 311 200 826 861 185
Case #8: Impossible
Case #9: 224 266 156 580 822 49 974 780
Case #10: Impossible
Case #11: Impossible
Case #12: Impossible
Case #13: Impossible
Case #14: Impossible
Case #15: 454 253 388 691 188 234 980 709
Case #16: 409 845
Case #17: Impossible
Case #18: 606 205 795 171 140 468 564 547 502
Case #19: 846 692 9 703 517 17 603 715
Case #20: 562 530 368 191 179 251 59 16 133 746
Case #21: Impossible
Case #22: Impossible
Case #23: 506 626 908 703 618 516 18
Case #24: Impossible
Case #25: Impossible
Case #26: Impossible
Case #27: Impossible
Case #28: Impossible
Case #29: 317 427 200 157 629 767 834 423 55
Case #30: Impossible
