Case #1: 10000 9900 9800 9700 9600 9500
Case #2: 10000 9900 9700 9800
Case #3: Impossible
Case #4: 10000 9700 9800 9900
Case #5: 10000 9600 9700 9800 9900
Case #6: 10000 9900 9800 9600 9700
Case #7: Impossible
Case #8: Impossible
Case #9: 10000 9900
Case #10: Impossible
Case #11: Impossible
Case #12: Impossible
Case #13: Impossible
Case #14: 9500 9600 9400 9200 9300
Case #15: Impossible
Case #16: Impossible
Case #17: 9300 9400 9100 9200 9000 8800 8900
Case #18: 10000 9900 9800 9700 9600 9500 9400 9300 9100 9200
Case #19: Impossible
Case #20: 10000 9900 9800 9700 9600 9500 9400 9300 9200 9100
Case #21: Impossible
Case #22: 6200 5700 5600 5800 6000 6100 5900 6300 6400
Case #23: 9000 9100 8700 8300 8200 8400 8600 8500 8800 8900
Case #24: Impossible
Case #25: 10000 9700 9800 9900 9500 9600 9400
Case #26: Impossible
Case #27: Impossible
Case #28: Impossible
Case #29: Impossible
Case #30: Impossible
