Case #1: 19 345 620 774 600 46
Case #2: 315 396 353 797
Case #3: Impossible
Case #4: 949 337 313 76
Case #5: 816 224 470 427 375
Case #6: 843 672 727 319 959
Case #7: Impossible
Case #8: Impossible
Case #9: 276 101
Case #10: Impossible
Case #11: Impossible
Case #12: Impossible
Case #13: Impossible
Case #14: 514 618 155 63 241
Case #15: Impossible
Case #16: Impossible
Case #17: 216 722 26 817 667 68 854
Case #18: 909 576 576 573 612 547 148 240 141 879
Case #19: Impossible
Case #20: Impossible
Case #21: Impossible
Case #22: 942 70 85 400 593 727 252 837 876
Case #23: 189 860 755 106 124 521 858 275 942 974
Case #24: Impossible
Case #25: 777 420 767 817 216 702 445
Case #26: Impossible
Case #27: Impossible
Case #28: Impossible
Case #29: Impossible
Case #30: Impossible
