Case #1: 148 829 962 910 723 41
Case #2: 837 597 12 459
Case #3: Impossible
Case #4: 726 545 854 929
Case #5: 743 658 328 303 816 934 244
Case #6: 698 584 896 999 397 629 341
Case #7: 92 56 144 659 503 296
Case #8: Impossible
Case #9: 281 226 140 579 758 238 788 46
Case #10: Impossible
Case #11: Impossible
Case #12: Impossible
Case #13: Impossible
Case #14: Impossible
Case #15: 825 654 678 785 706 393 926 120
Case #16: 0 675
Case #17: Impossible
Case #18: 346 210 895 195 45 275 282 155 23
Case #19: 925 422 345 764 724 199 601 674
Case #20: 921 398 353 89 168 270 148 47 77 758
Case #21: Impossible
Case #22: Impossible
Case #23: 143 153 397 278 385 468 16
Case #24: Impossible
Case #25: Impossible
Case #26: Impossible
Case #27: Impossible
Case #28: 935 656 209 8 17 253 382 429 409 370
Case #29: 513 668 121 332 740 909 844 294 25
Case #30: Impossible
