Case #1: 1264.9865910557628 1713.274122871835 0.293944048392354
Case #2: 9.106873312703101E-5 1.5704821989423475E8
Case #3: 2.5189906376830485E8 3.710270934480874E7 7.911282626561491E7 1854785.4084811374 76272.10563518433 1.5576841688455895E8 156224.36179510597 1.734005506880629E7 1.0137773862327576E8
Case #4: 1.6514321922981841E7 2780657.1350045186 3.011157499479544E8 1.740748509938592E7 1.481769320931899E7 6.6096632214890435E7 2.5622645326886743E8 374902.77530124295 1.402616665705266E8
Case #5: 5.463441216727726E7 3.0302752899179064E7 325113.78966297954 6.759822852422169E7 304869.28050695686 260714.05648918496 6.289072005171595E7 1.958819044087613E7 8180600.799414079 4.032726878150459E7
Case #6: 4.835013777033661E8 1.9389122753931126E8 2.1392132826677603E8 1.1231328527794762E8 2.8692934659510815E8 7.38638826999108E7 1.592317198102978E8 3.539951336143611E8
Case #7: 1.3479447328624916E8 743032.0506028505 6.2095758628795184E7 2467879.8230825644 4.030402399802606E8 3.07638365425598E8 1.713261210811118E8
Case #8: 5.604326851842483E7 2.3126864779726037E8
Case #9: 5.036558028809329E8 7.142115973792572E8
Case #10: 1.7818407463347074E8 1.4966047309297356E8 8.671094571444976E7 2.3568063149869192E8
Case #11: 3160827.294711785 3.072764052398926E8
Case #12: 1.5845648147605833E8 2.209177175756091E8 5769937.097388673 2.652550635962594E8 3.3059857141248167E8 11.468805741795222 3.913755831444593E7
Case #13: 2.1369593816053346E8 1.7993123857959116E8 1.0150273754025386E8
Case #14: 1.1848699478586984E8 5212824.551658629 5.552268477569788E8
Case #15: 1.5493978320257097E7 1.2251099938475439E8 6.6461467828115456E7 2526104.0717883445
Case #16: 2754428.381057409 2.875086453730422E8
Case #17: 1.517249849186223E8 1.2079156047704428E7 2.1691820831530863E8 24553.459106004448 1.1330765592166986E7
Case #18: 2.3854416547109267E8 1.2563184276993313E8 9.167978940076365E7 1.6685006518030727E8 2.4082039022783303E8 7.493115230287895E7 3.622125382135204E8 9.077930287266862E7
Case #19: 3.0725725475028176E7 1.244745814849939E8 2641646.6117024836 2.437107054958309E8 499971.8380667134 4675947.522496481 4.96419990978498E7 8.264217088539173E7 1.7890344423324662E8
Case #20: 7.320097469503139E7 2.0666549930397585E7 2.5269755540164554E8 1.3656794390408465E8 1.7997535916172326E8 5.148723073860704E7 2.816299091730869E8 1.0115982843161583E8
Case #21: 3.72174662587405E7 1.6638136316585407E7
Case #22: 3.42368346360592E8 2.214108126038903E7
Case #23: 2.6070873602948587E7 6.305857062069638E8 1.0832987922235365E8 7.618293498306155E7 1.3942161732864542E7 1.034105576568577E8
Case #24: 3807716.2166550085 2.2252468587605428E7 1.0323898811954625E8 7.324675731885134E7
Case #25: 2.3354990457342237E7 1.2489608418690641E8
Case #26: 3.0367958883887154E8 4.273272987653737E8 3.2271441734616153E7 2.5734060771480066E8 5.524583134755495E8 5.614225987965014E8 2.6033751557810467E8 7.836213053230215E8 5.6773122974784926E7
Case #27: 3.977207976773337E8 7.901312402214198E8 5.577367654815097E8 8.290106823293892E7 1.7627654050549498E8 2.9712850357965264E7 2.383811141032244E8 4.541879599771808E7
Case #28: 2.942234059157727E8 650659.0369381756
Case #29: 5.445556624622283E7 2.479911469150901E8 2.6065918360013694E7 3.652130256130443E8 8880995.55246647 8.33447842573989E7 6.86211018458235E8 6.539999231867766E8 5.740131389407574E8
Case #30: 1.2215180374815825E8 1.622323050350349E8 2.1075116330320317E8 8516450.38889594 4.348122768245158E7 1.4132934188344723E8 8.249626743945085E7 5.147763925434262E7 4.2872521233900264E7
Case #31: 3.446585148008319E8 1.5074373161985594E8 4.50435964359525E7 9.247273392501451E7
Case #32: 4.8072933804504806E8 5.384575548873073E8 1.908386282213157E8 5.1784851737283856E8 2.9549386807436746E8 2.9285332374771357E8 3.4041236024684954E8 8.201822701018289E8
Case #33: 318852.9868541118 3.8014983554717705E7 2.4943903351851732E8 1.78562632467868E7 1.3704930599944317E8 2.772022834142457E8 3.033400932231934E7 6371023.632617435 259.06282581196865 1.9681439996649664E7
Case #34: 944654.6146176644 1.036016064415538E8 2.3362851070428587E7 8.412310736003771E7
Case #35: 1.9107048377761924E8 7.538043372954045E7 1.4705665532848477E8
Case #36: 1.0128685575293915E8 1.097481179707864E8 2.173721582152613E7 2.432935516080164E8 2.7583533794468142E7 4.601222855519821E7
Case #37: 1.2315315273587766E8 8.156181431492552E7
Case #38: 7554594.412314647 2.258613407250932E7
Case #39: 4.5605696440566964E7 2.4672679322478335E7 2.5482349095320534E7 1.122099947454713E7 1.1690642043966638E7
Case #40: 7609105.296805114 6.795129717306356E7 5005435.169692688 5.681436882568172E7 921.7499319327762
Case #41: 2.6027654265764558E8 1.5242824673609868E8
Case #42: 2.7078824446249276E8 8.426449775314742E7 2.4350028498069584E8 9.335031909645721E7 6.284028984615112E7 8145806.28618398 9.03106777795904E7 3571.362667742651
Case #43: 1.529997967279849E8 2.206730756940051E8 2.163261846065001E8 8.20349845062907E7 3.848847469425292E8 7.323037649465503E8
Case #44: 1.2109062584337191E8 8.534844483090702E7 3.526092896809505E7 3.910034321693687E7 1.3700381258808303E8
Case #45: 1.492362660474452E7 2.809717205847601E8
Case #46: 4.306597591234746E8 2.440685276885651E7 8315609.0751530565 9.452447055004737E7
Case #47: 5.92517607037906E7 1.4809420500081623E8 1.5466535689270422E8 2.867230228700151E8 5.063285307807468E8
Case #48: 3.4789470304805934E7 1160680.0016399473
Case #49: 23666.247196532386 1.0990522678185585E8
Case #50: 1.904808495760857E8 4.8645143858120196E7 1.174342886104022E8 1.789321269145791E8 1.979043966538811E7 1.6649277529061687E8 1.6754590994846958E8
Case #51: 2.4726299878000796E7 1.5392160891803238E8 1.7599669043441333E7
Case #52: 1.057677506366635E7 2.373885211009364E8
Case #53: 3.908599731715393E8 6.754469626243241E8 6.83119763566552E7 5.1803435108053505E8 2.408800591269492E8 4.2505494292485327E8 9.306507881028247E7 1.6956219037036562E8 4247643.458732398
Case #54: 1.734303755653429E8 6.563275264609456E7 7.122372930434784E7 4.0312148299655244E7 9095324.277646385 2.252639428143006E8 5765421.847769871
Case #55: 1.7364563772243994E8 3.764836046815603E8
Case #56: 3262110.7073406 15907.583903536666 278993.8738769083
Case #57: 1.8830713203748055E7 8.584653154060617E7 4.121040431396075E7 2.3414252931694376E8 1.1591146766830859E8 1.0504082335414168E8 4.2602454789095825E8
Case #58: 9.802087322581922E7 1.319411028566613E7 5.398394205313961E7 1.538284011911975E8 1.897436674417778E8 3124066.7429349376 4.069875157214077E7 1.474891328999805E8
Case #59: 8.480106667921337E7 2.342803576283729E7 1.5926474656568797E7 7342711.713639687 2222400.5341524463 6567840.871968273 1.3182855253917755E8
Case #60: 1.0814174056841516E8 2.6476181815133605E7
Case #61: 3.935730510355925E8 1.7606193056601137E7
Case #62: 4.095560789487935E7 1.679841818817673E8 2.9423757512446654E8 1.489677769711115E7 4.42767516218251E8
Case #63: 5.887832125442008E8 2.1359735417663285E8 5.782530658992138E8
Case #64: 5.857857496154763E7 1.7792357517512894E8
Case #65: 2.321944141900706E8 1.4621166066734695E8 6.400586915217816E7 1.5773235349498296E8 3.2291874087579066E8 1.9636488548471637E7
Case #66: 9.92549647811262E7 4.790860418884729E7 5.2074927873678446E7 17649.093154374277 1.7536860518075457E8 2.275439701281367E8 2.6605384199078083E7 2.3645728012268847E8
Case #67: 2.2217382041317058E8 3.0491015274760418E7
Case #68: 1.6207612474026668E8 4.887871617182618E7 7.542613268621954E7 1.388770779505282E8 2108148.405158559
Case #69: 4.0244040285534215E8 3.4966569572014105E8 5.159822804247727E7 3.59916351774549E8 6.668800424485488E8 1.1901976263981883E8 2.341804253781836E8
Case #70: 7.194224589895503E7 2.1310719926724672E8
Case #71: 118.68558422429487 1.044806766692796E8 6654.296060925233 1472627.8518645 1.67903976266519E8
Case #72: 3.3513493066702783E8 1.7668872274699688E8 3.4811857882474977E8 2.776234758012096E7 5.0464315672073916E7
Case #73: 2.93591457511098E8 3.3824510528017265E8 4.9207025572221637E8 2.960186241217794E8 6.4716461226280406E7 9.141393101724565E8
Case #74: 6.719769651416454E8 3.67734178324911E8 7.770973160970826E7 3.065646043467902E8
Case #75: 1.5378236454522671E7 1.8525409413915986E8 2.052175856520422E8 3.406058104362639E8 1.3220598276477015E8 2.1580677615298074E8 8.254923663694866E7
Case #76: 1.6730379930662665E8 4.3407390185895383E8 1.6264641215045137E7 5.955003855094899E7 9.437277424741979E7 7.737161731866543E8 4.398463471088698E7
Case #77: 4.518280912677055E8 1.274147892706295E7 4.418416356979211E7 1.0423975372962177E8
Case #78: 6.263457873499985E7 2.0570489719662806E8
Case #79: 330.6839979131182 7.30810592299323E7 1.5801396177651656E8
Case #80: 3.766727083365607E7 6.45909732185316E7 1.346172109279682E8 6.742659044583668E7 9.928547561265036E7 1.3595458570076644E8
Case #81: 2.761478731994239E8 2.3451038623706162E8 2.8753511848191947E8 1.312787499236733E8 3.2882922764662825E7 2.4644031763378116E8 6.744229771564281E7 3.994861460731503E7
Case #82: 6.568547202561946E7 1.2254718098849708E7
Case #83: 1.1212849962145751E7 4566924.985840816 7.50727615666855E7 1395227.091992281 3.819665376444159E7 1.2674163071045604E8 5319054.320427204 6.859871016666427E7 8.62231217447252E7
Case #84: 2.513546208776563E8 3.786368242814848E8 3.964530382577051E8 6.82157648954417E7 1.2327919390497845E8 4.3574185550890096E7 3.089462834301952E8
Case #85: 7251463.927360004 3.772194806177658E8
Case #86: 8.359326769232222E8 4.728568037978526E8 3.018957785333008E8 2.2074960442451164E8 5.1386215129257336E7 2.1423346777839944E8
Case #87: 4.736364092234153E8 2.619541016456859E7
Case #88: 5.327454929130994E7 3.30830906977267E8 3.399689287127362E7 6.009167242418898E7
Case #89: 32.745678090213914 1.7875131769038963E8
Case #90: 5.167315619457778E8 5.355841134017021E7 3.4277078512931323E8 3.903137390006534E7
Case #91: 1.877117757729654E8 3.458001294920668E8 1.2081800822942758E8 1.5464885779380608E8 1.830884802116224E8 2.9582417448287576E7 2.9334170031957096E8 1.6119768070569122E8
Case #92: 1.1276968802704128E7 4.3997276070470706E7
Case #93: 9.795683170009908E7 1.8535092911363778E8
Case #94: 1.3003503165328525E7 5.269512710873492E7
Case #95: 6.376396595039027E8 7722.910768750473 5.780787456511237E7 6.352002402843466E8 3.437997351517642E8 3.260544466021246E7
Case #96: 4.72400669583977E7 3.5515086812217236E7 5.642698262955599E8 9562304.44129683 9.255499513341017E7
Case #97: 2.0938642764607906E8 1.4725847122926196E7 7.485819389960402E8
Case #98: 39444.51696811034 4.7942807686726564E8 17040.756313807564 1.2962108563257135E7 2.928438976904938E7 15770.745242276695
Case #99: 889405.9534795057 1.2961236222389817E8 2.574921413399344E8 1.95730696040194E8 1.2734593044786952E7 4.26804237968491E7 5.329054938321075E8 1.753367426243877E8 16504.886762575654
Case #100: 4.2271838442886695E7 2.85577081487904E8 6.3869971619594544E7
