Case #1: 1264.98659106 1713.27412287 0.29394405
Case #2: 0.00009107 157048219.89423475
Case #3: 251899063.76830485 37102709.34480874 79112826.26561491 1854785.40848114 76272.10563518 155768416.88455895 156224.36179511 17340055.06880629 101377738.62327576
Case #4: 16514321.92298184 2780657.13500452 301115749.94795440 17407485.09938592 14817693.20931899 66096632.21489044 256226453.26886743 374902.77530124 140261666.57052660
Case #5: 54634412.16727726 30302752.89917906 325113.78966298 67598228.52422169 304869.28050696 260714.05648918 62890720.05171595 19588190.44087613 8180600.79941408 40327268.78150459
Case #6: 483501377.70336610 193891227.53931126 213921328.26677603 112313285.27794762 286929346.59510815 73863882.69991080 159231719.81029780 353995133.61436110
Case #7: 134794473.28624916 743032.05060285 62095758.62879518 2467879.82308256 403040239.98026060 307638365.42559800 171326121.08111180
Case #8: 56043268.51842483 231268647.79726037
Case #9: 503655802.88093290 714211597.37925720
Case #10: 178184074.63347074 149660473.09297356 86710945.71444976 235680631.49869192
Case #11: 3160827.29471178 307276405.23989260
Case #12: 158456481.47605833 220917717.57560910 5769937.09738867 265255063.59625940 330598571.41248167 11.46880574 39137558.31444593
Case #13: 213695938.16053346 179931238.57959116 101502737.54025386
Case #14: 118486994.78586984 5212824.55165863 555226847.75697880
Case #15: 15493978.32025710 122510999.38475439 66461467.82811546 2526104.07178834
Case #16: 2754428.38105741 287508645.37304220
Case #17: 151724984.91862230 12079156.04770443 216918208.31530863 24553.45910600 11330765.59216699
Case #18: 238544165.47109267 125631842.76993313 91679789.40076365 166850065.18030727 240820390.22783303 74931152.30287895 362212538.21352040 90779302.87266862
Case #19: 30725725.47502818 124474581.48499390 2641646.61170248 243710705.49583090 499971.83806671 4675947.52249648 49641999.09784980 82642170.88539173 178903444.23324662
Case #20: 73200974.69503139 20666549.93039758 252697555.40164554 136567943.90408465 179975359.16172326 51487230.73860704 281629909.17308690 101159828.43161583
Case #21: 37217466.25874050 16638136.31658541
Case #22: 342368346.36059200 22141081.26038903
Case #23: 26070873.60294859 630585706.20696380 108329879.22235365 76182934.98306155 13942161.73286454 103410557.65685770
Case #24: 3807716.21665501 22252468.58760543 103238988.11954625 73246757.31885134
Case #25: 23354990.45734224 124896084.18690641
Case #26: 303679588.83887154 427327298.76537370 32271441.73461615 257340607.71480066 552458313.47554950 561422598.79650140 260337515.57810467 783621305.32302150 56773122.97478493
Case #27: 397720797.67733370 790131240.22141980 557736765.48150970 82901068.23293892 176276540.50549498 29712850.35796526 238381114.10322440 45418795.99771808
Case #28: 294223405.91577270 650659.03693818
Case #29: 54455566.24622283 247991146.91509010 26065918.36001369 365213025.61304430 8880995.55246647 83344784.25739890 686211018.45823500 653999923.18677660 574013138.94075740
Case #30: 122151803.74815825 162232305.03503490 210751163.30320317 8516450.38889594 43481227.68245158 141329341.88344723 82496267.43945085 51477639.25434262 42872521.23390026
Case #31: 344658514.80083190 150743731.61985594 45043596.43595250 92472733.92501451
Case #32: 480729338.04504806 538457554.88730730 190838628.22131570 517848517.37283856 295493868.07436746 292853323.74771357 340412360.24684954 820182270.10182890
Case #33: 318852.98685411 38014983.55471770 249439033.51851732 17856263.24678680 137049305.99944317 277202283.41424570 30334009.32231934 6371023.63261744 259.06282581 19681439.99664966
Case #34: 944654.61461766 103601606.44155380 23362851.07042859 84123107.36003771
Case #35: 191070483.77761924 75380433.72954045 147056655.32848477
Case #36: 101286855.75293915 109748117.97078640 21737215.82152613 243293551.60801640 27583533.79446814 46012228.55519821
Case #37: 123153152.73587766 81561814.31492552
Case #38: 7554594.41231465 22586134.07250932
Case #39: 45605696.44056696 24672679.32247834 25482349.09532053 11220999.47454713 11690642.04396664
Case #40: 7609105.29680511 67951297.17306356 5005435.16969269 56814368.82568172 921.74993193
Case #41: 260276542.65764558 152428246.73609868
Case #42: 270788244.46249276 84264497.75314742 243500284.98069584 93350319.09645721 62840289.84615112 8145806.28618398 90310677.77959040 3571.36266774
Case #43: 152999796.72798490 220673075.69400510 216326184.60650010 82034984.50629070 384884746.94252920 732303764.94655030
Case #44: 121090625.84337191 85348444.83090702 35260928.96809505 39100343.21693687 137003812.58808303
Case #45: 14923626.60474452 280971720.58476010
Case #46: 430659759.12347460 24406852.76885651 8315609.07515306 94524470.55004737
Case #47: 59251760.70379060 148094205.00081623 154665356.89270422 286723022.87001510 506328530.78074680
Case #48: 34789470.30480593 1160680.00163995
Case #49: 23666.24719653 109905226.78185585
Case #50: 190480849.57608570 48645143.85812020 117434288.61040220 178932126.91457910 19790439.66538811 166492775.29061687 167545909.94846958
Case #51: 24726299.87800080 153921608.91803238 17599669.04344133
Case #52: 10576775.06366635 237388521.10093640
Case #53: 390859973.17153930 675446962.62432410 68311976.35665520 518034351.08053505 240880059.12694920 425054942.92485327 93065078.81028247 169562190.37036562 4247643.45873240
Case #54: 173430375.56534290 65632752.64609456 71223729.30434784 40312148.29965524 9095324.27764638 225263942.81430060 5765421.84776987
Case #55: 173645637.72243994 376483604.68156030
Case #56: 3262110.70734060 15907.58390354 278993.87387691
Case #57: 18830713.20374806 85846531.54060617 41210404.31396075 234142529.31694376 115911467.66830859 105040823.35414168 426024547.89095825
Case #58: 98020873.22581922 13194110.28566613 53983942.05313961 153828401.19119750 189743667.44177780 3124066.74293494 40698751.57214077 147489132.89998050
Case #59: 84801066.67921337 23428035.76283729 15926474.65656880 7342711.71363969 2222400.53415245 6567840.87196827 131828552.53917755
Case #60: 108141740.56841516 26476181.81513360
Case #61: 393573051.03559250 17606193.05660114
Case #62: 40955607.89487935 167984181.88176730 294237575.12446654 14896777.69711115 442767516.21825100
Case #63: 588783212.54420080 213597354.17663285 578253065.89921380
Case #64: 58578574.96154763 177923575.17512894
Case #65: 232194414.19007060 146211660.66734695 64005869.15217816 157732353.49498296 322918740.87579066 19636488.54847164
Case #66: 99254964.78112620 47908604.18884729 52074927.87367845 17649.09315437 175368605.18075457 227543970.12813670 26605384.19907808 236457280.12268847
Case #67: 222173820.41317058 30491015.27476042
Case #68: 162076124.74026668 48878716.17182618 75426132.68621954 138877077.95052820 2108148.40515856
Case #69: 402440402.85534215 349665695.72014105 51598228.04247727 359916351.77454900 666880042.44854880 119019762.63981883 234180425.37818360
Case #70: 71942245.89895503 213107199.26724672
Case #71: 118.68558422 104480676.66927960 6654.29606093 1472627.85186450 167903976.26651900
Case #72: 335134930.66702783 176688722.74699688 348118578.82474977 27762347.58012096 50464315.67207392
Case #73: 293591457.51109800 338245105.28017265 492070255.72221637 296018624.12177940 64716461.22628041 914139310.17245650
Case #74: 671976965.14164540 367734178.32491100 77709731.60970826 306564604.34679020
Case #75: 15378236.45452267 185254094.13915986 205217585.65204220 340605810.43626390 132205982.76477015 215806776.15298074 82549236.63694866
Case #76: 167303799.30662665 434073901.85895383 16264641.21504514 59550038.55094899 94372774.24741979 773716173.18665430 43984634.71088698
Case #77: 451828091.26770550 12741478.92706295 44184163.56979211 104239753.72962177
Case #78: 62634578.73499985 205704897.19662806
Case #79: 330.68399791 73081059.22993230 158013961.77651656
Case #80: 37667270.83365607 64590973.21853160 134617210.92796820 67426590.44583668 99285475.61265036 135954585.70076644
Case #81: 276147873.19942390 234510386.23706162 287535118.48191947 131278749.92367330 32882922.76466282 246440317.63378116 67442297.71564281 39948614.60731503
Case #82: 65685472.02561946 12254718.09884971
Case #83: 11212849.96214575 4566924.98584082 75072761.56668550 1395227.09199228 38196653.76444159 126741630.71045604 5319054.32042720 68598710.16666427 86223121.74472520
Case #84: 251354620.87765630 378636824.28148480 396453038.25770510 68215764.89544170 123279193.90497845 43574185.55089010 308946283.43019520
Case #85: 7251463.92736000 377219480.61776580
Case #86: 835932676.92322220 472856803.79785260 301895778.53330080 220749604.42451164 51386215.12925734 214233467.77839944
Case #87: 473636409.22341530 26195410.16456859
Case #88: 53274549.29130994 330830906.97726700 33996892.87127362 60091672.42418898
Case #89: 32.74567809 178751317.69038963
Case #90: 516731561.94577780 53558411.34017021 342770785.12931323 39031373.90006534
Case #91: 187711775.77296540 345800129.49206680 120818008.22942758 154648857.79380608 183088480.21162240 29582417.44828758 293341700.31957096 161197680.70569122
Case #92: 11276968.80270413 43997276.07047071
Case #93: 97956831.70009908 185350929.11363778
Case #94: 13003503.16532852 52695127.10873492
Case #95: 637639659.50390270 7722.91076875 57807874.56511237 635200240.28434660 343799735.15176420 32605444.66021246
Case #96: 47240066.95839770 35515086.81221724 564269826.29555990 9562304.44129683 92554995.13341017
Case #97: 209386427.64607906 14725847.12292620 748581938.99604020
Case #98: 39444.51696811 479428076.86726564 17040.75631381 12962108.56325714 29284389.76904938 15770.74524228
Case #99: 889405.95347951 129612362.22389817 257492141.33993440 195730696.04019400 12734593.04478695 42680423.79684910 532905493.83210750 175336742.62438770 16504.88676258
Case #100: 42271838.44288670 285577081.48790400 63869971.61959454
